Log file open, 10/18/20 15:18:28
LogInit: Display: Running engine for game: FPSMultiplayerTemplate3
LogPlatformFile: Not using cached read wrapper
LogTaskGraph: Started task graph with 5 named threads and 35 total threads with 3 sets of task threads.
LogStats: Stats thread started at 0.181452
LogD3D11RHI: Loaded GFSDK_Aftermath_Lib.x64.dll
LogICUInternationalization: ICU TimeZone Detection - Raw Offset: -5:00, Platform Override: ''
LogPluginManager: Mounting plugin Paper2D
LogPluginManager: Mounting plugin AISupport
LogPluginManager: Mounting plugin LightPropagationVolume
LogPluginManager: Mounting plugin CameraShakePreviewer
LogPluginManager: Mounting plugin ActorLayerUtilities
LogPluginManager: Mounting plugin AnimationSharing
LogPluginManager: Mounting plugin CLionSourceCodeAccess
LogPluginManager: Mounting plugin CodeLiteSourceCodeAccess
LogPluginManager: Mounting plugin GitSourceControl
LogPluginManager: Mounting plugin KDevelopSourceCodeAccess
LogPluginManager: Mounting plugin NullSourceCodeAccess
LogPluginManager: Mounting plugin PerforceSourceControl
LogPluginManager: Mounting plugin PlasticSourceControl
LogPluginManager: Mounting plugin RiderSourceCodeAccess
LogPluginManager: Mounting plugin SubversionSourceControl
LogPluginManager: Mounting plugin UObjectPlugin
LogPluginManager: Mounting plugin VisualStudioCodeSourceCodeAccess
LogPluginManager: Mounting plugin VisualStudioSourceCodeAccess
LogPluginManager: Mounting plugin XCodeSourceCodeAccess
LogPluginManager: Mounting plugin AssetManagerEditor
LogPluginManager: Mounting plugin CryptoKeys
LogPluginManager: Mounting plugin CurveEditorTools
LogPluginManager: Mounting plugin DataValidation
LogPluginManager: Mounting plugin EditorScriptingUtilities
LogPluginManager: Mounting plugin FacialAnimation
LogPluginManager: Mounting plugin GameplayTagsEditor
LogPluginManager: Mounting plugin GeometryMode
LogPluginManager: Mounting plugin MacGraphicsSwitching
LogPluginManager: Mounting plugin MaterialAnalyzer
LogPluginManager: Mounting plugin MobileLauncherProfileWizard
LogPluginManager: Mounting plugin PluginBrowser
LogPluginManager: Mounting plugin SpeedTreeImporter
LogPluginManager: Mounting plugin DatasmithContent
LogPluginManager: Mounting plugin VariantManagerContent
LogPluginManager: Mounting plugin AlembicImporter
LogPluginManager: Mounting plugin AutomationUtils
LogPluginManager: Mounting plugin BackChannel
LogPluginManager: Mounting plugin ChaosCloth
LogPluginManager: Mounting plugin ChaosClothEditor
LogPluginManager: Mounting plugin ChaosEditor
LogPluginManager: Mounting plugin ChaosNiagara
LogPluginManager: Mounting plugin ChaosSolverPlugin
LogPluginManager: Mounting plugin CharacterAI
LogPluginManager: Mounting plugin GeometryCache
LogPluginManager: Mounting plugin GeometryCollectionPlugin
LogPluginManager: Mounting plugin GeometryProcessing
LogPluginManager: Mounting plugin PlanarCut
LogPluginManager: Mounting plugin PlatformCrypto
LogPluginManager: Mounting plugin ProxyLODPlugin
LogPluginManager: Mounting plugin SkeletalReduction
LogPluginManager: Mounting plugin Niagara
LogPluginManager: Mounting plugin MagicLeap
LogPluginManager: Mounting plugin MagicLeapLightEstimation
LogPluginManager: Mounting plugin MagicLeapMedia
LogPluginManager: Mounting plugin MagicLeapPassableWorld
LogPluginManager: Mounting plugin MLSDK
LogPluginManager: Mounting plugin AndroidMedia
LogPluginManager: Mounting plugin AvfMedia
LogPluginManager: Mounting plugin ImgMedia
LogPluginManager: Mounting plugin MediaCompositing
LogPluginManager: Mounting plugin MediaPlayerEditor
LogPluginManager: Mounting plugin WebMMedia
LogPluginManager: Mounting plugin WmfMedia
LogPluginManager: Mounting plugin MeshPainting
LogPluginManager: Mounting plugin TcpMessaging
LogPluginManager: Mounting plugin UdpMessaging
LogPluginManager: Mounting plugin ActorSequence
LogPluginManager: Mounting plugin LevelSequenceEditor
LogPluginManager: Mounting plugin MatineeToLevelSequence
LogPluginManager: Mounting plugin MovieRenderPipeline
LogPluginManager: Mounting plugin TemplateSequence
LogPluginManager: Mounting plugin NetcodeUnitTest
LogPluginManager: Mounting plugin NUTUnrealEngine4
LogPluginManager: Mounting plugin OnlineSubsystemGooglePlay
LogPluginManager: Mounting plugin OnlineSubsystemIOS
LogPluginManager: Mounting plugin OnlineSubsystem
LogPluginManager: Mounting plugin OnlineSubsystemNull
LogPluginManager: Mounting plugin OnlineSubsystemSteam
LogPluginManager: Mounting plugin OnlineSubsystemUtils
LogPluginManager: Mounting plugin LauncherChunkInstaller
LogPluginManager: Mounting plugin AndroidDeviceProfileSelector
LogPluginManager: Mounting plugin AndroidMoviePlayer
LogPluginManager: Mounting plugin AndroidPermission
LogPluginManager: Mounting plugin AppleImageUtils
LogPluginManager: Mounting plugin AppleMoviePlayer
LogPluginManager: Mounting plugin ArchVisCharacter
LogPluginManager: Mounting plugin AssetTags
LogPluginManager: Mounting plugin AudioCapture
LogPluginManager: Mounting plugin CableComponent
LogPluginManager: Mounting plugin CustomMeshComponent
LogPluginManager: Mounting plugin EditableMesh
LogPluginManager: Mounting plugin ExampleDeviceProfileSelector
LogPluginManager: Mounting plugin GoogleCloudMessaging
LogPluginManager: Mounting plugin GooglePAD
LogPluginManager: Mounting plugin IOSDeviceProfileSelector
LogPluginManager: Mounting plugin LinuxDeviceProfileSelector
LogPluginManager: Mounting plugin LocationServicesBPLibrary
LogPluginManager: Mounting plugin MobilePatchingUtils
LogPluginManager: Mounting plugin OculusVR
LogPluginManager: Mounting plugin PhysXVehicles
LogPluginManager: Mounting plugin PostSplashScreen
LogPluginManager: Mounting plugin ProceduralMeshComponent
LogPluginManager: Mounting plugin RuntimePhysXCooking
LogPluginManager: Mounting plugin SignificanceManager
LogPluginManager: Mounting plugin SoundFields
LogPluginManager: Mounting plugin SteamShared
LogPluginManager: Mounting plugin SteamVR
LogPluginManager: Mounting plugin Synthesis
LogPluginManager: Mounting plugin WebMMoviePlayer
LogPluginManager: Mounting plugin WindowsMoviePlayer
LogPluginManager: Mounting plugin ScreenshotTools
LogInit: Using libcurl 7.55.1-DEV
LogInit:  - built for x86_64-pc-win32
LogInit:  - supports SSL with OpenSSL/1.1.1
LogInit:  - supports HTTP deflate (compression) using libz 1.2.8
LogInit:  - other features:
LogInit:      CURL_VERSION_SSL
LogInit:      CURL_VERSION_LIBZ
LogInit:      CURL_VERSION_IPV6
LogInit:      CURL_VERSION_ASYNCHDNS
LogInit:      CURL_VERSION_LARGEFILE
LogInit:      CURL_VERSION_IDN
LogInit:  CurlRequestOptions (configurable via config and command line):
LogInit:  - bVerifyPeer = true  - Libcurl will verify peer certificate
LogInit:  - bUseHttpProxy = false  - Libcurl will NOT use HTTP proxy
LogInit:  - bDontReuseConnections = false  - Libcurl will reuse connections
LogInit:  - MaxHostConnections = 16  - Libcurl will limit the number of connections to a host
LogInit:  - LocalHostAddr = Default
LogInit:  - BufferSize = 65536
LogSteamShared: Display: Loading Steam SDK 1.47
LogSteamShared: Steam SDK Loaded!
LogOnline: OSS: Creating online subsystem instance for: Steam
LogOnline: Warning: STEAM: Steam API disabled!
LogOnline: Display: STEAM: OnlineSubsystemSteam::Shutdown()
LogOnline: OSS: Unable to create OnlineSubsystem module Steam
LogOnline: OSS: Creating online subsystem instance for: NULL
LogInit: WinSock: version 1.1 (2.2), MaxSocks=32767, MaxUdp=65467
LogOnline: OSS: TryLoadSubsystemAndSetDefault: Loaded subsystem for module [NULL]
LogInit: Build: ++UE4+Release-4.25-CL-13942748
LogInit: Engine Version: 4.25.3-13942748+++UE4+Release-4.25
LogInit: Compatible Engine Version: 4.25.0-13144385+++UE4+Release-4.25
LogInit: Net CL: 13144385
LogInit: OS: Windows 10 (Release 1909) (), CPU: AMD Ryzen 5 3600 6-Core Processor              , GPU: NVIDIA GeForce GTX 1660 SUPER
LogInit: Compiled (64-bit): Jul 25 2020 02:07:48
LogInit: Compiled with Visual C++: 19.24.28315.00
LogInit: Build Configuration: Development
LogInit: Branch Name: ++UE4+Release-4.25
LogInit: Command Line:  /Game/FPS/Levels/Rush -game -PIEVIACONSOLE -Multiprocess "GameUserSettingsINI=C:/Users/jake9/Documents/Unreal Projects/FPSMultiplayerTemplate3/GameTestZone/Saved/Config/Windows/PIEGameUserSettings0.ini" -MultiprocessSaveConfig -MultiprocessOSS -messaging -SessionName="Play in Standalone Game" -windowed -ResX=1280 -ResY=720
LogInit: Base Directory: C:/UE_4.25/Engine/Binaries/Win64/
LogInit: Allocator: TBB
LogInit: Installed Engine Build: 1
LogDevObjectVersion: Number of dev versions registered: 26
LogDevObjectVersion:   Dev-Blueprints (B0D832E4-1F89-4F0D-ACCF-7EB736FD4AA2): 10
LogDevObjectVersion:   Dev-Build (E1C64328-A22C-4D53-A36C-8E866417BD8C): 0
LogDevObjectVersion:   Dev-Core (375EC13C-06E4-48FB-B500-84F0262A717E): 4
LogDevObjectVersion:   Dev-Editor (E4B068ED-F494-42E9-A231-DA0B2E46BB41): 38
LogDevObjectVersion:   Dev-Framework (CFFC743F-43B0-4480-9391-14DF171D2073): 37
LogDevObjectVersion:   Dev-Mobile (B02B49B5-BB20-44E9-A304-32B752E40360): 2
LogDevObjectVersion:   Dev-Networking (A4E4105C-59A1-49B5-A7C5-40C4547EDFEE): 0
LogDevObjectVersion:   Dev-Online (39C831C9-5AE6-47DC-9A44-9C173E1C8E7C): 0
LogDevObjectVersion:   Dev-Physics (78F01B33-EBEA-4F98-B9B4-84EACCB95AA2): 4
LogDevObjectVersion:   Dev-Platform (6631380F-2D4D-43E0-8009-CF276956A95A): 0
LogDevObjectVersion:   Dev-Rendering (12F88B9F-8875-4AFC-A67C-D90C383ABD29): 43
LogDevObjectVersion:   Dev-Sequencer (7B5AE74C-D270-4C10-A958-57980B212A5A): 12
LogDevObjectVersion:   Dev-VR (D7296918-1DD6-4BDD-9DE2-64A83CC13884): 3
LogDevObjectVersion:   Dev-LoadTimes (C2A15278-BFE7-4AFE-6C17-90FF531DF755): 1
LogDevObjectVersion:   Private-Geometry (6EACA3D4-40EC-4CC1-B786-8BED09428FC5): 3
LogDevObjectVersion:   Dev-AnimPhys (29E575DD-E0A3-4627-9D10-D276232CDCEA): 17
LogDevObjectVersion:   Dev-Anim (AF43A65D-7FD3-4947-9873-3E8ED9C1BB05): 7
LogDevObjectVersion:   Dev-ReflectionCapture (6B266CEC-1EC7-4B8F-A30B-E4D90942FC07): 1
LogDevObjectVersion:   Dev-Automation (0DF73D61-A23F-47EA-B727-89E90C41499A): 1
LogDevObjectVersion:   FortniteMain (601D1886-AC64-4F84-AA16-D3DE0DEAC7D6): 31
LogDevObjectVersion:   Dev-Enterprise (9DFFBCD6-494F-0158-E221-12823C92A888): 10
LogDevObjectVersion:   Dev-Niagara (F2AED0AC-9AFE-416F-8664-AA7FFA26D6FC): 1
LogDevObjectVersion:   Dev-Destruction (174F1F0B-B4C6-45A5-B13F-2EE8D0FB917D): 10
LogDevObjectVersion:   Dev-Physics-Ext (35F94A83-E258-406C-A318-09F59610247C): 37
LogDevObjectVersion:   Dev-PhysicsMaterial-Chaos (B68FC16E-8B1B-42E2-B453-215C058844FE): 1
LogDevObjectVersion:   Dev-CineCamera (B2E18506-4273-CFC2-A54E-F4BB758BBA07): 1
LogInit: Presizing for max 25165824 objects, including 0 objects not considered by GC, pre-allocating 0 bytes for permanent pool.
LogConfig: Applying CVar settings from Section [/Script/Engine.StreamingSettings] File [C:/Users/jake9/Documents/Unreal Projects/FPSMultiplayerTemplate3/GameTestZone/Saved/Config/Windows/Engine.ini]
LogConfig: Setting CVar [[s.MinBulkDataSizeForAsyncLoading:131072]]
LogConfig: Setting CVar [[s.AsyncLoadingThreadEnabled:0]]
LogConfig: Setting CVar [[s.EventDrivenLoaderEnabled:1]]
LogConfig: Setting CVar [[s.WarnIfTimeLimitExceeded:0]]
LogConfig: Setting CVar [[s.TimeLimitExceededMultiplier:1.5]]
LogConfig: Setting CVar [[s.TimeLimitExceededMinTime:0.005]]
LogConfig: Setting CVar [[s.UseBackgroundLevelStreaming:1]]
LogConfig: Setting CVar [[s.PriorityAsyncLoadingExtraTime:15.0]]
LogConfig: Setting CVar [[s.LevelStreamingActorsUpdateTimeLimit:5.0]]
LogConfig: Setting CVar [[s.PriorityLevelStreamingActorsUpdateExtraTime:5.0]]
LogConfig: Setting CVar [[s.LevelStreamingComponentsRegistrationGranularity:10]]
LogConfig: Setting CVar [[s.UnregisterComponentsTimeLimit:1.0]]
LogConfig: Setting CVar [[s.LevelStreamingComponentsUnregistrationGranularity:5]]
LogConfig: Setting CVar [[s.FlushStreamingOnExit:1]]
LogInit: Object subsystem initialized
LogConfig: Setting CVar [[con.DebugEarlyDefault:1]]
LogConfig: Setting CVar [[r.setres:1280x720]]
[2020.10.18-19.18.29:141][  0]LogConfig: Setting CVar [[con.DebugEarlyDefault:1]]
[2020.10.18-19.18.29:141][  0]LogConfig: Setting CVar [[r.setres:1280x720]]
[2020.10.18-19.18.29:141][  0]LogConfig: Applying CVar settings from Section [/Script/Engine.RendererSettings] File [C:/Users/jake9/Documents/Unreal Projects/FPSMultiplayerTemplate3/GameTestZone/Saved/Config/Windows/Engine.ini]
[2020.10.18-19.18.29:141][  0]LogConfig: Setting CVar [[r.GPUCrashDebugging:0]]
[2020.10.18-19.18.29:141][  0]LogConfig: Setting CVar [[r.DefaultFeature.AutoExposure:0]]
[2020.10.18-19.18.29:141][  0]LogConfig: Setting CVar [[r.DefaultFeature.AutoExposure.Method:0]]
[2020.10.18-19.18.29:141][  0]LogConfig: Applying CVar settings from Section [/Script/Engine.RendererOverrideSettings] File [C:/Users/jake9/Documents/Unreal Projects/FPSMultiplayerTemplate3/GameTestZone/Saved/Config/Windows/Engine.ini]
[2020.10.18-19.18.29:141][  0]LogConfig: Applying CVar settings from Section [/Script/Engine.StreamingSettings] File [C:/Users/jake9/Documents/Unreal Projects/FPSMultiplayerTemplate3/GameTestZone/Saved/Config/Windows/Engine.ini]
[2020.10.18-19.18.29:141][  0]LogConfig: Setting CVar [[s.MinBulkDataSizeForAsyncLoading:131072]]
[2020.10.18-19.18.29:141][  0]LogConfig: Setting CVar [[s.AsyncLoadingThreadEnabled:0]]
[2020.10.18-19.18.29:141][  0]LogConfig: Setting CVar [[s.EventDrivenLoaderEnabled:1]]
[2020.10.18-19.18.29:141][  0]LogConfig: Setting CVar [[s.WarnIfTimeLimitExceeded:0]]
[2020.10.18-19.18.29:141][  0]LogConfig: Setting CVar [[s.TimeLimitExceededMultiplier:1.5]]
[2020.10.18-19.18.29:141][  0]LogConfig: Setting CVar [[s.TimeLimitExceededMinTime:0.005]]
[2020.10.18-19.18.29:141][  0]LogConfig: Setting CVar [[s.UseBackgroundLevelStreaming:1]]
[2020.10.18-19.18.29:141][  0]LogConfig: Setting CVar [[s.PriorityAsyncLoadingExtraTime:15.0]]
[2020.10.18-19.18.29:141][  0]LogConfig: Setting CVar [[s.LevelStreamingActorsUpdateTimeLimit:5.0]]
[2020.10.18-19.18.29:141][  0]LogConfig: Setting CVar [[s.PriorityLevelStreamingActorsUpdateExtraTime:5.0]]
[2020.10.18-19.18.29:141][  0]LogConfig: Setting CVar [[s.LevelStreamingComponentsRegistrationGranularity:10]]
[2020.10.18-19.18.29:141][  0]LogConfig: Setting CVar [[s.UnregisterComponentsTimeLimit:1.0]]
[2020.10.18-19.18.29:141][  0]LogConfig: Setting CVar [[s.LevelStreamingComponentsUnregistrationGranularity:5]]
[2020.10.18-19.18.29:141][  0]LogConfig: Setting CVar [[s.FlushStreamingOnExit:1]]
[2020.10.18-19.18.29:141][  0]LogConfig: Applying CVar settings from Section [/Script/Engine.GarbageCollectionSettings] File [C:/Users/jake9/Documents/Unreal Projects/FPSMultiplayerTemplate3/GameTestZone/Saved/Config/Windows/Engine.ini]
[2020.10.18-19.18.29:141][  0]LogConfig: Setting CVar [[gc.MaxObjectsNotConsideredByGC:1]]
[2020.10.18-19.18.29:141][  0]LogConfig: Setting CVar [[gc.SizeOfPermanentObjectPool:0]]
[2020.10.18-19.18.29:141][  0]LogConfig: Setting CVar [[gc.FlushStreamingOnGC:0]]
[2020.10.18-19.18.29:141][  0]LogConfig: Setting CVar [[gc.NumRetriesBeforeForcingGC:10]]
[2020.10.18-19.18.29:141][  0]LogConfig: Setting CVar [[gc.AllowParallelGC:1]]
[2020.10.18-19.18.29:141][  0]LogConfig: Setting CVar [[gc.TimeBetweenPurgingPendingKillObjects:61.1]]
[2020.10.18-19.18.29:141][  0]LogConfig: Setting CVar [[gc.MaxObjectsInEditor:25165824]]
[2020.10.18-19.18.29:141][  0]LogConfig: Setting CVar [[gc.IncrementalBeginDestroyEnabled:1]]
[2020.10.18-19.18.29:141][  0]LogConfig: Setting CVar [[gc.CreateGCClusters:1]]
[2020.10.18-19.18.29:141][  0]LogConfig: Setting CVar [[gc.MinGCClusterSize:5]]
[2020.10.18-19.18.29:141][  0]LogConfig: Setting CVar [[gc.ActorClusteringEnabled:0]]
[2020.10.18-19.18.29:141][  0]LogConfig: Setting CVar [[gc.BlueprintClusteringEnabled:0]]
[2020.10.18-19.18.29:141][  0]LogConfig: Setting CVar [[gc.UseDisregardForGCOnDedicatedServers:0]]
[2020.10.18-19.18.29:141][  0]LogConfig: Applying CVar settings from Section [/Script/Engine.NetworkSettings] File [C:/Users/jake9/Documents/Unreal Projects/FPSMultiplayerTemplate3/GameTestZone/Saved/Config/Windows/Engine.ini]
[2020.10.18-19.18.29:141][  0]LogConfig: Applying CVar settings from Section [/Script/UnrealEd.CookerSettings] File [C:/Users/jake9/Documents/Unreal Projects/FPSMultiplayerTemplate3/GameTestZone/Saved/Config/Windows/Engine.ini]
[2020.10.18-19.18.29:145][  0]LogConfig: Applying CVar settings from Section [ViewDistanceQuality@3] File [C:/Users/jake9/Documents/Unreal Projects/FPSMultiplayerTemplate3/GameTestZone/Saved/Config/Windows/Scalability.ini]
[2020.10.18-19.18.29:145][  0]LogConfig: Setting CVar [[r.SkeletalMeshLODBias:0]]
[2020.10.18-19.18.29:145][  0]LogConfig: Setting CVar [[r.ViewDistanceScale:1.0]]
[2020.10.18-19.18.29:145][  0]LogConfig: Applying CVar settings from Section [AntiAliasingQuality@3] File [C:/Users/jake9/Documents/Unreal Projects/FPSMultiplayerTemplate3/GameTestZone/Saved/Config/Windows/Scalability.ini]
[2020.10.18-19.18.29:145][  0]LogConfig: Setting CVar [[r.PostProcessAAQuality:4]]
[2020.10.18-19.18.29:145][  0]LogConfig: Applying CVar settings from Section [ShadowQuality@3] File [C:/Users/jake9/Documents/Unreal Projects/FPSMultiplayerTemplate3/GameTestZone/Saved/Config/Windows/Scalability.ini]
[2020.10.18-19.18.29:145][  0]LogConfig: Setting CVar [[r.LightFunctionQuality:1]]
[2020.10.18-19.18.29:145][  0]LogConfig: Setting CVar [[r.ShadowQuality:5]]
[2020.10.18-19.18.29:145][  0]LogConfig: Setting CVar [[r.Shadow.CSM.MaxCascades:10]]
[2020.10.18-19.18.29:145][  0]LogConfig: Setting CVar [[r.Shadow.MaxResolution:2048]]
[2020.10.18-19.18.29:145][  0]LogConfig: Setting CVar [[r.Shadow.MaxCSMResolution:2048]]
[2020.10.18-19.18.29:145][  0]LogConfig: Setting CVar [[r.Shadow.RadiusThreshold:0.01]]
[2020.10.18-19.18.29:145][  0]LogConfig: Setting CVar [[r.Shadow.DistanceScale:1.0]]
[2020.10.18-19.18.29:145][  0]LogConfig: Setting CVar [[r.Shadow.CSM.TransitionScale:1.0]]
[2020.10.18-19.18.29:145][  0]LogConfig: Setting CVar [[r.Shadow.PreShadowResolutionFactor:1.0]]
[2020.10.18-19.18.29:145][  0]LogConfig: Setting CVar [[r.DistanceFieldShadowing:1]]
[2020.10.18-19.18.29:145][  0]LogConfig: Setting CVar [[r.DistanceFieldAO:1]]
[2020.10.18-19.18.29:145][  0]LogConfig: Setting CVar [[r.AOQuality:2]]
[2020.10.18-19.18.29:145][  0]LogConfig: Setting CVar [[r.VolumetricFog:1]]
[2020.10.18-19.18.29:145][  0]LogConfig: Setting CVar [[r.VolumetricFog.GridPixelSize:8]]
[2020.10.18-19.18.29:145][  0]LogConfig: Setting CVar [[r.VolumetricFog.GridSizeZ:128]]
[2020.10.18-19.18.29:145][  0]LogConfig: Setting CVar [[r.VolumetricFog.HistoryMissSupersampleCount:4]]
[2020.10.18-19.18.29:145][  0]LogConfig: Setting CVar [[r.LightMaxDrawDistanceScale:1]]
[2020.10.18-19.18.29:145][  0]LogConfig: Setting CVar [[r.CapsuleShadows:1]]
[2020.10.18-19.18.29:145][  0]LogConfig: Applying CVar settings from Section [PostProcessQuality@3] File [C:/Users/jake9/Documents/Unreal Projects/FPSMultiplayerTemplate3/GameTestZone/Saved/Config/Windows/Scalability.ini]
[2020.10.18-19.18.29:145][  0]LogConfig: Setting CVar [[r.MotionBlurQuality:4]]
[2020.10.18-19.18.29:145][  0]LogConfig: Setting CVar [[r.AmbientOcclusionMipLevelFactor:0.4]]
[2020.10.18-19.18.29:145][  0]LogConfig: Setting CVar [[r.AmbientOcclusionMaxQuality:100]]
[2020.10.18-19.18.29:145][  0]LogConfig: Setting CVar [[r.AmbientOcclusionLevels:-1]]
[2020.10.18-19.18.29:145][  0]LogConfig: Setting CVar [[r.AmbientOcclusionRadiusScale:1.0]]
[2020.10.18-19.18.29:145][  0]LogConfig: Setting CVar [[r.DepthOfFieldQuality:2]]
[2020.10.18-19.18.29:145][  0]LogConfig: Setting CVar [[r.RenderTargetPoolMin:400]]
[2020.10.18-19.18.29:145][  0]LogConfig: Setting CVar [[r.LensFlareQuality:2]]
[2020.10.18-19.18.29:145][  0]LogConfig: Setting CVar [[r.SceneColorFringeQuality:1]]
[2020.10.18-19.18.29:145][  0]LogConfig: Setting CVar [[r.EyeAdaptationQuality:2]]
[2020.10.18-19.18.29:145][  0]LogConfig: Setting CVar [[r.BloomQuality:5]]
[2020.10.18-19.18.29:145][  0]LogConfig: Setting CVar [[r.FastBlurThreshold:100]]
[2020.10.18-19.18.29:145][  0]LogConfig: Setting CVar [[r.Upscale.Quality:3]]
[2020.10.18-19.18.29:145][  0]LogConfig: Setting CVar [[r.Tonemapper.GrainQuantization:1]]
[2020.10.18-19.18.29:145][  0]LogConfig: Setting CVar [[r.LightShaftQuality:1]]
[2020.10.18-19.18.29:145][  0]LogConfig: Setting CVar [[r.Filter.SizeScale:1]]
[2020.10.18-19.18.29:145][  0]LogConfig: Setting CVar [[r.Tonemapper.Quality:5]]
[2020.10.18-19.18.29:145][  0]LogConfig: Setting CVar [[r.DOF.Gather.AccumulatorQuality:1        ; higher gathering accumulator quality]]
[2020.10.18-19.18.29:145][  0]LogConfig: Setting CVar [[r.DOF.Gather.PostfilterMethod:1          ; Median3x3 postfilering method]]
[2020.10.18-19.18.29:145][  0]LogConfig: Setting CVar [[r.DOF.Gather.EnableBokehSettings:0       ; no bokeh simulation when gathering]]
[2020.10.18-19.18.29:145][  0]LogConfig: Setting CVar [[r.DOF.Gather.RingCount:4                 ; medium number of samples when gathering]]
[2020.10.18-19.18.29:145][  0]LogConfig: Setting CVar [[r.DOF.Scatter.ForegroundCompositing:1    ; additive foreground scattering]]
[2020.10.18-19.18.29:145][  0]LogConfig: Setting CVar [[r.DOF.Scatter.BackgroundCompositing:2    ; additive background scattering]]
[2020.10.18-19.18.29:145][  0]LogConfig: Setting CVar [[r.DOF.Scatter.EnableBokehSettings:1      ; bokeh simulation when scattering]]
[2020.10.18-19.18.29:145][  0]LogConfig: Setting CVar [[r.DOF.Scatter.MaxSpriteRatio:0.1         ; only a maximum of 10% of scattered bokeh]]
[2020.10.18-19.18.29:145][  0]LogConfig: Setting CVar [[r.DOF.Recombine.Quality:1                ; cheap slight out of focus]]
[2020.10.18-19.18.29:145][  0]LogConfig: Setting CVar [[r.DOF.Recombine.EnableBokehSettings:0    ; no bokeh simulation on slight out of focus]]
[2020.10.18-19.18.29:145][  0]LogConfig: Setting CVar [[r.DOF.TemporalAAQuality:1                ; more stable temporal accumulation]]
[2020.10.18-19.18.29:146][  0]LogConfig: Setting CVar [[r.DOF.Kernel.MaxForegroundRadius:0.025]]
[2020.10.18-19.18.29:146][  0]LogConfig: Setting CVar [[r.DOF.Kernel.MaxBackgroundRadius:0.025]]
[2020.10.18-19.18.29:146][  0]LogConfig: Applying CVar settings from Section [TextureQuality@3] File [C:/Users/jake9/Documents/Unreal Projects/FPSMultiplayerTemplate3/GameTestZone/Saved/Config/Windows/Scalability.ini]
[2020.10.18-19.18.29:146][  0]LogConfig: Setting CVar [[r.Streaming.MipBias:0]]
[2020.10.18-19.18.29:146][  0]LogConfig: Setting CVar [[r.Streaming.AmortizeCPUToGPUCopy:0]]
[2020.10.18-19.18.29:146][  0]LogConfig: Setting CVar [[r.Streaming.MaxNumTexturesToStreamPerFrame:0]]
[2020.10.18-19.18.29:146][  0]LogConfig: Setting CVar [[r.Streaming.Boost:1]]
[2020.10.18-19.18.29:146][  0]LogConfig: Setting CVar [[r.MaxAnisotropy:8]]
[2020.10.18-19.18.29:146][  0]LogConfig: Setting CVar [[r.VT.MaxAnisotropy:8]]
[2020.10.18-19.18.29:146][  0]LogConfig: Setting CVar [[r.Streaming.LimitPoolSizeToVRAM:0]]
[2020.10.18-19.18.29:146][  0]LogConfig: Setting CVar [[r.Streaming.PoolSize:1000]]
[2020.10.18-19.18.29:146][  0]LogConfig: Setting CVar [[r.Streaming.MaxEffectiveScreenSize:0]]
[2020.10.18-19.18.29:146][  0]LogConfig: Applying CVar settings from Section [EffectsQuality@3] File [C:/Users/jake9/Documents/Unreal Projects/FPSMultiplayerTemplate3/GameTestZone/Saved/Config/Windows/Scalability.ini]
[2020.10.18-19.18.29:146][  0]LogConfig: Setting CVar [[r.TranslucencyLightingVolumeDim:64]]
[2020.10.18-19.18.29:146][  0]LogConfig: Setting CVar [[r.RefractionQuality:2]]
[2020.10.18-19.18.29:146][  0]LogConfig: Setting CVar [[r.SSR.Quality:3]]
[2020.10.18-19.18.29:146][  0]LogConfig: Setting CVar [[r.SSR.HalfResSceneColor:0]]
[2020.10.18-19.18.29:146][  0]LogConfig: Setting CVar [[r.SceneColorFormat:4]]
[2020.10.18-19.18.29:146][  0]LogConfig: Setting CVar [[r.DetailMode:2]]
[2020.10.18-19.18.29:146][  0]LogConfig: Setting CVar [[r.TranslucencyVolumeBlur:1]]
[2020.10.18-19.18.29:146][  0]LogConfig: Setting CVar [[r.MaterialQualityLevel:1 ; High quality]]
[2020.10.18-19.18.29:146][  0]LogConfig: Setting CVar [[r.SSS.Scale:1]]
[2020.10.18-19.18.29:146][  0]LogConfig: Setting CVar [[r.SSS.SampleSet:2]]
[2020.10.18-19.18.29:146][  0]LogConfig: Setting CVar [[r.SSS.Quality:1]]
[2020.10.18-19.18.29:146][  0]LogConfig: Setting CVar [[r.SSS.HalfRes:0]]
[2020.10.18-19.18.29:146][  0]LogConfig: Setting CVar [[r.SSGI.Quality:3]]
[2020.10.18-19.18.29:146][  0]LogConfig: Setting CVar [[r.EmitterSpawnRateScale:1.0]]
[2020.10.18-19.18.29:146][  0]LogConfig: Setting CVar [[r.ParticleLightQuality:2]]
[2020.10.18-19.18.29:146][  0]LogConfig: Setting CVar [[r.SkyAtmosphere.AerialPerspectiveLUT.FastApplyOnOpaque:1 ; Always have FastSkyLUT 1 in this case to avoid wrong sky]]
[2020.10.18-19.18.29:146][  0]LogConfig: Setting CVar [[r.SkyAtmosphere.AerialPerspectiveLUT.SampleCountPerSlice:1]]
[2020.10.18-19.18.29:146][  0]LogConfig: Setting CVar [[r.SkyAtmosphere.AerialPerspectiveLUT.DepthResolution:16.0]]
[2020.10.18-19.18.29:146][  0]LogConfig: Setting CVar [[r.SkyAtmosphere.FastSkyLUT:1]]
[2020.10.18-19.18.29:146][  0]LogConfig: Setting CVar [[r.SkyAtmosphere.FastSkyLUT.SampleCountMin:4.0]]
[2020.10.18-19.18.29:146][  0]LogConfig: Setting CVar [[r.SkyAtmosphere.FastSkyLUT.SampleCountMax:32.0]]
[2020.10.18-19.18.29:146][  0]LogConfig: Setting CVar [[r.SkyAtmosphere.SampleCountMin:4.0]]
[2020.10.18-19.18.29:146][  0]LogConfig: Setting CVar [[r.SkyAtmosphere.SampleCountMax:32.0]]
[2020.10.18-19.18.29:146][  0]LogConfig: Setting CVar [[r.SkyAtmosphere.TransmittanceLUT.UseSmallFormat:0]]
[2020.10.18-19.18.29:146][  0]LogConfig: Setting CVar [[r.SkyAtmosphere.TransmittanceLUT.SampleCount:10.0]]
[2020.10.18-19.18.29:146][  0]LogConfig: Setting CVar [[r.SkyAtmosphere.MultiScatteringLUT.SampleCount:15.0]]
[2020.10.18-19.18.29:146][  0]LogConfig: Applying CVar settings from Section [FoliageQuality@3] File [C:/Users/jake9/Documents/Unreal Projects/FPSMultiplayerTemplate3/GameTestZone/Saved/Config/Windows/Scalability.ini]
[2020.10.18-19.18.29:146][  0]LogConfig: Setting CVar [[foliage.DensityScale:1.0]]
[2020.10.18-19.18.29:146][  0]LogConfig: Setting CVar [[grass.DensityScale:1.0]]
[2020.10.18-19.18.29:146][  0]LogConfig: Applying CVar settings from Section [ShadingQuality@3] File [C:/Users/jake9/Documents/Unreal Projects/FPSMultiplayerTemplate3/GameTestZone/Saved/Config/Windows/Scalability.ini]
[2020.10.18-19.18.29:146][  0]LogConfig: Setting CVar [[r.HairStrands.SkyLighting.SampleCount:16]]
[2020.10.18-19.18.29:146][  0]LogConfig: Setting CVar [[r.HairStrands.SkyLighting.JitterIntegration:0]]
[2020.10.18-19.18.29:146][  0]LogConfig: Setting CVar [[r.HairStrands.SkyAO.SampleCount:16]]
[2020.10.18-19.18.29:146][  0]LogConfig: Setting CVar [[r.HairStrands.DeepShadow.SuperSampling:0]]
[2020.10.18-19.18.29:146][  0]LogConfig: Setting CVar [[r.HairStrands.VisibilityPPLL:0]]
[2020.10.18-19.18.29:146][  0]LogConfig: Setting CVar [[r.HairStrands.RasterizationScale:0.5]]
[2020.10.18-19.18.29:146][  0]LogConfig: Setting CVar [[r.HairStrands.VelocityRasterizationScale:1]]
[2020.10.18-19.18.29:146][  0]LogInit: Selected Device Profile: [Windows]
[2020.10.18-19.18.29:146][  0]LogInit: Applying CVar settings loaded from the selected device profile: [Windows]
[2020.10.18-19.18.29:146][  0]LogHAL: Display: Platform has ~ 16 GB [17126739968 / 17179869184 / 16], which maps to Larger [LargestMinGB=32, LargerMinGB=12, DefaultMinGB=8, SmallerMinGB=6, SmallestMinGB=0)
[2020.10.18-19.18.29:146][  0]LogInit: Going up to parent DeviceProfile []
[2020.10.18-19.18.29:146][  0]LogConfig: Applying CVar settings from Section [ViewDistanceQuality@3] File [C:/Users/jake9/Documents/Unreal Projects/FPSMultiplayerTemplate3/GameTestZone/Saved/Config/Windows/Scalability.ini]
[2020.10.18-19.18.29:146][  0]LogConfig: Setting CVar [[r.SkeletalMeshLODBias:0]]
[2020.10.18-19.18.29:146][  0]LogConfig: Setting CVar [[r.ViewDistanceScale:1.0]]
[2020.10.18-19.18.29:146][  0]LogConfig: Applying CVar settings from Section [AntiAliasingQuality@3] File [C:/Users/jake9/Documents/Unreal Projects/FPSMultiplayerTemplate3/GameTestZone/Saved/Config/Windows/Scalability.ini]
[2020.10.18-19.18.29:146][  0]LogConfig: Setting CVar [[r.PostProcessAAQuality:4]]
[2020.10.18-19.18.29:146][  0]LogConfig: Applying CVar settings from Section [ShadowQuality@3] File [C:/Users/jake9/Documents/Unreal Projects/FPSMultiplayerTemplate3/GameTestZone/Saved/Config/Windows/Scalability.ini]
[2020.10.18-19.18.29:146][  0]LogConfig: Setting CVar [[r.LightFunctionQuality:1]]
[2020.10.18-19.18.29:146][  0]LogConfig: Setting CVar [[r.ShadowQuality:5]]
[2020.10.18-19.18.29:146][  0]LogConfig: Setting CVar [[r.Shadow.CSM.MaxCascades:10]]
[2020.10.18-19.18.29:146][  0]LogConfig: Setting CVar [[r.Shadow.MaxResolution:2048]]
[2020.10.18-19.18.29:146][  0]LogConfig: Setting CVar [[r.Shadow.MaxCSMResolution:2048]]
[2020.10.18-19.18.29:146][  0]LogConfig: Setting CVar [[r.Shadow.RadiusThreshold:0.01]]
[2020.10.18-19.18.29:146][  0]LogConfig: Setting CVar [[r.Shadow.DistanceScale:1.0]]
[2020.10.18-19.18.29:146][  0]LogConfig: Setting CVar [[r.Shadow.CSM.TransitionScale:1.0]]
[2020.10.18-19.18.29:146][  0]LogConfig: Setting CVar [[r.Shadow.PreShadowResolutionFactor:1.0]]
[2020.10.18-19.18.29:146][  0]LogConfig: Setting CVar [[r.DistanceFieldShadowing:1]]
[2020.10.18-19.18.29:146][  0]LogConfig: Setting CVar [[r.DistanceFieldAO:1]]
[2020.10.18-19.18.29:146][  0]LogConfig: Setting CVar [[r.AOQuality:2]]
[2020.10.18-19.18.29:146][  0]LogConfig: Setting CVar [[r.VolumetricFog:1]]
[2020.10.18-19.18.29:146][  0]LogConfig: Setting CVar [[r.VolumetricFog.GridPixelSize:8]]
[2020.10.18-19.18.29:146][  0]LogConfig: Setting CVar [[r.VolumetricFog.GridSizeZ:128]]
[2020.10.18-19.18.29:146][  0]LogConfig: Setting CVar [[r.VolumetricFog.HistoryMissSupersampleCount:4]]
[2020.10.18-19.18.29:146][  0]LogConfig: Setting CVar [[r.LightMaxDrawDistanceScale:1]]
[2020.10.18-19.18.29:146][  0]LogConfig: Setting CVar [[r.CapsuleShadows:1]]
[2020.10.18-19.18.29:146][  0]LogConfig: Applying CVar settings from Section [PostProcessQuality@3] File [C:/Users/jake9/Documents/Unreal Projects/FPSMultiplayerTemplate3/GameTestZone/Saved/Config/Windows/Scalability.ini]
[2020.10.18-19.18.29:146][  0]LogConfig: Setting CVar [[r.MotionBlurQuality:4]]
[2020.10.18-19.18.29:146][  0]LogConfig: Setting CVar [[r.AmbientOcclusionMipLevelFactor:0.4]]
[2020.10.18-19.18.29:146][  0]LogConfig: Setting CVar [[r.AmbientOcclusionMaxQuality:100]]
[2020.10.18-19.18.29:146][  0]LogConfig: Setting CVar [[r.AmbientOcclusionLevels:-1]]
[2020.10.18-19.18.29:146][  0]LogConfig: Setting CVar [[r.AmbientOcclusionRadiusScale:1.0]]
[2020.10.18-19.18.29:146][  0]LogConfig: Setting CVar [[r.DepthOfFieldQuality:2]]
[2020.10.18-19.18.29:147][  0]LogConfig: Setting CVar [[r.RenderTargetPoolMin:400]]
[2020.10.18-19.18.29:147][  0]LogConfig: Setting CVar [[r.LensFlareQuality:2]]
[2020.10.18-19.18.29:147][  0]LogConfig: Setting CVar [[r.SceneColorFringeQuality:1]]
[2020.10.18-19.18.29:147][  0]LogConfig: Setting CVar [[r.EyeAdaptationQuality:2]]
[2020.10.18-19.18.29:147][  0]LogConfig: Setting CVar [[r.BloomQuality:5]]
[2020.10.18-19.18.29:147][  0]LogConfig: Setting CVar [[r.FastBlurThreshold:100]]
[2020.10.18-19.18.29:147][  0]LogConfig: Setting CVar [[r.Upscale.Quality:3]]
[2020.10.18-19.18.29:147][  0]LogConfig: Setting CVar [[r.Tonemapper.GrainQuantization:1]]
[2020.10.18-19.18.29:147][  0]LogConfig: Setting CVar [[r.LightShaftQuality:1]]
[2020.10.18-19.18.29:147][  0]LogConfig: Setting CVar [[r.Filter.SizeScale:1]]
[2020.10.18-19.18.29:147][  0]LogConfig: Setting CVar [[r.Tonemapper.Quality:5]]
[2020.10.18-19.18.29:147][  0]LogConfig: Setting CVar [[r.DOF.Gather.AccumulatorQuality:1        ; higher gathering accumulator quality]]
[2020.10.18-19.18.29:147][  0]LogConfig: Setting CVar [[r.DOF.Gather.PostfilterMethod:1          ; Median3x3 postfilering method]]
[2020.10.18-19.18.29:147][  0]LogConfig: Setting CVar [[r.DOF.Gather.EnableBokehSettings:0       ; no bokeh simulation when gathering]]
[2020.10.18-19.18.29:147][  0]LogConfig: Setting CVar [[r.DOF.Gather.RingCount:4                 ; medium number of samples when gathering]]
[2020.10.18-19.18.29:147][  0]LogConfig: Setting CVar [[r.DOF.Scatter.ForegroundCompositing:1    ; additive foreground scattering]]
[2020.10.18-19.18.29:147][  0]LogConfig: Setting CVar [[r.DOF.Scatter.BackgroundCompositing:2    ; additive background scattering]]
[2020.10.18-19.18.29:147][  0]LogConfig: Setting CVar [[r.DOF.Scatter.EnableBokehSettings:1      ; bokeh simulation when scattering]]
[2020.10.18-19.18.29:147][  0]LogConfig: Setting CVar [[r.DOF.Scatter.MaxSpriteRatio:0.1         ; only a maximum of 10% of scattered bokeh]]
[2020.10.18-19.18.29:147][  0]LogConfig: Setting CVar [[r.DOF.Recombine.Quality:1                ; cheap slight out of focus]]
[2020.10.18-19.18.29:147][  0]LogConfig: Setting CVar [[r.DOF.Recombine.EnableBokehSettings:0    ; no bokeh simulation on slight out of focus]]
[2020.10.18-19.18.29:147][  0]LogConfig: Setting CVar [[r.DOF.TemporalAAQuality:1                ; more stable temporal accumulation]]
[2020.10.18-19.18.29:147][  0]LogConfig: Setting CVar [[r.DOF.Kernel.MaxForegroundRadius:0.025]]
[2020.10.18-19.18.29:147][  0]LogConfig: Setting CVar [[r.DOF.Kernel.MaxBackgroundRadius:0.025]]
[2020.10.18-19.18.29:147][  0]LogConfig: Applying CVar settings from Section [TextureQuality@3] File [C:/Users/jake9/Documents/Unreal Projects/FPSMultiplayerTemplate3/GameTestZone/Saved/Config/Windows/Scalability.ini]
[2020.10.18-19.18.29:147][  0]LogConfig: Setting CVar [[r.Streaming.MipBias:0]]
[2020.10.18-19.18.29:147][  0]LogConfig: Setting CVar [[r.Streaming.AmortizeCPUToGPUCopy:0]]
[2020.10.18-19.18.29:147][  0]LogConfig: Setting CVar [[r.Streaming.MaxNumTexturesToStreamPerFrame:0]]
[2020.10.18-19.18.29:147][  0]LogConfig: Setting CVar [[r.Streaming.Boost:1]]
[2020.10.18-19.18.29:147][  0]LogConfig: Setting CVar [[r.MaxAnisotropy:8]]
[2020.10.18-19.18.29:147][  0]LogConfig: Setting CVar [[r.VT.MaxAnisotropy:8]]
[2020.10.18-19.18.29:147][  0]LogConfig: Setting CVar [[r.Streaming.LimitPoolSizeToVRAM:0]]
[2020.10.18-19.18.29:147][  0]LogConfig: Setting CVar [[r.Streaming.PoolSize:1000]]
[2020.10.18-19.18.29:147][  0]LogConfig: Setting CVar [[r.Streaming.MaxEffectiveScreenSize:0]]
[2020.10.18-19.18.29:147][  0]LogConfig: Applying CVar settings from Section [EffectsQuality@3] File [C:/Users/jake9/Documents/Unreal Projects/FPSMultiplayerTemplate3/GameTestZone/Saved/Config/Windows/Scalability.ini]
[2020.10.18-19.18.29:147][  0]LogConfig: Setting CVar [[r.TranslucencyLightingVolumeDim:64]]
[2020.10.18-19.18.29:147][  0]LogConfig: Setting CVar [[r.RefractionQuality:2]]
[2020.10.18-19.18.29:147][  0]LogConfig: Setting CVar [[r.SSR.Quality:3]]
[2020.10.18-19.18.29:147][  0]LogConfig: Setting CVar [[r.SSR.HalfResSceneColor:0]]
[2020.10.18-19.18.29:147][  0]LogConfig: Setting CVar [[r.SceneColorFormat:4]]
[2020.10.18-19.18.29:147][  0]LogConfig: Setting CVar [[r.DetailMode:2]]
[2020.10.18-19.18.29:147][  0]LogConfig: Setting CVar [[r.TranslucencyVolumeBlur:1]]
[2020.10.18-19.18.29:147][  0]LogConfig: Setting CVar [[r.MaterialQualityLevel:1 ; High quality]]
[2020.10.18-19.18.29:147][  0]LogConfig: Setting CVar [[r.SSS.Scale:1]]
[2020.10.18-19.18.29:147][  0]LogConfig: Setting CVar [[r.SSS.SampleSet:2]]
[2020.10.18-19.18.29:147][  0]LogConfig: Setting CVar [[r.SSS.Quality:1]]
[2020.10.18-19.18.29:147][  0]LogConfig: Setting CVar [[r.SSS.HalfRes:0]]
[2020.10.18-19.18.29:147][  0]LogConfig: Setting CVar [[r.SSGI.Quality:3]]
[2020.10.18-19.18.29:147][  0]LogConfig: Setting CVar [[r.EmitterSpawnRateScale:1.0]]
[2020.10.18-19.18.29:147][  0]LogConfig: Setting CVar [[r.ParticleLightQuality:2]]
[2020.10.18-19.18.29:147][  0]LogConfig: Setting CVar [[r.SkyAtmosphere.AerialPerspectiveLUT.FastApplyOnOpaque:1 ; Always have FastSkyLUT 1 in this case to avoid wrong sky]]
[2020.10.18-19.18.29:147][  0]LogConfig: Setting CVar [[r.SkyAtmosphere.AerialPerspectiveLUT.SampleCountPerSlice:1]]
[2020.10.18-19.18.29:147][  0]LogConfig: Setting CVar [[r.SkyAtmosphere.AerialPerspectiveLUT.DepthResolution:16.0]]
[2020.10.18-19.18.29:147][  0]LogConfig: Setting CVar [[r.SkyAtmosphere.FastSkyLUT:1]]
[2020.10.18-19.18.29:147][  0]LogConfig: Setting CVar [[r.SkyAtmosphere.FastSkyLUT.SampleCountMin:4.0]]
[2020.10.18-19.18.29:147][  0]LogConfig: Setting CVar [[r.SkyAtmosphere.FastSkyLUT.SampleCountMax:32.0]]
[2020.10.18-19.18.29:147][  0]LogConfig: Setting CVar [[r.SkyAtmosphere.SampleCountMin:4.0]]
[2020.10.18-19.18.29:147][  0]LogConfig: Setting CVar [[r.SkyAtmosphere.SampleCountMax:32.0]]
[2020.10.18-19.18.29:147][  0]LogConfig: Setting CVar [[r.SkyAtmosphere.TransmittanceLUT.UseSmallFormat:0]]
[2020.10.18-19.18.29:147][  0]LogConfig: Setting CVar [[r.SkyAtmosphere.TransmittanceLUT.SampleCount:10.0]]
[2020.10.18-19.18.29:147][  0]LogConfig: Setting CVar [[r.SkyAtmosphere.MultiScatteringLUT.SampleCount:15.0]]
[2020.10.18-19.18.29:147][  0]LogConfig: Applying CVar settings from Section [FoliageQuality@3] File [C:/Users/jake9/Documents/Unreal Projects/FPSMultiplayerTemplate3/GameTestZone/Saved/Config/Windows/Scalability.ini]
[2020.10.18-19.18.29:147][  0]LogConfig: Setting CVar [[foliage.DensityScale:1.0]]
[2020.10.18-19.18.29:147][  0]LogConfig: Setting CVar [[grass.DensityScale:1.0]]
[2020.10.18-19.18.29:147][  0]LogConfig: Applying CVar settings from Section [ShadingQuality@3] File [C:/Users/jake9/Documents/Unreal Projects/FPSMultiplayerTemplate3/GameTestZone/Saved/Config/Windows/Scalability.ini]
[2020.10.18-19.18.29:147][  0]LogConfig: Setting CVar [[r.HairStrands.SkyLighting.SampleCount:16]]
[2020.10.18-19.18.29:147][  0]LogConfig: Setting CVar [[r.HairStrands.SkyLighting.JitterIntegration:0]]
[2020.10.18-19.18.29:147][  0]LogConfig: Setting CVar [[r.HairStrands.SkyAO.SampleCount:16]]
[2020.10.18-19.18.29:147][  0]LogConfig: Setting CVar [[r.HairStrands.DeepShadow.SuperSampling:0]]
[2020.10.18-19.18.29:147][  0]LogConfig: Setting CVar [[r.HairStrands.VisibilityPPLL:0]]
[2020.10.18-19.18.29:147][  0]LogConfig: Setting CVar [[r.HairStrands.RasterizationScale:0.5]]
[2020.10.18-19.18.29:147][  0]LogConfig: Setting CVar [[r.HairStrands.VelocityRasterizationScale:1]]
[2020.10.18-19.18.29:147][  0]LogConfig: Applying CVar settings from Section [Startup] File [../../../Engine/Config/ConsoleVariables.ini]
[2020.10.18-19.18.29:147][  0]LogConfig: Setting CVar [[net.UseAdaptiveNetUpdateFrequency:0]]
[2020.10.18-19.18.29:148][  0]LogConfig: Setting CVar [[p.chaos.AllowCreatePhysxBodies:1]]
[2020.10.18-19.18.29:148][  0]LogConfig: Setting CVar [[fx.SkipVectorVMBackendOptimizations:1]]
[2020.10.18-19.18.29:148][  0]LogConfig: Applying CVar settings from Section [ConsoleVariables] File [C:/Users/jake9/Documents/Unreal Projects/FPSMultiplayerTemplate3/GameTestZone/Saved/Config/Windows/Engine.ini]
[2020.10.18-19.18.29:148][  0]LogInit: Computer: DESKTOP-78DOOSV
[2020.10.18-19.18.29:148][  0]LogInit: User: jake9
[2020.10.18-19.18.29:148][  0]LogInit: CPU Page size=4096, Cores=6
[2020.10.18-19.18.29:148][  0]LogInit: High frequency timer resolution =10.000000 MHz
[2020.10.18-19.18.29:148][  0]LogMemory: Memory total: Physical=16.0GB (16GB approx)
[2020.10.18-19.18.29:148][  0]LogMemory: Platform Memory Stats for Windows
[2020.10.18-19.18.29:148][  0]LogMemory: Process Physical Memory: 119.05 MB used, 119.05 MB peak
[2020.10.18-19.18.29:148][  0]LogMemory: Process Virtual Memory: 97.52 MB used, 97.52 MB peak
[2020.10.18-19.18.29:148][  0]LogMemory: Physical Memory: 7515.18 MB used,  8818.15 MB free, 16333.33 MB total
[2020.10.18-19.18.29:148][  0]LogMemory: Virtual Memory: 5166.84 MB used,  134212560.00 MB free, 134217728.00 MB total
[2020.10.18-19.18.29:153][  0]LogWindows: WindowsPlatformFeatures enabled
[2020.10.18-19.18.29:197][  0]LogInit: Physics initialised using underlying interface: PhysX
[2020.10.18-19.18.29:197][  0]LogInit: Using OS detected language (en-US).
[2020.10.18-19.18.29:197][  0]LogInit: Using OS detected locale (en-US).
[2020.10.18-19.18.29:200][  0]LogTextLocalizationManager: No specific localization for 'en-US' exists, so the 'en' localization will be used.
[2020.10.18-19.18.29:377][  0]LogSlate: New Slate User Created.  User Index 0, Is Virtual User: 0
[2020.10.18-19.18.29:377][  0]LogSlate: Slate User Registered.  User Index 0, Is Virtual User: 0
[2020.10.18-19.18.29:386][  0]LogHMD: Failed to initialize OpenVR with code 110
[2020.10.18-19.18.29:386][  0]LogD3D11RHI: D3D11 min allowed feature level: 11_0
[2020.10.18-19.18.29:386][  0]LogD3D11RHI: D3D11 max allowed feature level: 11_0
[2020.10.18-19.18.29:386][  0]LogD3D11RHI: D3D11 adapters:
[2020.10.18-19.18.29:446][  0]LogD3D11RHI:    0. 'NVIDIA GeForce GTX 1660 SUPER' (Feature Level 11_0)
[2020.10.18-19.18.29:446][  0]LogD3D11RHI:       5991/0/8166 MB DedicatedVideo/DedicatedSystem/SharedSystem, Outputs:2, VendorId:0x10de
[2020.10.18-19.18.29:448][  0]LogD3D11RHI:    1. 'Microsoft Basic Render Driver' (Feature Level 11_0)
[2020.10.18-19.18.29:448][  0]LogD3D11RHI:       0/0/8166 MB DedicatedVideo/DedicatedSystem/SharedSystem, Outputs:0, VendorId:0x1414
[2020.10.18-19.18.29:448][  0]LogD3D11RHI: Chosen D3D11 Adapter: 0
[2020.10.18-19.18.29:455][  0]LogD3D11RHI: Creating new Direct3DDevice
[2020.10.18-19.18.29:455][  0]LogD3D11RHI:     GPU DeviceId: 0x21c4 (for the marketing name, search the web for "GPU Device Id")
[2020.10.18-19.18.29:455][  0]LogWindows: EnumDisplayDevices:
[2020.10.18-19.18.29:455][  0]LogWindows:    0. 'NVIDIA GeForce GTX 1660 SUPER' (P:1 D:1)
[2020.10.18-19.18.29:455][  0]LogWindows:    1. 'NVIDIA GeForce GTX 1660 SUPER' (P:0 D:1)
[2020.10.18-19.18.29:456][  0]LogWindows:    2. 'NVIDIA GeForce GTX 1660 SUPER' (P:0 D:0)
[2020.10.18-19.18.29:456][  0]LogWindows:    3. 'NVIDIA GeForce GTX 1660 SUPER' (P:0 D:0)
[2020.10.18-19.18.29:456][  0]LogWindows: DebugString: FoundDriverCount:4 
[2020.10.18-19.18.29:456][  0]LogD3D11RHI:     Adapter Name: NVIDIA GeForce GTX 1660 SUPER
[2020.10.18-19.18.29:456][  0]LogD3D11RHI:   Driver Version: 456.38 (internal:27.21.14.5638, unified:456.38)
[2020.10.18-19.18.29:456][  0]LogD3D11RHI:      Driver Date: 9-14-2020
[2020.10.18-19.18.29:456][  0]LogRHI: Texture pool is 4193 MB (70% of 5991 MB)
[2020.10.18-19.18.29:502][  0]LogD3D11RHI: RHI has support for 64 bit atomics
[2020.10.18-19.18.29:502][  0]LogD3D11RHI: Async texture creation enabled
[2020.10.18-19.18.29:502][  0]LogD3D11RHI: Array index from any shader is supported
[2020.10.18-19.18.29:530][  0]LogD3D11RHI: GPU Timing Frequency: 1000.000000 (Debug: 2 1)
[2020.10.18-19.18.29:790][  0]LogTargetPlatformManager: Display: Loaded TargetPlatform 'WindowsNoEditor'
[2020.10.18-19.18.29:794][  0]LogTargetPlatformManager: Display: Loaded TargetPlatform 'Windows'
[2020.10.18-19.18.29:803][  0]LogTargetPlatformManager: Display: Loaded TargetPlatform 'WindowsClient'
[2020.10.18-19.18.29:811][  0]LogTargetPlatformManager: Display: Loaded TargetPlatform 'WindowsServer'
[2020.10.18-19.18.29:811][  0]LogTargetPlatformManager: Display: Building Assets For Windows
[2020.10.18-19.18.29:818][  0]LogAudioDebug: Display: Lib vorbis DLL was dynamically loaded.
[2020.10.18-19.18.29:870][  0]LogShaderCompilers: Guid format shader working directory is -41 characters bigger than the processId version (../../../../Users/jake9/Documents/Unreal Projects/FPSMultiplayerTemplate3/GameTestZone/Intermediate/Shaders/WorkingDirectory/18324/).
[2020.10.18-19.18.29:871][  0]LogShaderCompilers: Cleaned the shader compiler working directory 'C:/Users/jake9/AppData/Local/Temp/UnrealShaderWorkingDir/7E1A13BA46D2B6BD2ABA0E97596D5CAF/'.
[2020.10.18-19.18.29:871][  0]LogXGEController: Cannot use XGE Controller as Incredibuild is not installed on this machine.
[2020.10.18-19.18.29:871][  0]LogShaderCompilers: Cannot use XGE Shader Compiler as Incredibuild is not installed on this machine.
[2020.10.18-19.18.29:871][  0]LogShaderCompilers: Display: Using Local Shader Compiler.
[2020.10.18-19.18.30:555][  0]LogDerivedDataCache: Display: Max Cache Size: 512 MB
[2020.10.18-19.18.30:602][  0]LogDerivedDataCache: Loaded boot cache 0.05s 76MB C:/Users/jake9/AppData/Local/UnrealEngine/4.25/DerivedDataCache/Boot.ddc.
[2020.10.18-19.18.30:602][  0]LogDerivedDataCache: Display: Loaded Boot cache: C:/Users/jake9/AppData/Local/UnrealEngine/4.25/DerivedDataCache/Boot.ddc
[2020.10.18-19.18.30:602][  0]LogDerivedDataCache: FDerivedDataBackendGraph:  Pak pak cache file ../../../../Users/jake9/Documents/Unreal Projects/FPSMultiplayerTemplate3/GameTestZone/DerivedDataCache/DDC.ddp not found, will not use a pak cache.
[2020.10.18-19.18.30:602][  0]LogDerivedDataCache: Unable to find inner node Pak for hierarchical cache Hierarchy.
[2020.10.18-19.18.30:602][  0]LogDerivedDataCache: FDerivedDataBackendGraph:  CompressedPak pak cache file ../../../../Users/jake9/Documents/Unreal Projects/FPSMultiplayerTemplate3/GameTestZone/DerivedDataCache/Compressed.ddp not found, will not use a pak cache.
[2020.10.18-19.18.30:602][  0]LogDerivedDataCache: Unable to find inner node CompressedPak for hierarchical cache Hierarchy.
[2020.10.18-19.18.30:612][  0]LogDerivedDataCache: Display: Pak cache opened for reading ../../../Engine/DerivedDataCache/Compressed.ddp.
[2020.10.18-19.18.30:612][  0]LogDerivedDataCache: FDerivedDataBackendGraph:  EnterprisePak pak cache file ../../../Enterprise/DerivedDataCache/Compressed.ddp not found, will not use a pak cache.
[2020.10.18-19.18.30:612][  0]LogDerivedDataCache: Unable to find inner node EnterprisePak for hierarchical cache Hierarchy.
[2020.10.18-19.18.30:614][  0]LogDerivedDataCache: Using Local data cache path C:/Users/jake9/AppData/Local/UnrealEngine/Common/DerivedDataCache: Writable
[2020.10.18-19.18.30:614][  0]LogDerivedDataCache: Shared data cache path not found in *engine.ini, will not use an Shared cache.
[2020.10.18-19.18.30:614][  0]LogDerivedDataCache: Unable to find inner node Shared for hierarchical cache Hierarchy.
[2020.10.18-19.18.30:650][  0]LogSlate: Using FreeType 2.10.0
[2020.10.18-19.18.30:651][  0]LogSlate: SlateFontServices - WITH_FREETYPE: 1, WITH_HARFBUZZ: 1
[2020.10.18-19.18.30:739][  0]LogInit: Using OS detected language (en-US).
[2020.10.18-19.18.30:739][  0]LogInit: Using OS detected locale (en-US).
[2020.10.18-19.18.30:739][  0]LogTextLocalizationManager: No localization for 'en-US' exists, so 'en' will be used for the language.
[2020.10.18-19.18.30:739][  0]LogTextLocalizationManager: No localization for 'en-US' exists, so 'en' will be used for the locale.
[2020.10.18-19.18.30:739][  0]LogSlate: FontCache flush requested. Reason: Culture for localization was changed
[2020.10.18-19.18.30:739][  0]LogSlate: FontCache flush requested. Reason: Culture for localization was changed
[2020.10.18-19.18.30:741][  0]LogTextLocalizationManager: Compacting localization data took   0.00ms
[2020.10.18-19.18.30:744][  0]LogAssetRegistry: FAssetRegistry took 0.0024 seconds to start up
[2020.10.18-19.18.30:907][  0]LogPackageLocalizationCache: Processed 19 localized package path(s) for 1 prioritized culture(s) in 0.000718 seconds
[2020.10.18-19.18.30:950][  0]LogInit: Selected Device Profile: [Windows]
[2020.10.18-19.18.31:040][  0]LogMeshReduction: Using QuadricMeshReduction for automatic static mesh reduction
[2020.10.18-19.18.31:040][  0]LogMeshReduction: Using SimplygonMeshReduction for automatic skeletal mesh reduction
[2020.10.18-19.18.31:040][  0]LogMeshReduction: Using ProxyLODMeshReduction for automatic mesh merging
[2020.10.18-19.18.31:040][  0]LogMeshReduction: No distributed automatic mesh merging module available
[2020.10.18-19.18.31:040][  0]LogMeshMerging: No distributed automatic mesh merging module available
[2020.10.18-19.18.31:055][  0]LogNetVersion: FPSMultiplayerTemplate3 1.0.0, NetCL: 13144385, EngineNetVer: 14, GameNetVer: 0 (Checksum: 1939266206)
[2020.10.18-19.18.31:263][  0]LogAISub: UAISubsystem::UAISubsystem AISubsystem (00000273DC73F600), frame # 0
[2020.10.18-19.18.31:263][  0]LogAISub: UAISubsystem::UAISubsystem AIPerceptionSystem (00000273DC72BC40), frame # 0
[2020.10.18-19.18.31:264][  0]LogAISub: UAISubsystem::UAISubsystem EnvQueryManager (00000273DC799A00), frame # 0
[2020.10.18-19.18.31:339][  0]LogCollectionManager: Loaded 0 collections in 0.001658 seconds
[2020.10.18-19.18.31:342][  0]LogFileCache: Scanning file cache for directory 'C:/Users/jake9/Documents/Unreal Projects/FPSMultiplayerTemplate3/GameTestZone/Saved/Collections/' took 0.00s
[2020.10.18-19.18.31:342][  0]LogFileCache: Scanning file cache for directory 'C:/Users/jake9/Documents/Unreal Projects/FPSMultiplayerTemplate3/GameTestZone/Content/Developers/jake9/Collections/' took 0.00s
[2020.10.18-19.18.31:342][  0]LogFileCache: Scanning file cache for directory 'C:/Users/jake9/Documents/Unreal Projects/FPSMultiplayerTemplate3/GameTestZone/Content/Collections/' took 0.00s
[2020.10.18-19.18.31:342][  0]LogCollectionManager: Fixed up redirectors for 0 collections in 0.000002 seconds (updated 0 objects)
[2020.10.18-19.18.31:395][  0]LogMoviePlayer: Initializing movie player
[2020.10.18-19.18.31:546][  0]LogTcpMessaging: Initializing TcpMessaging bridge
[2020.10.18-19.18.31:549][  0]LogUdpMessaging: Initializing bridge on interface 0.0.0.0:0 to multicast group 230.0.0.1:6666.
[2020.10.18-19.18.31:586][  0]SourceControl: Source control is disabled
[2020.10.18-19.18.31:586][  0]SourceControl: Source control is disabled
[2020.10.18-19.18.31:593][  0]SourceControl: Source control is disabled
[2020.10.18-19.18.31:705][  0]LogAndroidPermission: UAndroidPermissionCallbackProxy::GetInstance
[2020.10.18-19.18.31:721][  0]LogAudioCaptureCore: Display: No Audio Capture implementations found. Audio input will be silent.
[2020.10.18-19.18.31:721][  0]LogAudioCaptureCore: Display: No Audio Capture implementations found. Audio input will be silent.
[2020.10.18-19.18.31:759][  0]LogOcInput: OculusInput pre-init called
[2020.10.18-19.18.31:773][  0]LogUObjectArray: 19072 objects as part of root set at end of initial load.
[2020.10.18-19.18.31:773][  0]LogUObjectAllocator: 5026912 out of 0 bytes used by permanent object pool.
[2020.10.18-19.18.31:773][  0]LogUObjectArray: CloseDisregardForGC: 0/0 objects in disregard for GC pool
[2020.10.18-19.18.31:813][  0]LogEngine: Initializing Engine...
[2020.10.18-19.18.31:815][  0]LogHMD: Failed to initialize OpenVR with code 110
[2020.10.18-19.18.31:815][  0]LogMagicLeap: Warning: VR disabled because ZI is not enabled.  To enable, in the editor, Edit -> Project Settings -> Plugins -> Magic Leap Plugin -> Enable Zero Iteration
[2020.10.18-19.18.31:816][  0]LogStats: UGameplayTagsManager::InitializeManager -  0.000 s
[2020.10.18-19.18.31:890][  0]LogInit: Initializing FReadOnlyCVARCache
[2020.10.18-19.18.31:894][  0]LogAudioMixer: Display: Audio Mixer Platform Settings:
[2020.10.18-19.18.31:894][  0]LogAudioMixer: Display: 	Sample Rate:						  48000
[2020.10.18-19.18.31:894][  0]LogAudioMixer: Display: 	Callback Buffer Frame Size Requested: 1024
[2020.10.18-19.18.31:894][  0]LogAudioMixer: Display: 	Callback Buffer Frame Size To Use:	  1024
[2020.10.18-19.18.31:894][  0]LogAudioMixer: Display: 	Number of buffers to queue:			  2
[2020.10.18-19.18.31:894][  0]LogAudioMixer: Display: 	Max Channels (voices):				  32
[2020.10.18-19.18.31:894][  0]LogAudioMixer: Display: 	Number of Async Source Workers:		  0
[2020.10.18-19.18.31:894][  0]LogAudio: Display: AudioDevice MaxSources: 32
[2020.10.18-19.18.31:895][  0]LogAudio: Display: Using built-in audio occlusion.
[2020.10.18-19.18.31:895][  0]LogAudioMixer: Display: Initializing audio mixer.
[2020.10.18-19.18.31:909][  0]LogAudioMixer: Display: 0: FrontLeft
[2020.10.18-19.18.31:909][  0]LogAudioMixer: Display: 1: FrontRight
[2020.10.18-19.18.31:938][  0]LogAudioMixer: Display: Using Audio Device Headset Earphone (Arctis 7 Chat)
[2020.10.18-19.18.31:945][  0]LogAudioMixer: Display: Initializing Sound Submixes...
[2020.10.18-19.18.31:946][  0]LogAudioMixer: Display: Creating Master Submix 'MasterSubmixDefault'
[2020.10.18-19.18.31:946][  0]LogAudioMixer: Display: Creating Master Submix 'MasterReverbSubmixDefault'
[2020.10.18-19.18.31:947][  0]LogAudioMixer: Display: Creating Master Submix 'MasterEQSubmixDefault'
[2020.10.18-19.18.31:948][  0]LogInit: FAudioDevice initialized.
[2020.10.18-19.18.31:949][  0]LogNetVersion: Set ProjectVersion to 3.3.1.0. Version Checksum will be recalculated on next use.
[2020.10.18-19.18.31:949][  0]LogInit: Texture streaming: Enabled
[2020.10.18-19.18.33:106][  0]LogBlueprint: Warning: [Compiler WB_Gameplay] Default value for  InFontInfo Outline Settings  on  Set Font  has changed and this asset is from a version that may have had incorrect default value information - verify and resave
[2020.10.18-19.18.33:107][  0]LogBlueprint: Warning: [Compiler WB_Gameplay] Default value for  InFontInfo Outline Settings  on  Set Font  has changed and this asset is from a version that may have had incorrect default value information - verify and resave
[2020.10.18-19.18.33:108][  0]LogBlueprint: Warning: [Compiler WB_Gameplay] Default value for  InFontInfo Outline Settings  on  Set Font  has changed and this asset is from a version that may have had incorrect default value information - verify and resave
[2020.10.18-19.18.33:109][  0]LogBlueprint: Warning: [Compiler WB_Gameplay] Default value for  InFontInfo Outline Settings  on  Set Font  has changed and this asset is from a version that may have had incorrect default value information - verify and resave
[2020.10.18-19.18.35:647][  0]LogSlate: Updating window title bar state: overlay mode, drag disabled, window buttons hidden, title bar hidden
[2020.10.18-19.18.35:648][  0]LogInit: Display: Game Engine Initialized.
[2020.10.18-19.18.35:648][  0]LogNiagaraEditor: Warning: GEditor isn't valid! Particle reset commands will not work for Niagara components!
[2020.10.18-19.18.35:676][  0]LogInit: Display: Starting Game.
[2020.10.18-19.18.35:677][  0]LogNet: Browse: /Game/FPS/Levels/Rush?Name=Player
[2020.10.18-19.18.35:678][  0]LogLoad: LoadMap: /Game/FPS/Levels/Rush?Name=Player
[2020.10.18-19.18.35:678][  0]LogWorld: BeginTearingDown for /Temp/Untitled_0
[2020.10.18-19.18.35:678][  0]LogWorld: UWorld::CleanupWorld for Untitled, bSessionEnded=true, bCleanupResources=true
[2020.10.18-19.18.35:678][  0]LogSlate: InvalidateAllWidgets triggered.  All widgets were invalidated
[2020.10.18-19.18.35:734][  0]LogUObjectHash: Compacting FUObjectHashTables data took   2.86ms
[2020.10.18-19.18.35:834][  0]LogUObjectGlobals: Warning: While loading '../../../Engine/Content/BasicShapes/Cube.uasset' failed to load '/Game/StarterContent/Materials/M_Metal_Gold': Can't find file.
[2020.10.18-19.18.35:835][  0]LogUObjectGlobals: Warning: While loading '../../../Engine/Content/BasicShapes/Cube.uasset' failed to load '/Game/StarterContent/Materials/M_Metal_Gold': Can't find file.
[2020.10.18-19.18.35:835][  0]LogUObjectGlobals: Warning: While loading '../../../Engine/Content/BasicShapes/Cube.uasset' failed to load '/Game/StarterContent/Materials/M_Metal_Gold': Can't find file.
[2020.10.18-19.18.35:835][  0]LogUObjectGlobals: Warning: While loading '../../../Engine/Content/BasicShapes/Cube.uasset' failed to load '/Game/StarterContent/Materials/M_Metal_Gold': Can't find file.
[2020.10.18-19.18.35:898][  0]LogAIModule: Creating AISystem for world Rush
[2020.10.18-19.18.35:898][  0]LogAISub: UAISubsystem::UAISubsystem EnvQueryManager (00000273ED6D2E00), frame # 0
[2020.10.18-19.18.35:898][  0]LogAISub: UAISubsystem::UAISubsystem AIPerceptionSystem (00000273D5E647C0), frame # 0
[2020.10.18-19.18.35:898][  0]LogLoad: Game class is 'FPS_RUSH_GM_C'
[2020.10.18-19.18.35:912][  0]LogWorld: Bringing World /Game/FPS/Levels/Rush.Rush up for play (max tick rate 0) at 2020.10.18-15.18.35
[2020.10.18-19.18.35:912][  0]LogWorld: Bringing up level for play took: 0.013183
[2020.10.18-19.18.35:929][  0]LogSpawn: Warning: SpawnActor failed because no class was specified
[2020.10.18-19.18.35:933][  0]LogGameMode: Display: Match State Changed from EnteringMap to WaitingToStart
[2020.10.18-19.18.35:935][  0]LogStreaming: Warning: Failed to read file '../../../../Users/jake9/Documents/Unreal Projects/FPSMultiplayerTemplate3/GameTestZone/Saved/SaveGames/Slot_01.sav' error.
[2020.10.18-19.18.35:936][  0]LogGameState: Match State Changed from EnteringMap to WaitingToStart
[2020.10.18-19.18.35:936][  0]LogLoad: Took 0.258639 seconds to LoadMap(/Game/FPS/Levels/Rush)
[2020.10.18-19.18.35:939][  0]LogSlate: Took 0.000134 seconds to synchronously load lazily loaded font '../../../Engine/Content/Slate/Fonts/Roboto-Regular.ttf' (155K)
[2020.10.18-19.18.35:975][  0]LogRenderer: Reallocating scene render targets to support 1280x720 Format 10 NumSamples 1 (Frame:1).
[2020.10.18-19.18.35:976][  0]LogLoad: (Engine Initialization) Total time: 8.19 seconds
[2020.10.18-19.18.35:976][  0]LogLoad: (Engine Initialization) Total Blueprint compile time: 0.00 seconds
[2020.10.18-19.18.35:994][  0]LogContentStreaming: Texture pool size now 1000 MB
[2020.10.18-19.18.36:004][  0]LogSlate: InvalidateAllWidgets triggered.  All widgets were invalidated
[2020.10.18-19.18.36:179][  0]LogRenderer: Reallocating scene render targets to support 128x128 Format 10 NumSamples 1 (Frame:1).
[2020.10.18-19.18.36:213][  0]LogRenderer: Reallocating scene render targets to support 1280x720 Format 10 NumSamples 1 (Frame:2).
[2020.10.18-19.18.36:275][  1]LogSlate: Took 0.000173 seconds to synchronously load lazily loaded font '../../../Engine/Content/Slate/Fonts/Roboto-Regular.ttf' (155K)
[2020.10.18-19.18.45:935][388]LogSlate: Updating window title bar state: overlay mode, drag disabled, window buttons hidden, title bar hidden
[2020.10.18-19.18.46:132][414]LogOnlineSession: Warning: OSS: Can't destroy a null online session (GameSession)
[2020.10.18-19.18.46:223][414]LogPackageName: SearchForPackageOnDisk took   0.090s to resolve MainMenu.umap.
[2020.10.18-19.18.46:224][415]LogGameMode: Display: Match State Changed from WaitingToStart to LeavingMap
[2020.10.18-19.18.46:224][415]LogGameState: Match State Changed from WaitingToStart to LeavingMap
[2020.10.18-19.18.46:314][415]LogPackageName: SearchForPackageOnDisk took   0.090s to resolve MainMenu.umap.
[2020.10.18-19.18.46:314][415]LogNet: Browse: /Game/FPS/Levels/MainMenu
[2020.10.18-19.18.46:314][415]LogLoad: LoadMap: /Game/FPS/Levels/MainMenu
[2020.10.18-19.18.46:314][415]LogWorld: BeginTearingDown for /Game/FPS/Levels/Rush
[2020.10.18-19.18.46:315][415]LogScript: Warning: Script Msg: DestroySession - Invalid player state
[2020.10.18-19.18.46:316][415]LogWorld: UWorld::CleanupWorld for Rush, bSessionEnded=true, bCleanupResources=true
[2020.10.18-19.18.46:317][415]LogSlate: InvalidateAllWidgets triggered.  All widgets were invalidated
[2020.10.18-19.18.46:355][415]LogAISub: UAISubsystem::~UAISubsystem AIPerceptionSystem (00000273D5E647C0), frame # 1415
[2020.10.18-19.18.46:355][415]LogAISub: UAISubsystem::~UAISubsystem EnvQueryManager (00000273ED6D2E00), frame # 1415
[2020.10.18-19.18.46:358][415]LogUObjectHash: Compacting FUObjectHashTables data took   1.57ms
[2020.10.18-19.18.46:403][415]LogAIModule: Creating AISystem for world MainMenu
[2020.10.18-19.18.46:403][415]LogAISub: UAISubsystem::UAISubsystem EnvQueryManager (00000273EE018800), frame # 1415
[2020.10.18-19.18.46:403][415]LogAISub: UAISubsystem::UAISubsystem AIPerceptionSystem (00000273ED24B600), frame # 1415
[2020.10.18-19.18.46:403][415]LogLoad: Game class is 'FPS_GM_C'
[2020.10.18-19.18.46:405][415]LogWorld: Bringing World /Game/FPS/Levels/MainMenu.MainMenu up for play (max tick rate 0) at 2020.10.18-15.18.46
[2020.10.18-19.18.46:405][415]LogWorld: Bringing up level for play took: 0.001617
[2020.10.18-19.18.46:405][415]LogSpawn: Warning: SpawnActor failed because no class was specified
[2020.10.18-19.18.46:408][415]LogGameMode: Display: Match State Changed from EnteringMap to WaitingToStart
[2020.10.18-19.18.46:409][415]LogSlate: Updating window title bar state: overlay mode, drag disabled, window buttons hidden, title bar hidden
[2020.10.18-19.18.46:410][415]LogPlayerController: Error: InputMode:UIOnly - Attempting to focus Non-Focusable widget SObjectWidget [Widget.cpp(799)]!
[2020.10.18-19.18.46:411][415]LogOnlineSession: Warning: OSS: Can't destroy a null online session (GameSession)
[2020.10.18-19.18.46:411][415]LogStreaming: Warning: Failed to read file '../../../../Users/jake9/Documents/Unreal Projects/FPSMultiplayerTemplate3/GameTestZone/Saved/SaveGames/Slot_01.sav' error.
[2020.10.18-19.18.46:411][415]LogGameState: Match State Changed from EnteringMap to WaitingToStart
[2020.10.18-19.18.46:412][415]LogLoad: Took 0.097414 seconds to LoadMap(/Game/FPS/Levels/MainMenu)
[2020.10.18-19.18.47:432][547]LogSlate: WidgetSwitcher ('None') active index changed to 1
[2020.10.18-19.18.49:225][806]LogSlate: WidgetSwitcher ('None') active index changed to 0
[2020.10.18-19.18.49:871][899]LogSlate: Updating window title bar state: overlay mode, drag disabled, window buttons hidden, title bar hidden
[2020.10.18-19.19.06:808][325]LogPackageName: SearchForPackageOnDisk took   0.090s to resolve CTF.umap.
[2020.10.18-19.19.06:810][326]LogGameMode: Display: Match State Changed from WaitingToStart to LeavingMap
[2020.10.18-19.19.06:810][326]LogGameState: Match State Changed from WaitingToStart to LeavingMap
[2020.10.18-19.19.06:899][326]LogPackageName: SearchForPackageOnDisk took   0.089s to resolve CTF.umap.
[2020.10.18-19.19.06:899][326]LogNet: Browse: /Game/FPS/Levels/CTF
[2020.10.18-19.19.06:899][326]LogLoad: LoadMap: /Game/FPS/Levels/CTF
[2020.10.18-19.19.06:899][326]LogWorld: BeginTearingDown for /Game/FPS/Levels/MainMenu
[2020.10.18-19.19.06:900][326]LogScript: Warning: Script Msg: DestroySession - Invalid player state
[2020.10.18-19.19.06:900][326]LogWorld: UWorld::CleanupWorld for MainMenu, bSessionEnded=true, bCleanupResources=true
[2020.10.18-19.19.06:900][326]LogSlate: InvalidateAllWidgets triggered.  All widgets were invalidated
[2020.10.18-19.19.06:944][326]LogAISub: UAISubsystem::~UAISubsystem AIPerceptionSystem (00000273ED24B600), frame # 4326
[2020.10.18-19.19.06:944][326]LogAISub: UAISubsystem::~UAISubsystem EnvQueryManager (00000273EE018800), frame # 4326
[2020.10.18-19.19.06:946][326]LogUObjectHash: Compacting FUObjectHashTables data took   1.26ms
[2020.10.18-19.19.07:086][326]LogUObjectGlobals: Warning: While loading '../../../Engine/Content/BasicShapes/Cube.uasset' failed to load '/Game/StarterContent/Materials/M_Metal_Gold': Can't find file.
[2020.10.18-19.19.07:087][326]LogUObjectGlobals: Warning: While loading '../../../Engine/Content/BasicShapes/Cube.uasset' failed to load '/Game/StarterContent/Materials/M_Metal_Gold': Can't find file.
[2020.10.18-19.19.07:087][326]LogUObjectGlobals: Warning: While loading '../../../Engine/Content/BasicShapes/Cube.uasset' failed to load '/Game/StarterContent/Materials/M_Metal_Gold': Can't find file.
[2020.10.18-19.19.07:087][326]LogUObjectGlobals: Warning: While loading '../../../Engine/Content/BasicShapes/Cube.uasset' failed to load '/Game/StarterContent/Materials/M_Metal_Gold': Can't find file.
[2020.10.18-19.19.07:138][326]LogAIModule: Creating AISystem for world CTF
[2020.10.18-19.19.07:138][326]LogAISub: UAISubsystem::UAISubsystem EnvQueryManager (00000273ED63C400), frame # 4326
[2020.10.18-19.19.07:138][326]LogAISub: UAISubsystem::UAISubsystem AIPerceptionSystem (00000273D4AAFD80), frame # 4326
[2020.10.18-19.19.07:138][326]LogLoad: Game class is 'FPS_CTF_GM_C'
[2020.10.18-19.19.07:142][326]LogPhysics: Warning: Scale for /Game/FPS/Levels/CTF.CTF:PersistentLevel.Cube47.StaticMeshComponent0 has a component set to zero, which will result in a bad body instance. Scale:X=1.250 Y=0.000 Z=11.250
[2020.10.18-19.19.07:142][326]LogPhysics: Warning: Scale for /Game/FPS/Levels/CTF.CTF:PersistentLevel.Cube48.StaticMeshComponent0 has a component set to zero, which will result in a bad body instance. Scale:X=0.250 Y=0.000 Z=11.250
[2020.10.18-19.19.07:150][326]LogWorld: Bringing World /Game/FPS/Levels/CTF.CTF up for play (max tick rate 0) at 2020.10.18-15.19.07
[2020.10.18-19.19.07:150][326]LogWorld: Bringing up level for play took: 0.011845
[2020.10.18-19.19.07:165][326]LogSpawn: Warning: SpawnActor failed because no class was specified
[2020.10.18-19.19.07:168][326]LogGameMode: Display: Match State Changed from EnteringMap to WaitingToStart
[2020.10.18-19.19.07:169][326]LogStreaming: Warning: Failed to read file '../../../../Users/jake9/Documents/Unreal Projects/FPSMultiplayerTemplate3/GameTestZone/Saved/SaveGames/Slot_01.sav' error.
[2020.10.18-19.19.07:170][326]LogGameState: Match State Changed from EnteringMap to WaitingToStart
[2020.10.18-19.19.07:171][326]LogLoad: Took 0.272123 seconds to LoadMap(/Game/FPS/Levels/CTF)
[2020.10.18-19.19.53:826][ 18]LogSpawn: Warning: SpawnActor failed because of collision at the spawn location [X=-163.996 Y=-8177.548 Z=984.036] for [BP_AI_Pawn_A_C]
[2020.10.18-19.28.14:058][ 21]LogCharacterMovement: BP_AI_Pawn_A_C_113 is stuck and failed to move! Velocity: X=213.89 Y=-288.08 Z=0.00 Location: X=-3177.28 Y=1402.08 Z=943.92 Normal: X=-0.57 Y=-0.00 Z=-0.82 PenetrationDepth:0.347 Actor:SM_Building_314 Component:StaticMeshComponent0 BoneName:None (0 other events since notify)
[2020.10.18-19.28.15:238][191]LogCharacterMovement: BP_AI_Pawn_A_C_113 is stuck and failed to move! Velocity: X=20.49 Y=-3.25 Z=0.00 Location: X=-3177.21 Y=1388.21 Z=943.84 Normal: X=-0.57 Y=-0.00 Z=-0.82 PenetrationDepth:0.298 Actor:SM_Building_314 Component:StaticMeshComponent0 BoneName:None (30 other events since notify)
[2020.10.18-19.28.24:854][576]LogCharacterMovement: BP_AI_Pawn_A_C_113 is stuck and failed to move! Velocity: X=1.25 Y=28.28 Z=0.00 Location: X=-3177.20 Y=1387.06 Z=943.84 Normal: X=-0.57 Y=-0.00 Z=-0.82 PenetrationDepth:0.294 Actor:SM_Building_314 Component:StaticMeshComponent0 BoneName:None (0 other events since notify)
[2020.10.18-19.30.44:181][629]LogSlate: Updating window title bar state: overlay mode, drag disabled, window buttons hidden, title bar hidden
[2020.10.18-19.30.44:181][629]LogSlate: Updating window title bar state: overlay mode, drag disabled, window buttons hidden, title bar hidden
[2020.10.18-19.30.44:191][629]LogPlayerController: Error: InputMode:UIOnly - Attempting to focus Non-Focusable widget SObjectWidget [Widget.cpp(799)]!
[2020.10.18-19.30.48:843][300]LogSlate: Updating window title bar state: overlay mode, drag disabled, window buttons hidden, title bar hidden
[2020.10.18-19.30.49:039][328]LogOnlineSession: Warning: OSS: Can't destroy a null online session (GameSession)
[2020.10.18-19.30.49:134][328]LogPackageName: SearchForPackageOnDisk took   0.095s to resolve MainMenu.umap.
[2020.10.18-19.30.49:136][329]LogGameMode: Display: Match State Changed from WaitingToStart to LeavingMap
[2020.10.18-19.30.49:136][329]LogGameState: Match State Changed from WaitingToStart to LeavingMap
[2020.10.18-19.30.49:230][329]LogPackageName: SearchForPackageOnDisk took   0.093s to resolve MainMenu.umap.
[2020.10.18-19.30.49:230][329]LogNet: Browse: /Game/FPS/Levels/MainMenu
[2020.10.18-19.30.49:230][329]LogLoad: LoadMap: /Game/FPS/Levels/MainMenu
[2020.10.18-19.30.49:230][329]LogWorld: BeginTearingDown for /Game/FPS/Levels/CTF
[2020.10.18-19.30.49:231][329]LogScript: Warning: Script Msg: DestroySession - Invalid player state
[2020.10.18-19.30.49:232][329]LogWorld: UWorld::CleanupWorld for CTF, bSessionEnded=true, bCleanupResources=true
[2020.10.18-19.30.49:235][329]LogSlate: InvalidateAllWidgets triggered.  All widgets were invalidated
[2020.10.18-19.30.49:288][329]LogAISub: UAISubsystem::~UAISubsystem AIPerceptionSystem (00000273D4AAFD80), frame # 105329
[2020.10.18-19.30.49:288][329]LogAISub: UAISubsystem::~UAISubsystem EnvQueryManager (00000273ED63C400), frame # 105329
[2020.10.18-19.30.49:292][329]LogUObjectHash: Compacting FUObjectHashTables data took   1.52ms
[2020.10.18-19.30.49:339][329]LogAIModule: Creating AISystem for world MainMenu
[2020.10.18-19.30.49:339][329]LogAISub: UAISubsystem::UAISubsystem EnvQueryManager (00000273ED60FC00), frame # 105329
[2020.10.18-19.30.49:339][329]LogAISub: UAISubsystem::UAISubsystem AIPerceptionSystem (00000273D1AF5300), frame # 105329
[2020.10.18-19.30.49:340][329]LogLoad: Game class is 'FPS_GM_C'
[2020.10.18-19.30.49:342][329]LogWorld: Bringing World /Game/FPS/Levels/MainMenu.MainMenu up for play (max tick rate 0) at 2020.10.18-15.30.49
[2020.10.18-19.30.49:342][329]LogWorld: Bringing up level for play took: 0.001863
[2020.10.18-19.30.49:342][329]LogSpawn: Warning: SpawnActor failed because no class was specified
[2020.10.18-19.30.49:346][329]LogGameMode: Display: Match State Changed from EnteringMap to WaitingToStart
[2020.10.18-19.30.49:346][329]LogSlate: Updating window title bar state: overlay mode, drag disabled, window buttons hidden, title bar hidden
[2020.10.18-19.30.49:346][329]LogPlayerController: Error: InputMode:UIOnly - Attempting to focus Non-Focusable widget SObjectWidget [Widget.cpp(799)]!
[2020.10.18-19.30.49:346][329]LogOnlineSession: Warning: OSS: Can't destroy a null online session (GameSession)
[2020.10.18-19.30.49:347][329]LogStreaming: Warning: Failed to read file '../../../../Users/jake9/Documents/Unreal Projects/FPSMultiplayerTemplate3/GameTestZone/Saved/SaveGames/Slot_01.sav' error.
[2020.10.18-19.30.49:347][329]LogGameState: Match State Changed from EnteringMap to WaitingToStart
[2020.10.18-19.30.49:347][329]LogLoad: Took 0.117525 seconds to LoadMap(/Game/FPS/Levels/MainMenu)
[2020.10.18-19.30.58:575][656]LogSlate: Window 'FPSMultiplayerTemplate3 (64-bit Development PCD3D_SM5) ' being destroyed
[2020.10.18-19.30.58:578][657]LogScript: Warning: Script Msg: DestroySession - Invalid player state
[2020.10.18-19.30.58:578][657]LogSlate: Updating window title bar state: overlay mode, drag disabled, window buttons hidden, title bar hidden
[2020.10.18-19.30.58:578][657]LogEngine: All Windows Closed
[2020.10.18-19.30.58:578][657]LogWindows: FPlatformMisc::RequestExit(0)
[2020.10.18-19.30.58:578][657]LogCore: Engine exit requested (reason: Win RequestExit)
[2020.10.18-19.30.58:583][658]LogCore: Engine exit requested (reason: EngineExit() was called; note: exit was already requested)
[2020.10.18-19.30.58:584][658]LogAudio: Display: Shutting down audio device while 2 references to it are still alive. For more information, compile with INSTRUMENT_AUDIODEVICE_HANDLES.
[2020.10.18-19.30.58:626][658]LogInit: Display: PreExit Game.
[2020.10.18-19.30.58:668][658]LogWorld: BeginTearingDown for /Game/FPS/Levels/MainMenu
[2020.10.18-19.30.58:668][658]LogWorld: UWorld::CleanupWorld for MainMenu, bSessionEnded=true, bCleanupResources=true
[2020.10.18-19.30.58:669][658]LogSlate: InvalidateAllWidgets triggered.  All widgets were invalidated
[2020.10.18-19.30.59:430][658]LogExit: Preparing to exit.
[2020.10.18-19.31.00:155][658]LogMoviePlayer: Shutting down movie player
[2020.10.18-19.31.00:284][658]LogSlate: Updating window title bar state: overlay mode, drag disabled, window buttons hidden, title bar hidden
[2020.10.18-19.31.00:284][658]LogDemo: Cleaned up 0 splitscreen connections with owner deletion
[2020.10.18-19.31.00:288][658]LogExit: Game engine shut down
[2020.10.18-19.31.00:308][658]LogAISub: UAISubsystem::~UAISubsystem AISubsystem (00000273DC73F600), frame # 106658
[2020.10.18-19.31.00:308][658]LogAISub: UAISubsystem::~UAISubsystem AIPerceptionSystem (00000273DC72BC40), frame # 106658
[2020.10.18-19.31.00:308][658]LogAISub: UAISubsystem::~UAISubsystem EnvQueryManager (00000273DC799A00), frame # 106658
[2020.10.18-19.31.00:319][658]LogAISub: UAISubsystem::~UAISubsystem AIPerceptionSystem (00000273D1AF5300), frame # 106658
[2020.10.18-19.31.00:319][658]LogAISub: UAISubsystem::~UAISubsystem EnvQueryManager (00000273ED60FC00), frame # 106658
[2020.10.18-19.31.00:356][658]LogExit: Object subsystem successfully closed.
[2020.10.18-19.31.00:375][658]LogShaderCompilers: Display: Shaders left to compile 0
[2020.10.18-19.31.00:393][658]LogModuleManager: Shutting down and abandoning module SequenceRecorderSections (506)
[2020.10.18-19.31.00:393][658]LogModuleManager: Shutting down and abandoning module SequenceRecorder (504)
[2020.10.18-19.31.00:393][658]LogModuleManager: Shutting down and abandoning module AutomationController (502)
[2020.10.18-19.31.00:393][658]LogModuleManager: Shutting down and abandoning module AutomationWorker (500)
[2020.10.18-19.31.00:393][658]LogModuleManager: Shutting down and abandoning module Voice (498)
[2020.10.18-19.31.00:393][658]LogModuleManager: Shutting down and abandoning module AIModule (496)
[2020.10.18-19.31.00:393][658]LogModuleManager: Shutting down and abandoning module GameplayDebugger (495)
[2020.10.18-19.31.00:393][658]LogModuleManager: Shutting down and abandoning module AITestSuite (493)
[2020.10.18-19.31.00:393][658]LogModuleManager: Shutting down and abandoning module NavigationSystem (491)
[2020.10.18-19.31.00:393][658]LogModuleManager: Shutting down and abandoning module OculusMR (488)
[2020.10.18-19.31.00:393][658]LogModuleManager: Shutting down and abandoning module WmfMediaFactory (486)
[2020.10.18-19.31.00:393][658]LogModuleManager: Shutting down and abandoning module WebMMediaFactory (484)
[2020.10.18-19.31.00:393][658]LogModuleManager: Shutting down and abandoning module WebMMedia (482)
[2020.10.18-19.31.00:393][658]LogModuleManager: Shutting down and abandoning module OpenExrWrapper (480)
[2020.10.18-19.31.00:393][658]LogModuleManager: Shutting down and abandoning module ImgMediaFactory (478)
[2020.10.18-19.31.00:393][658]LogModuleManager: Shutting down and abandoning module AvfMediaFactory (476)
[2020.10.18-19.31.00:393][658]LogModuleManager: Shutting down and abandoning module MagicLeapMediaCodecFactory (474)
[2020.10.18-19.31.00:393][658]LogModuleManager: Shutting down and abandoning module MagicLeapMediaFactory (472)
[2020.10.18-19.31.00:393][658]LogModuleManager: Shutting down and abandoning module PlanarCut (470)
[2020.10.18-19.31.00:393][658]LogModuleManager: Shutting down and abandoning module CharacterAI (468)
[2020.10.18-19.31.00:393][658]LogModuleManager: Shutting down and abandoning module SessionServices (466)
[2020.10.18-19.31.00:393][658]LogModuleManager: Shutting down and abandoning module MovieSceneCapture (464)
[2020.10.18-19.31.00:393][658]LogModuleManager: Shutting down and abandoning module LiveCoding (462)
[2020.10.18-19.31.00:393][658]LogModuleManager: Shutting down and abandoning module LevelSequence (460)
[2020.10.18-19.31.00:393][658]LogModuleManager: Shutting down and abandoning module MovieSceneTracks (458)
[2020.10.18-19.31.00:393][658]LogModuleManager: Shutting down and abandoning module MovieScene (456)
[2020.10.18-19.31.00:393][658]LogModuleManager: Shutting down and abandoning module StreamingPauseRendering (454)
[2020.10.18-19.31.00:393][658]LogModuleManager: Shutting down and abandoning module PortalServices (452)
[2020.10.18-19.31.00:393][658]LogModuleManager: Shutting down and abandoning module PortalRpc (450)
[2020.10.18-19.31.00:393][658]LogModuleManager: Shutting down and abandoning module MessagingRpc (448)
[2020.10.18-19.31.00:394][658]LogModuleManager: Shutting down and abandoning module AudioMixerXAudio2 (446)
[2020.10.18-19.31.00:394][658]LogModuleManager: Shutting down and abandoning module AudioMixerCore (445)
[2020.10.18-19.31.00:394][658]LogModuleManager: Shutting down and abandoning module ProfilerService (442)
[2020.10.18-19.31.00:566][658]LogModuleManager: Shutting down and abandoning module TaskGraph (440)
[2020.10.18-19.31.00:566][658]LogModuleManager: Shutting down and abandoning module Synthesis (438)
[2020.10.18-19.31.00:566][658]LogModuleManager: Shutting down and abandoning module ProceduralMeshComponent (436)
[2020.10.18-19.31.00:566][658]LogModuleManager: Shutting down and abandoning module OculusInput (434)
[2020.10.18-19.31.00:566][658]LogModuleManager: Shutting down and abandoning module MobilePatchingUtils (432)
[2020.10.18-19.31.00:567][658]LogModuleManager: Shutting down and abandoning module GooglePAD (430)
[2020.10.18-19.31.00:567][658]LogModuleManager: Shutting down and abandoning module EditableMesh (428)
[2020.10.18-19.31.00:567][658]LogModuleManager: Shutting down and abandoning module CustomMeshComponent (426)
[2020.10.18-19.31.00:567][658]LogModuleManager: Shutting down and abandoning module CableComponent (424)
[2020.10.18-19.31.00:567][658]LogModuleManager: Shutting down and abandoning module AudioCapture (422)
[2020.10.18-19.31.00:567][658]LogModuleManager: Shutting down and abandoning module AudioCaptureRtAudio (421)
[2020.10.18-19.31.00:567][658]LogModuleManager: Shutting down and abandoning module AssetTags (418)
[2020.10.18-19.31.00:567][658]LogModuleManager: Shutting down and abandoning module ArchVisCharacter (416)
[2020.10.18-19.31.00:567][658]LogModuleManager: Shutting down and abandoning module AppleImageUtilsBlueprintSupport (414)
[2020.10.18-19.31.00:567][658]LogModuleManager: Shutting down and abandoning module AppleImageUtils (412)
[2020.10.18-19.31.00:567][658]LogModuleManager: Shutting down and abandoning module AndroidPermission (410)
[2020.10.18-19.31.00:567][658]LogModuleManager: Shutting down and abandoning module NUTUnrealEngine4 (408)
[2020.10.18-19.31.00:567][658]LogModuleManager: Shutting down and abandoning module NetcodeUnitTest (406)
[2020.10.18-19.31.00:567][658]LogModuleManager: Shutting down and abandoning module TemplateSequence (404)
[2020.10.18-19.31.00:567][658]LogModuleManager: Shutting down and abandoning module MovieRenderPipelineRenderPasses (402)
[2020.10.18-19.31.00:567][658]LogModuleManager: Shutting down and abandoning module MovieRenderPipelineSettings (400)
[2020.10.18-19.31.00:567][658]LogModuleManager: Shutting down and abandoning module MovieRenderPipelineCore (398)
[2020.10.18-19.31.00:567][658]LogModuleManager: Shutting down and abandoning module ImageWriteQueue (397)
[2020.10.18-19.31.00:570][658]LogModuleManager: Shutting down and abandoning module MediaCompositing (394)
[2020.10.18-19.31.00:570][658]LogModuleManager: Shutting down and abandoning module ImgMedia (392)
[2020.10.18-19.31.00:570][658]LogModuleManager: Shutting down and abandoning module MagicLeapSharedWorld (390)
[2020.10.18-19.31.00:570][658]LogModuleManager: Shutting down and abandoning module MagicLeapLightEstimation (388)
[2020.10.18-19.31.00:570][658]LogModuleManager: Shutting down and abandoning module MagicLeapHelperVulkan (386)
[2020.10.18-19.31.00:570][658]LogModuleManager: Shutting down and abandoning module MagicLeapHelperOpenGL (384)
[2020.10.18-19.31.00:570][658]LogModuleManager: Shutting down and abandoning module MagicLeapAudio (382)
[2020.10.18-19.31.00:570][658]LogModuleManager: Shutting down and abandoning module MeshSolverUtilities (380)
[2020.10.18-19.31.00:570][658]LogModuleManager: Shutting down and abandoning module MeshConversion (378)
[2020.10.18-19.31.00:570][658]LogModuleManager: Shutting down and abandoning module DynamicMesh (376)
[2020.10.18-19.31.00:570][658]LogModuleManager: Shutting down and abandoning module GeometryAlgorithms (374)
[2020.10.18-19.31.00:570][658]LogModuleManager: Shutting down and abandoning module GeometricObjects (372)
[2020.10.18-19.31.00:570][658]LogModuleManager: Shutting down and abandoning module GeometryCollectionTracks (370)
[2020.10.18-19.31.00:570][658]LogModuleManager: Shutting down and abandoning module GeometryCollectionSequencer (369)
[2020.10.18-19.31.00:570][658]LogModuleManager: Shutting down and abandoning module GeometryCacheTracks (366)
[2020.10.18-19.31.00:570][658]LogModuleManager: Shutting down and abandoning module GeometryCacheSequencer (365)
[2020.10.18-19.31.00:570][658]LogModuleManager: Shutting down and abandoning module GeometryCache (362)
[2020.10.18-19.31.00:570][658]LogModuleManager: Shutting down and abandoning module GeometryCacheEd (361)
[2020.10.18-19.31.00:570][658]LogModuleManager: Shutting down and abandoning module ChaosNiagara (358)
[2020.10.18-19.31.00:570][658]LogModuleManager: Shutting down and abandoning module ChaosCloth (356)
[2020.10.18-19.31.00:570][658]LogModuleManager: Shutting down and abandoning module BackChannel (354)
[2020.10.18-19.31.00:570][658]LogModuleManager: Shutting down and abandoning module AutomationUtils (352)
[2020.10.18-19.31.00:570][658]LogModuleManager: Shutting down and abandoning module VisualStudioSourceCodeAccess (350)
[2020.10.18-19.31.00:570][658]LogModuleManager: Shutting down and abandoning module HotReload (349)
[2020.10.18-19.31.00:570][658]LogModuleManager: Shutting down and abandoning module VisualStudioCodeSourceCodeAccess (346)
[2020.10.18-19.31.00:570][658]LogModuleManager: Shutting down and abandoning module UObjectPlugin (344)
[2020.10.18-19.31.00:570][658]LogModuleManager: Shutting down and abandoning module SubversionSourceControl (342)
[2020.10.18-19.31.00:570][658]LogModuleManager: Shutting down and abandoning module RiderSourceCodeAccess (340)
[2020.10.18-19.31.00:570][658]LogModuleManager: Shutting down and abandoning module PerforceSourceControl (338)
[2020.10.18-19.31.00:570][658]LogModuleManager: Shutting down and abandoning module SourceControl (337)
[2020.10.18-19.31.00:570][658]LogModuleManager: Shutting down and abandoning module CLionSourceCodeAccess (334)
[2020.10.18-19.31.00:570][658]LogModuleManager: Shutting down and abandoning module ActorLayerUtilities (332)
[2020.10.18-19.31.00:570][658]LogModuleManager: Shutting down and abandoning module SoundFields (330)
[2020.10.18-19.31.00:570][658]LogModuleManager: Shutting down and abandoning module SignificanceManager (328)
[2020.10.18-19.31.00:570][658]LogModuleManager: Shutting down and abandoning module RuntimePhysXCooking (326)
[2020.10.18-19.31.00:570][658]LogModuleManager: Shutting down and abandoning module PhysXVehiclesEditor (324)
[2020.10.18-19.31.00:570][658]LogModuleManager: Shutting down and abandoning module LocationServicesBPLibrary (320)
[2020.10.18-19.31.00:570][658]LogModuleManager: Shutting down and abandoning module ActorSequence (318)
[2020.10.18-19.31.00:570][658]LogModuleManager: Shutting down and abandoning module UdpMessaging (316)
[2020.10.18-19.31.00:672][658]LogModuleManager: Shutting down and abandoning module TcpMessaging (314)
[2020.10.18-19.31.01:151][658]LogModuleManager: Shutting down and abandoning module MagicLeapARPin (312)
[2020.10.18-19.31.01:151][658]LogModuleManager: Shutting down and abandoning module MagicLeapHandMeshing (310)
[2020.10.18-19.31.01:151][658]LogModuleManager: Shutting down and abandoning module MagicLeapSecureStorage (308)
[2020.10.18-19.31.01:151][658]LogModuleManager: Shutting down and abandoning module MagicLeapPrivileges (306)
[2020.10.18-19.31.01:151][658]LogModuleManager: Shutting down and abandoning module MagicLeapPlanes (304)
[2020.10.18-19.31.01:151][658]LogMagicLeapPlanes: Planes tracker already destroyed.
[2020.10.18-19.31.01:151][658]LogModuleManager: Shutting down and abandoning module MagicLeapImageTracker (302)
[2020.10.18-19.31.01:151][658]LogModuleManager: Shutting down and abandoning module MagicLeapIdentity (300)
[2020.10.18-19.31.01:151][658]LogModuleManager: Shutting down and abandoning module MagicLeapHandTracking (298)
[2020.10.18-19.31.01:151][658]LogModuleManager: Shutting down and abandoning module MagicLeapEyeTracker (296)
[2020.10.18-19.31.01:151][658]LogModuleManager: Shutting down and abandoning module MagicLeapController (294)
[2020.10.18-19.31.01:152][658]LogSlate: Slate User Destroyed.  User Index 0, Is Virtual User: 0
[2020.10.18-19.31.01:152][658]LogModuleManager: Shutting down and abandoning module MagicLeapARPinImpl (292)
[2020.10.18-19.31.01:152][658]LogModuleManager: Shutting down and abandoning module MagicLeapAR (290)
[2020.10.18-19.31.01:152][658]LogModuleManager: Shutting down and abandoning module AugmentedReality (289)
[2020.10.18-19.31.01:152][658]LogModuleManager: Shutting down and abandoning module NiagaraAnimNotifies (286)
[2020.10.18-19.31.01:152][658]LogModuleManager: Shutting down and abandoning module Niagara (284)
[2020.10.18-19.31.01:152][658]LogModuleManager: Shutting down and abandoning module SignalProcessing (283)
[2020.10.18-19.31.01:152][658]LogModuleManager: Shutting down and abandoning module NiagaraEditor (281)
[2020.10.18-19.31.01:152][658]LogModuleManager: Shutting down and abandoning module NiagaraCore (278)
[2020.10.18-19.31.01:152][658]LogModuleManager: Shutting down and abandoning module GameplayTagsEditor (276)
[2020.10.18-19.31.01:152][658]LogModuleManager: Shutting down and abandoning module FacialAnimation (274)
[2020.10.18-19.31.01:152][658]LogModuleManager: Shutting down and abandoning module AssetManagerEditor (272)
[2020.10.18-19.31.01:152][658]LogModuleManager: Shutting down and abandoning module TreeMap (271)
[2020.10.18-19.31.01:152][658]LogModuleManager: Shutting down and abandoning module AnimationSharing (268)
[2020.10.18-19.31.01:152][658]LogModuleManager: Shutting down and abandoning module LightPropagationVolumeRuntime (266)
[2020.10.18-19.31.01:152][658]LogModuleManager: Shutting down and abandoning module Paper2D (264)
[2020.10.18-19.31.01:152][658]LogModuleManager: Shutting down and abandoning module WindowsMoviePlayer (262)
[2020.10.18-19.31.01:154][658]LogModuleManager: Shutting down and abandoning module WebMMoviePlayer (260)
[2020.10.18-19.31.01:154][658]LogModuleManager: Shutting down and abandoning module NetworkReplayStreaming (258)
[2020.10.18-19.31.01:154][658]LogModuleManager: Shutting down and abandoning module PacketHandler (256)
[2020.10.18-19.31.01:154][658]LogModuleManager: Shutting down and abandoning module ClothingSystemEditor (254)
[2020.10.18-19.31.01:154][658]LogModuleManager: Shutting down and abandoning module ClothingSystemRuntimeNv (252)
[2020.10.18-19.31.01:154][658]LogModuleManager: Shutting down and abandoning module MediaAssets (250)
[2020.10.18-19.31.01:154][658]LogModuleManager: Shutting down and abandoning module Overlay (248)
[2020.10.18-19.31.01:154][658]LogModuleManager: Shutting down and abandoning module OverlayEditor (247)
[2020.10.18-19.31.01:154][658]LogModuleManager: Shutting down and abandoning module VREditor (244)
[2020.10.18-19.31.01:154][658]LogModuleManager: Shutting down and abandoning module StringTableEditor (242)
[2020.10.18-19.31.01:154][658]LogModuleManager: Shutting down and abandoning module GameplayTasksEditor (240)
[2020.10.18-19.31.01:154][658]LogModuleManager: Shutting down and abandoning module BehaviorTreeEditor (238)
[2020.10.18-19.31.01:154][658]LogModuleManager: Shutting down and abandoning module FunctionalTesting (236)
[2020.10.18-19.31.01:154][658]LogModuleManager: Shutting down and abandoning module CollisionAnalyzer (234)
[2020.10.18-19.31.01:154][658]LogModuleManager: Shutting down and abandoning module UMG (232)
[2020.10.18-19.31.01:154][658]LogModuleManager: Shutting down and abandoning module UMGEditor (231)
[2020.10.18-19.31.01:154][658]LogModuleManager: Shutting down and abandoning module Sequencer (230)
[2020.10.18-19.31.01:154][658]LogModuleManager: Shutting down and abandoning module MessageLog (227)
[2020.10.18-19.31.01:154][658]LogModuleManager: Shutting down and abandoning module MaterialEditor (225)
[2020.10.18-19.31.01:154][658]LogModuleManager: Shutting down and abandoning module ContentBrowser (224)
[2020.10.18-19.31.01:154][658]LogModuleManager: Shutting down and abandoning module WorkspaceMenuStructure (223)
[2020.10.18-19.31.01:154][658]LogModuleManager: Shutting down and abandoning module CollectionManager (221)
[2020.10.18-19.31.01:154][658]LogModuleManager: Shutting down and abandoning module DirectoryWatcher (220)
[2020.10.18-19.31.01:154][658]LogModuleManager: Shutting down and abandoning module SlateReflector (212)
[2020.10.18-19.31.01:154][658]LogModuleManager: Shutting down and abandoning module Slate (210)
[2020.10.18-19.31.01:154][658]LogModuleManager: Shutting down and abandoning module SlateCore (208)
[2020.10.18-19.31.01:154][658]LogModuleManager: Shutting down and abandoning module LandscapeEditorUtilities (206)
[2020.10.18-19.31.01:154][658]LogModuleManager: Shutting down and abandoning module EditorStyle (204)
[2020.10.18-19.31.01:155][658]LogModuleManager: Shutting down and abandoning module UnrealEd (202)
[2020.10.18-19.31.01:155][658]LogModuleManager: Shutting down and abandoning module MRMesh (200)
[2020.10.18-19.31.01:155][658]LogModuleManager: Shutting down and abandoning module Messaging (198)
[2020.10.18-19.31.01:155][658]LogModuleManager: Shutting down and abandoning module SourceCodeAccess (196)
[2020.10.18-19.31.01:155][658]LogModuleManager: Shutting down and abandoning module HeadMountedDisplay (194)
[2020.10.18-19.31.01:155][658]LogModuleManager: Shutting down and abandoning module XAudio2 (192)
[2020.10.18-19.31.01:155][658]LogModuleManager: Shutting down and abandoning module Networking (190)
[2020.10.18-19.31.01:155][658]LogModuleManager: Shutting down and abandoning module Core (188)
[2020.10.18-19.31.01:155][658]LogModuleManager: Shutting down and abandoning module MovieSceneTools (186)
[2020.10.18-19.31.01:155][658]LogModuleManager: Shutting down and abandoning module KismetCompiler (184)
[2020.10.18-19.31.01:155][658]LogModuleManager: Shutting down and abandoning module MeshBuilder (182)
[2020.10.18-19.31.01:155][658]LogModuleManager: Shutting down and abandoning module MeshUtilities (180)
[2020.10.18-19.31.01:155][658]LogModuleManager: Shutting down and abandoning module MeshMergeUtilities (179)
[2020.10.18-19.31.01:155][658]LogModuleManager: Shutting down and abandoning module MeshReductionInterface (178)
[2020.10.18-19.31.01:155][658]LogModuleManager: Shutting down and abandoning module MeshBoneReduction (177)
[2020.10.18-19.31.01:155][658]LogModuleManager: Shutting down and abandoning module SkeletalMeshReduction (175)
[2020.10.18-19.31.01:155][658]LogModuleManager: Shutting down and abandoning module ProxyLODMeshReduction (173)
[2020.10.18-19.31.01:156][658]LogModuleManager: Shutting down and abandoning module QuadricMeshReduction (171)
[2020.10.18-19.31.01:156][658]LogModuleManager: Shutting down and abandoning module MaterialBaking (167)
[2020.10.18-19.31.01:156][658]LogModuleManager: Shutting down and abandoning module NullInstallBundleManager (162)
[2020.10.18-19.31.01:156][658]LogModuleManager: Shutting down and abandoning module PIEPreviewDeviceProfileSelector (160)
[2020.10.18-19.31.01:156][658]LogModuleManager: Shutting down and abandoning module DerivedDataCache (158)
[2020.10.18-19.31.01:156][658]LogModuleManager: Shutting down and abandoning module XGEController (156)
[2020.10.18-19.31.01:156][658]LogModuleManager: Shutting down and abandoning module TargetPlatform (154)
[2020.10.18-19.31.01:156][658]LogModuleManager: Shutting down and abandoning module VulkanShaderFormat (153)
[2020.10.18-19.31.01:156][658]LogModuleManager: Shutting down and abandoning module ShaderFormatVectorVM (151)
[2020.10.18-19.31.01:156][658]LogModuleManager: Shutting down and abandoning module ShaderFormatOpenGL (149)
[2020.10.18-19.31.01:156][658]LogModuleManager: Shutting down and abandoning module ShaderFormatD3D (147)
[2020.10.18-19.31.01:156][658]LogModuleManager: Shutting down and abandoning module MetalShaderFormat (145)
[2020.10.18-19.31.01:156][658]LogModuleManager: Shutting down and abandoning module TextureFormatUncompressed (143)
[2020.10.18-19.31.01:156][658]LogModuleManager: Shutting down and abandoning module TextureFormatPVR (141)
[2020.10.18-19.31.01:156][658]LogModuleManager: Shutting down and abandoning module TextureFormatDXT (139)
[2020.10.18-19.31.01:156][658]LogModuleManager: Shutting down and abandoning module TextureFormatIntelISPCTexComp (137)
[2020.10.18-19.31.01:156][658]LogModuleManager: Shutting down and abandoning module TextureFormatASTC (135)
[2020.10.18-19.31.01:156][658]LogModuleManager: Shutting down and abandoning module ImageWrapper (134)
[2020.10.18-19.31.01:156][658]LogModuleManager: Shutting down and abandoning module TextureFormatAndroid (131)
[2020.10.18-19.31.01:156][658]LogModuleManager: Shutting down and abandoning module AudioFormatOpus (129)
[2020.10.18-19.31.01:156][658]LogModuleManager: Shutting down and abandoning module AudioFormatOgg (127)
[2020.10.18-19.31.01:156][658]LogModuleManager: Shutting down and abandoning module AudioFormatADPCM (125)
[2020.10.18-19.31.01:156][658]LogModuleManager: Shutting down and abandoning module WindowsServerTargetPlatform (123)
[2020.10.18-19.31.01:156][658]LogModuleManager: Shutting down and abandoning module WindowsClientTargetPlatform (121)
[2020.10.18-19.31.01:156][658]LogModuleManager: Shutting down and abandoning module WindowsTargetPlatform (119)
[2020.10.18-19.31.01:156][658]LogModuleManager: Shutting down and abandoning module WindowsNoEditorTargetPlatform (117)
[2020.10.18-19.31.01:156][658]LogModuleManager: Shutting down and abandoning module InputCore (114)
[2020.10.18-19.31.01:156][658]LogModuleManager: Shutting down and abandoning module Settings (112)
[2020.10.18-19.31.01:156][658]LogModuleManager: Shutting down and abandoning module PhysXCooking (110)
[2020.10.18-19.31.01:156][658]LogModuleManager: Shutting down and abandoning module ChaosSolvers (108)
[2020.10.18-19.31.01:156][658]LogModuleManager: Shutting down and abandoning module FieldSystemEngine (107)
[2020.10.18-19.31.01:156][658]LogModuleManager: Shutting down and abandoning module Chaos (104)
[2020.10.18-19.31.01:156][658]LogModuleManager: Shutting down and abandoning module WindowsPlatformFeatures (102)
[2020.10.18-19.31.01:156][658]LogModuleManager: Shutting down and abandoning module GameplayMediaEncoder (101)
[2020.10.18-19.31.01:156][658]LogModuleManager: Shutting down and abandoning module AVEncoder (100)
[2020.10.18-19.31.01:156][658]LogModuleManager: Shutting down and abandoning module SteamVRInputDevice (96)
[2020.10.18-19.31.01:156][658]LogModuleManager: Shutting down and abandoning module SteamVRInput (94)
[2020.10.18-19.31.01:156][658]LogModuleManager: Shutting down and abandoning module SteamVR (92)
[2020.10.18-19.31.01:156][658]LogHMD: Freeing OpenVRDLLHandle.
[2020.10.18-19.31.01:156][658]LogModuleManager: Shutting down and abandoning module OculusHMD (90)
[2020.10.18-19.31.01:156][658]LogModuleManager: Shutting down and abandoning module ExampleDeviceProfileSelector (88)
[2020.10.18-19.31.01:156][658]LogModuleManager: Shutting down and abandoning module LauncherChunkInstaller (86)
[2020.10.18-19.31.01:156][658]LogModuleManager: Shutting down and abandoning module OnlineBlueprintSupport (84)
[2020.10.18-19.31.01:156][658]LogModuleManager: Shutting down and abandoning module OnlineSubsystem (80)
[2020.10.18-19.31.01:157][658]LogModuleManager: Shutting down and abandoning module SteamShared (74)
[2020.10.18-19.31.01:157][658]LogSteamShared: Freeing the Steam Loaded Modules...
[2020.10.18-19.31.01:157][658]LogModuleManager: Shutting down and abandoning module XMPP (71)
[2020.10.18-19.31.01:157][658]LogModuleManager: Shutting down and abandoning module WebSockets (70)
[2020.10.18-19.31.01:160][658]LogModuleManager: Shutting down and abandoning module HTTP (67)
[2020.10.18-19.31.01:170][658]LogModuleManager: Shutting down and abandoning module SSL (66)
[2020.10.18-19.31.01:172][658]LogModuleManager: Shutting down and abandoning module WmfMedia (62)
[2020.10.18-19.31.01:172][658]LogModuleManager: Shutting down and abandoning module Media (61)
[2020.10.18-19.31.01:173][658]LogModuleManager: Shutting down and abandoning module MagicLeap (58)
[2020.10.18-19.31.01:173][658]LogModuleManager: Shutting down and abandoning module NiagaraVertexFactories (56)
[2020.10.18-19.31.01:173][658]LogModuleManager: Shutting down and abandoning module NiagaraShader (54)
[2020.10.18-19.31.01:173][658]LogModuleManager: Shutting down and abandoning module VariantManagerContent (52)
[2020.10.18-19.31.01:173][658]LogModuleManager: Shutting down and abandoning module DatasmithContent (50)
[2020.10.18-19.31.01:174][658]LogModuleManager: Shutting down and abandoning module AISupportModule (48)
[2020.10.18-19.31.01:174][658]LogModuleManager: Shutting down and abandoning module DesktopPlatform (46)
[2020.10.18-19.31.01:174][658]LogModuleManager: Shutting down and abandoning module PlatformCryptoOpenSSL (44)
[2020.10.18-19.31.01:174][658]LogModuleManager: Shutting down and abandoning module PlatformCryptoTypes (42)
[2020.10.18-19.31.01:174][658]LogModuleManager: Shutting down and abandoning module PlatformCrypto (40)
[2020.10.18-19.31.01:174][658]LogModuleManager: Shutting down and abandoning module AnimationModifiers (38)
[2020.10.18-19.31.01:174][658]LogModuleManager: Shutting down and abandoning module PropertyEditor (37)
[2020.10.18-19.31.01:174][658]LogModuleManager: Shutting down and abandoning module AudioEditor (34)
[2020.10.18-19.31.01:174][658]LogModuleManager: Shutting down and abandoning module TextureCompressor (32)
[2020.10.18-19.31.01:174][658]LogModuleManager: Shutting down and abandoning module RenderCore (30)
[2020.10.18-19.31.01:174][658]LogModuleManager: Shutting down and abandoning module Landscape (28)
[2020.10.18-19.31.01:174][658]LogModuleManager: Shutting down and abandoning module SlateRHIRenderer (26)
[2020.10.18-19.31.01:174][658]LogModuleManager: Shutting down and abandoning module OpenGLDrv (24)
[2020.10.18-19.31.01:174][658]LogModuleManager: Shutting down and abandoning module D3D11RHI (22)
[2020.10.18-19.31.01:174][658]LogModuleManager: Shutting down and abandoning module AnimGraphRuntime (20)
[2020.10.18-19.31.01:174][658]LogModuleManager: Shutting down and abandoning module Renderer (18)
[2020.10.18-19.31.01:174][658]LogModuleManager: Shutting down and abandoning module Engine (16)
[2020.10.18-19.31.01:174][658]LogModuleManager: Shutting down and abandoning module CoreUObject (14)
[2020.10.18-19.31.01:174][658]LogModuleManager: Shutting down and abandoning module NetworkFile (12)
[2020.10.18-19.31.01:175][658]LogModuleManager: Shutting down and abandoning module CookedIterativeFile (10)
[2020.10.18-19.31.01:175][658]LogModuleManager: Shutting down and abandoning module StreamingFile (8)
[2020.10.18-19.31.01:175][658]LogModuleManager: Shutting down and abandoning module SandboxFile (6)
[2020.10.18-19.31.01:175][658]LogModuleManager: Shutting down and abandoning module PakFile (4)
[2020.10.18-19.31.01:175][658]LogModuleManager: Shutting down and abandoning module RSA (3)
[2020.10.18-19.31.01:175][658]LogContentStreaming: Display: There are 1 unreleased StreamingManagers
[2020.10.18-19.31.01:175][658]LogD3D11RHI: Shutdown
[2020.10.18-19.31.01:175][658]LogD3D11RHI: CleanupD3DDevice
[2020.10.18-19.31.01:184][658]LogExit: Exiting.
[2020.10.18-19.31.01:196][658]Log file closed, 10/18/20 15:31:01
