Log file open, 10/18/20 13:18:50
LogInit: Display: Running engine for game: FPSMultiplayerTemplate3
LogPlatformFile: Not using cached read wrapper
LogTaskGraph: Started task graph with 5 named threads and 35 total threads with 3 sets of task threads.
LogStats: Stats thread started at 0.879941
LogD3D11RHI: Loaded GFSDK_Aftermath_Lib.x64.dll
LogICUInternationalization: ICU TimeZone Detection - Raw Offset: -5:00, Platform Override: ''
LogPluginManager: Mounting plugin Paper2D
LogPluginManager: Mounting plugin AISupport
LogPluginManager: Mounting plugin LightPropagationVolume
LogPluginManager: Mounting plugin CameraShakePreviewer
LogPluginManager: Mounting plugin ActorLayerUtilities
LogPluginManager: Mounting plugin AnimationSharing
LogPluginManager: Mounting plugin CLionSourceCodeAccess
LogPluginManager: Mounting plugin CodeLiteSourceCodeAccess
LogPluginManager: Mounting plugin GitSourceControl
LogPluginManager: Mounting plugin KDevelopSourceCodeAccess
LogPluginManager: Mounting plugin NullSourceCodeAccess
LogPluginManager: Mounting plugin PerforceSourceControl
LogPluginManager: Mounting plugin PlasticSourceControl
LogPluginManager: Mounting plugin RiderSourceCodeAccess
LogPluginManager: Mounting plugin SubversionSourceControl
LogPluginManager: Mounting plugin UObjectPlugin
LogPluginManager: Mounting plugin VisualStudioCodeSourceCodeAccess
LogPluginManager: Mounting plugin VisualStudioSourceCodeAccess
LogPluginManager: Mounting plugin XCodeSourceCodeAccess
LogPluginManager: Mounting plugin AssetManagerEditor
LogPluginManager: Mounting plugin CryptoKeys
LogPluginManager: Mounting plugin CurveEditorTools
LogPluginManager: Mounting plugin DataValidation
LogPluginManager: Mounting plugin EditorScriptingUtilities
LogPluginManager: Mounting plugin FacialAnimation
LogPluginManager: Mounting plugin GameplayTagsEditor
LogPluginManager: Mounting plugin GeometryMode
LogPluginManager: Mounting plugin MacGraphicsSwitching
LogPluginManager: Mounting plugin MaterialAnalyzer
LogPluginManager: Mounting plugin MobileLauncherProfileWizard
LogPluginManager: Mounting plugin PluginBrowser
LogPluginManager: Mounting plugin SpeedTreeImporter
LogPluginManager: Mounting plugin DatasmithContent
LogPluginManager: Mounting plugin VariantManagerContent
LogPluginManager: Mounting plugin AlembicImporter
LogPluginManager: Mounting plugin AutomationUtils
LogPluginManager: Mounting plugin BackChannel
LogPluginManager: Mounting plugin ChaosCloth
LogPluginManager: Mounting plugin ChaosClothEditor
LogPluginManager: Mounting plugin ChaosEditor
LogPluginManager: Mounting plugin ChaosNiagara
LogPluginManager: Mounting plugin ChaosSolverPlugin
LogPluginManager: Mounting plugin CharacterAI
LogPluginManager: Mounting plugin GeometryCache
LogPluginManager: Mounting plugin GeometryCollectionPlugin
LogPluginManager: Mounting plugin GeometryProcessing
LogPluginManager: Mounting plugin PlanarCut
LogPluginManager: Mounting plugin PlatformCrypto
LogPluginManager: Mounting plugin ProxyLODPlugin
LogPluginManager: Mounting plugin SkeletalReduction
LogPluginManager: Mounting plugin Niagara
LogPluginManager: Mounting plugin MagicLeap
LogPluginManager: Mounting plugin MagicLeapLightEstimation
LogPluginManager: Mounting plugin MagicLeapMedia
LogPluginManager: Mounting plugin MagicLeapPassableWorld
LogPluginManager: Mounting plugin MLSDK
LogPluginManager: Mounting plugin AndroidMedia
LogPluginManager: Mounting plugin AvfMedia
LogPluginManager: Mounting plugin ImgMedia
LogPluginManager: Mounting plugin MediaCompositing
LogPluginManager: Mounting plugin MediaPlayerEditor
LogPluginManager: Mounting plugin WebMMedia
LogPluginManager: Mounting plugin WmfMedia
LogPluginManager: Mounting plugin MeshPainting
LogPluginManager: Mounting plugin TcpMessaging
LogPluginManager: Mounting plugin UdpMessaging
LogPluginManager: Mounting plugin ActorSequence
LogPluginManager: Mounting plugin LevelSequenceEditor
LogPluginManager: Mounting plugin MatineeToLevelSequence
LogPluginManager: Mounting plugin MovieRenderPipeline
LogPluginManager: Mounting plugin TemplateSequence
LogPluginManager: Mounting plugin NetcodeUnitTest
LogPluginManager: Mounting plugin NUTUnrealEngine4
LogPluginManager: Mounting plugin OnlineSubsystemGooglePlay
LogPluginManager: Mounting plugin OnlineSubsystemIOS
LogPluginManager: Mounting plugin OnlineSubsystem
LogPluginManager: Mounting plugin OnlineSubsystemNull
LogPluginManager: Mounting plugin OnlineSubsystemSteam
LogPluginManager: Mounting plugin OnlineSubsystemUtils
LogPluginManager: Mounting plugin LauncherChunkInstaller
LogPluginManager: Mounting plugin AndroidDeviceProfileSelector
LogPluginManager: Mounting plugin AndroidMoviePlayer
LogPluginManager: Mounting plugin AndroidPermission
LogPluginManager: Mounting plugin AppleImageUtils
LogPluginManager: Mounting plugin AppleMoviePlayer
LogPluginManager: Mounting plugin ArchVisCharacter
LogPluginManager: Mounting plugin AssetTags
LogPluginManager: Mounting plugin AudioCapture
LogPluginManager: Mounting plugin CableComponent
LogPluginManager: Mounting plugin CustomMeshComponent
LogPluginManager: Mounting plugin EditableMesh
LogPluginManager: Mounting plugin ExampleDeviceProfileSelector
LogPluginManager: Mounting plugin GoogleCloudMessaging
LogPluginManager: Mounting plugin GooglePAD
LogPluginManager: Mounting plugin IOSDeviceProfileSelector
LogPluginManager: Mounting plugin LinuxDeviceProfileSelector
LogPluginManager: Mounting plugin LocationServicesBPLibrary
LogPluginManager: Mounting plugin MobilePatchingUtils
LogPluginManager: Mounting plugin OculusVR
LogPluginManager: Mounting plugin PhysXVehicles
LogPluginManager: Mounting plugin PostSplashScreen
LogPluginManager: Mounting plugin ProceduralMeshComponent
LogPluginManager: Mounting plugin RuntimePhysXCooking
LogPluginManager: Mounting plugin SignificanceManager
LogPluginManager: Mounting plugin SoundFields
LogPluginManager: Mounting plugin SteamShared
LogPluginManager: Mounting plugin SteamVR
LogPluginManager: Mounting plugin Synthesis
LogPluginManager: Mounting plugin WebMMoviePlayer
LogPluginManager: Mounting plugin WindowsMoviePlayer
LogPluginManager: Mounting plugin ScreenshotTools
LogInit: Using libcurl 7.55.1-DEV
LogInit:  - built for x86_64-pc-win32
LogInit:  - supports SSL with OpenSSL/1.1.1
LogInit:  - supports HTTP deflate (compression) using libz 1.2.8
LogInit:  - other features:
LogInit:      CURL_VERSION_SSL
LogInit:      CURL_VERSION_LIBZ
LogInit:      CURL_VERSION_IPV6
LogInit:      CURL_VERSION_ASYNCHDNS
LogInit:      CURL_VERSION_LARGEFILE
LogInit:      CURL_VERSION_IDN
LogInit:  CurlRequestOptions (configurable via config and command line):
LogInit:  - bVerifyPeer = true  - Libcurl will verify peer certificate
LogInit:  - bUseHttpProxy = false  - Libcurl will NOT use HTTP proxy
LogInit:  - bDontReuseConnections = false  - Libcurl will reuse connections
LogInit:  - MaxHostConnections = 16  - Libcurl will limit the number of connections to a host
LogInit:  - LocalHostAddr = Default
LogInit:  - BufferSize = 65536
LogSteamShared: Display: Loading Steam SDK 1.47
LogSteamShared: Steam SDK Loaded!
LogOnline: OSS: Creating online subsystem instance for: Steam
LogOnline: Display: STEAM: OnlineSubsystemSteam::Shutdown()
LogOnline: OSS: Unable to create OnlineSubsystem module Steam
LogOnline: OSS: Creating online subsystem instance for: NULL
LogInit: WinSock: version 1.1 (2.2), MaxSocks=32767, MaxUdp=65467
LogOnline: OSS: TryLoadSubsystemAndSetDefault: Loaded subsystem for module [NULL]
LogInit: Build: ++UE4+Release-4.25-CL-13942748
LogInit: Engine Version: 4.25.3-13942748+++UE4+Release-4.25
LogInit: Compatible Engine Version: 4.25.0-13144385+++UE4+Release-4.25
LogInit: Net CL: 13144385
LogInit: OS: Windows 10 (Release 1909) (), CPU: AMD Ryzen 5 3600 6-Core Processor              , GPU: NVIDIA GeForce GTX 1660 SUPER
LogInit: Compiled (64-bit): Jul 25 2020 02:07:48
LogInit: Compiled with Visual C++: 19.24.28315.00
LogInit: Build Configuration: Development
LogInit: Branch Name: ++UE4+Release-4.25
LogInit: Command Line: 
LogInit: Base Directory: C:/UE_4.25/Engine/Binaries/Win64/
LogInit: Allocator: TBB
LogInit: Installed Engine Build: 1
LogDevObjectVersion: Number of dev versions registered: 26
LogDevObjectVersion:   Dev-Blueprints (B0D832E4-1F89-4F0D-ACCF-7EB736FD4AA2): 10
LogDevObjectVersion:   Dev-Build (E1C64328-A22C-4D53-A36C-8E866417BD8C): 0
LogDevObjectVersion:   Dev-Core (375EC13C-06E4-48FB-B500-84F0262A717E): 4
LogDevObjectVersion:   Dev-Editor (E4B068ED-F494-42E9-A231-DA0B2E46BB41): 38
LogDevObjectVersion:   Dev-Framework (CFFC743F-43B0-4480-9391-14DF171D2073): 37
LogDevObjectVersion:   Dev-Mobile (B02B49B5-BB20-44E9-A304-32B752E40360): 2
LogDevObjectVersion:   Dev-Networking (A4E4105C-59A1-49B5-A7C5-40C4547EDFEE): 0
LogDevObjectVersion:   Dev-Online (39C831C9-5AE6-47DC-9A44-9C173E1C8E7C): 0
LogDevObjectVersion:   Dev-Physics (78F01B33-EBEA-4F98-B9B4-84EACCB95AA2): 4
LogDevObjectVersion:   Dev-Platform (6631380F-2D4D-43E0-8009-CF276956A95A): 0
LogDevObjectVersion:   Dev-Rendering (12F88B9F-8875-4AFC-A67C-D90C383ABD29): 43
LogDevObjectVersion:   Dev-Sequencer (7B5AE74C-D270-4C10-A958-57980B212A5A): 12
LogDevObjectVersion:   Dev-VR (D7296918-1DD6-4BDD-9DE2-64A83CC13884): 3
LogDevObjectVersion:   Dev-LoadTimes (C2A15278-BFE7-4AFE-6C17-90FF531DF755): 1
LogDevObjectVersion:   Private-Geometry (6EACA3D4-40EC-4CC1-B786-8BED09428FC5): 3
LogDevObjectVersion:   Dev-AnimPhys (29E575DD-E0A3-4627-9D10-D276232CDCEA): 17
LogDevObjectVersion:   Dev-Anim (AF43A65D-7FD3-4947-9873-3E8ED9C1BB05): 7
LogDevObjectVersion:   Dev-ReflectionCapture (6B266CEC-1EC7-4B8F-A30B-E4D90942FC07): 1
LogDevObjectVersion:   Dev-Automation (0DF73D61-A23F-47EA-B727-89E90C41499A): 1
LogDevObjectVersion:   FortniteMain (601D1886-AC64-4F84-AA16-D3DE0DEAC7D6): 31
LogDevObjectVersion:   Dev-Enterprise (9DFFBCD6-494F-0158-E221-12823C92A888): 10
LogDevObjectVersion:   Dev-Niagara (F2AED0AC-9AFE-416F-8664-AA7FFA26D6FC): 1
LogDevObjectVersion:   Dev-Destruction (174F1F0B-B4C6-45A5-B13F-2EE8D0FB917D): 10
LogDevObjectVersion:   Dev-Physics-Ext (35F94A83-E258-406C-A318-09F59610247C): 37
LogDevObjectVersion:   Dev-PhysicsMaterial-Chaos (B68FC16E-8B1B-42E2-B453-215C058844FE): 1
LogDevObjectVersion:   Dev-CineCamera (B2E18506-4273-CFC2-A54E-F4BB758BBA07): 1
LogInit: Presizing for max 25165824 objects, including 0 objects not considered by GC, pre-allocating 0 bytes for permanent pool.
LogConfig: Applying CVar settings from Section [/Script/Engine.StreamingSettings] File [C:/Users/jake9/Documents/Unreal Projects/FPSMultiplayerTemplate3/GameTestZone/Saved/Config/Windows/Engine.ini]
LogConfig: Setting CVar [[s.MinBulkDataSizeForAsyncLoading:131072]]
LogConfig: Setting CVar [[s.AsyncLoadingThreadEnabled:0]]
LogConfig: Setting CVar [[s.EventDrivenLoaderEnabled:1]]
LogConfig: Setting CVar [[s.WarnIfTimeLimitExceeded:0]]
LogConfig: Setting CVar [[s.TimeLimitExceededMultiplier:1.5]]
LogConfig: Setting CVar [[s.TimeLimitExceededMinTime:0.005]]
LogConfig: Setting CVar [[s.UseBackgroundLevelStreaming:1]]
LogConfig: Setting CVar [[s.PriorityAsyncLoadingExtraTime:15.0]]
LogConfig: Setting CVar [[s.LevelStreamingActorsUpdateTimeLimit:5.0]]
LogConfig: Setting CVar [[s.PriorityLevelStreamingActorsUpdateExtraTime:5.0]]
LogConfig: Setting CVar [[s.LevelStreamingComponentsRegistrationGranularity:10]]
LogConfig: Setting CVar [[s.UnregisterComponentsTimeLimit:1.0]]
LogConfig: Setting CVar [[s.LevelStreamingComponentsUnregistrationGranularity:5]]
LogConfig: Setting CVar [[s.FlushStreamingOnExit:1]]
LogInit: Object subsystem initialized
LogConfig: Setting CVar [[con.DebugEarlyDefault:1]]
LogConfig: Setting CVar [[r.setres:1280x720]]
[2020.10.18-17.18.51:797][  0]LogConfig: Setting CVar [[r.VSync:0]]
[2020.10.18-17.18.51:797][  0]LogConfig: Setting CVar [[r.RHICmdBypass:0]]
[2020.10.18-17.18.51:797][  0]LogConfig: Applying CVar settings from Section [/Script/Engine.RendererSettings] File [C:/Users/jake9/Documents/Unreal Projects/FPSMultiplayerTemplate3/GameTestZone/Saved/Config/Windows/Engine.ini]
[2020.10.18-17.18.51:797][  0]LogConfig: Setting CVar [[r.GPUCrashDebugging:0]]
[2020.10.18-17.18.51:798][  0]LogConfig: Setting CVar [[r.DefaultFeature.AutoExposure:0]]
[2020.10.18-17.18.51:798][  0]LogConfig: Setting CVar [[r.DefaultFeature.AutoExposure.Method:0]]
[2020.10.18-17.18.51:798][  0]LogConfig: Applying CVar settings from Section [/Script/Engine.RendererOverrideSettings] File [C:/Users/jake9/Documents/Unreal Projects/FPSMultiplayerTemplate3/GameTestZone/Saved/Config/Windows/Engine.ini]
[2020.10.18-17.18.51:798][  0]LogConfig: Applying CVar settings from Section [/Script/Engine.StreamingSettings] File [C:/Users/jake9/Documents/Unreal Projects/FPSMultiplayerTemplate3/GameTestZone/Saved/Config/Windows/Engine.ini]
[2020.10.18-17.18.51:798][  0]LogConfig: Setting CVar [[s.MinBulkDataSizeForAsyncLoading:131072]]
[2020.10.18-17.18.51:798][  0]LogConfig: Setting CVar [[s.AsyncLoadingThreadEnabled:0]]
[2020.10.18-17.18.51:798][  0]LogConfig: Setting CVar [[s.EventDrivenLoaderEnabled:1]]
[2020.10.18-17.18.51:798][  0]LogConfig: Setting CVar [[s.WarnIfTimeLimitExceeded:0]]
[2020.10.18-17.18.51:798][  0]LogConfig: Setting CVar [[s.TimeLimitExceededMultiplier:1.5]]
[2020.10.18-17.18.51:798][  0]LogConfig: Setting CVar [[s.TimeLimitExceededMinTime:0.005]]
[2020.10.18-17.18.51:798][  0]LogConfig: Setting CVar [[s.UseBackgroundLevelStreaming:1]]
[2020.10.18-17.18.51:798][  0]LogConfig: Setting CVar [[s.PriorityAsyncLoadingExtraTime:15.0]]
[2020.10.18-17.18.51:798][  0]LogConfig: Setting CVar [[s.LevelStreamingActorsUpdateTimeLimit:5.0]]
[2020.10.18-17.18.51:798][  0]LogConfig: Setting CVar [[s.PriorityLevelStreamingActorsUpdateExtraTime:5.0]]
[2020.10.18-17.18.51:798][  0]LogConfig: Setting CVar [[s.LevelStreamingComponentsRegistrationGranularity:10]]
[2020.10.18-17.18.51:798][  0]LogConfig: Setting CVar [[s.UnregisterComponentsTimeLimit:1.0]]
[2020.10.18-17.18.51:798][  0]LogConfig: Setting CVar [[s.LevelStreamingComponentsUnregistrationGranularity:5]]
[2020.10.18-17.18.51:798][  0]LogConfig: Setting CVar [[s.FlushStreamingOnExit:1]]
[2020.10.18-17.18.51:798][  0]LogConfig: Applying CVar settings from Section [/Script/Engine.GarbageCollectionSettings] File [C:/Users/jake9/Documents/Unreal Projects/FPSMultiplayerTemplate3/GameTestZone/Saved/Config/Windows/Engine.ini]
[2020.10.18-17.18.51:798][  0]LogConfig: Setting CVar [[gc.MaxObjectsNotConsideredByGC:1]]
[2020.10.18-17.18.51:798][  0]LogConfig: Setting CVar [[gc.SizeOfPermanentObjectPool:0]]
[2020.10.18-17.18.51:798][  0]LogConfig: Setting CVar [[gc.FlushStreamingOnGC:0]]
[2020.10.18-17.18.51:798][  0]LogConfig: Setting CVar [[gc.NumRetriesBeforeForcingGC:10]]
[2020.10.18-17.18.51:798][  0]LogConfig: Setting CVar [[gc.AllowParallelGC:1]]
[2020.10.18-17.18.51:798][  0]LogConfig: Setting CVar [[gc.TimeBetweenPurgingPendingKillObjects:61.1]]
[2020.10.18-17.18.51:798][  0]LogConfig: Setting CVar [[gc.MaxObjectsInEditor:25165824]]
[2020.10.18-17.18.51:798][  0]LogConfig: Setting CVar [[gc.IncrementalBeginDestroyEnabled:1]]
[2020.10.18-17.18.51:798][  0]LogConfig: Setting CVar [[gc.CreateGCClusters:1]]
[2020.10.18-17.18.51:798][  0]LogConfig: Setting CVar [[gc.MinGCClusterSize:5]]
[2020.10.18-17.18.51:798][  0]LogConfig: Setting CVar [[gc.ActorClusteringEnabled:0]]
[2020.10.18-17.18.51:798][  0]LogConfig: Setting CVar [[gc.BlueprintClusteringEnabled:0]]
[2020.10.18-17.18.51:798][  0]LogConfig: Setting CVar [[gc.UseDisregardForGCOnDedicatedServers:0]]
[2020.10.18-17.18.51:798][  0]LogConfig: Applying CVar settings from Section [/Script/Engine.NetworkSettings] File [C:/Users/jake9/Documents/Unreal Projects/FPSMultiplayerTemplate3/GameTestZone/Saved/Config/Windows/Engine.ini]
[2020.10.18-17.18.51:798][  0]LogConfig: Applying CVar settings from Section [/Script/UnrealEd.CookerSettings] File [C:/Users/jake9/Documents/Unreal Projects/FPSMultiplayerTemplate3/GameTestZone/Saved/Config/Windows/Engine.ini]
[2020.10.18-17.18.51:804][  0]LogConfig: Applying CVar settings from Section [ViewDistanceQuality@3] File [C:/Users/jake9/Documents/Unreal Projects/FPSMultiplayerTemplate3/GameTestZone/Saved/Config/Windows/Scalability.ini]
[2020.10.18-17.18.51:804][  0]LogConfig: Setting CVar [[r.SkeletalMeshLODBias:0]]
[2020.10.18-17.18.51:804][  0]LogConfig: Setting CVar [[r.ViewDistanceScale:1.0]]
[2020.10.18-17.18.51:804][  0]LogConfig: Applying CVar settings from Section [AntiAliasingQuality@3] File [C:/Users/jake9/Documents/Unreal Projects/FPSMultiplayerTemplate3/GameTestZone/Saved/Config/Windows/Scalability.ini]
[2020.10.18-17.18.51:804][  0]LogConfig: Setting CVar [[r.PostProcessAAQuality:4]]
[2020.10.18-17.18.51:804][  0]LogConfig: Applying CVar settings from Section [ShadowQuality@3] File [C:/Users/jake9/Documents/Unreal Projects/FPSMultiplayerTemplate3/GameTestZone/Saved/Config/Windows/Scalability.ini]
[2020.10.18-17.18.51:804][  0]LogConfig: Setting CVar [[r.LightFunctionQuality:1]]
[2020.10.18-17.18.51:804][  0]LogConfig: Setting CVar [[r.ShadowQuality:5]]
[2020.10.18-17.18.51:804][  0]LogConfig: Setting CVar [[r.Shadow.CSM.MaxCascades:10]]
[2020.10.18-17.18.51:804][  0]LogConfig: Setting CVar [[r.Shadow.MaxResolution:2048]]
[2020.10.18-17.18.51:804][  0]LogConfig: Setting CVar [[r.Shadow.MaxCSMResolution:2048]]
[2020.10.18-17.18.51:804][  0]LogConfig: Setting CVar [[r.Shadow.RadiusThreshold:0.01]]
[2020.10.18-17.18.51:804][  0]LogConfig: Setting CVar [[r.Shadow.DistanceScale:1.0]]
[2020.10.18-17.18.51:804][  0]LogConfig: Setting CVar [[r.Shadow.CSM.TransitionScale:1.0]]
[2020.10.18-17.18.51:804][  0]LogConfig: Setting CVar [[r.Shadow.PreShadowResolutionFactor:1.0]]
[2020.10.18-17.18.51:804][  0]LogConfig: Setting CVar [[r.DistanceFieldShadowing:1]]
[2020.10.18-17.18.51:804][  0]LogConfig: Setting CVar [[r.DistanceFieldAO:1]]
[2020.10.18-17.18.51:804][  0]LogConfig: Setting CVar [[r.AOQuality:2]]
[2020.10.18-17.18.51:804][  0]LogConfig: Setting CVar [[r.VolumetricFog:1]]
[2020.10.18-17.18.51:804][  0]LogConfig: Setting CVar [[r.VolumetricFog.GridPixelSize:8]]
[2020.10.18-17.18.51:804][  0]LogConfig: Setting CVar [[r.VolumetricFog.GridSizeZ:128]]
[2020.10.18-17.18.51:804][  0]LogConfig: Setting CVar [[r.VolumetricFog.HistoryMissSupersampleCount:4]]
[2020.10.18-17.18.51:804][  0]LogConfig: Setting CVar [[r.LightMaxDrawDistanceScale:1]]
[2020.10.18-17.18.51:804][  0]LogConfig: Setting CVar [[r.CapsuleShadows:1]]
[2020.10.18-17.18.51:804][  0]LogConfig: Applying CVar settings from Section [PostProcessQuality@3] File [C:/Users/jake9/Documents/Unreal Projects/FPSMultiplayerTemplate3/GameTestZone/Saved/Config/Windows/Scalability.ini]
[2020.10.18-17.18.51:804][  0]LogConfig: Setting CVar [[r.MotionBlurQuality:4]]
[2020.10.18-17.18.51:804][  0]LogConfig: Setting CVar [[r.AmbientOcclusionMipLevelFactor:0.4]]
[2020.10.18-17.18.51:804][  0]LogConfig: Setting CVar [[r.AmbientOcclusionMaxQuality:100]]
[2020.10.18-17.18.51:804][  0]LogConfig: Setting CVar [[r.AmbientOcclusionLevels:-1]]
[2020.10.18-17.18.51:804][  0]LogConfig: Setting CVar [[r.AmbientOcclusionRadiusScale:1.0]]
[2020.10.18-17.18.51:804][  0]LogConfig: Setting CVar [[r.DepthOfFieldQuality:2]]
[2020.10.18-17.18.51:804][  0]LogConfig: Setting CVar [[r.RenderTargetPoolMin:400]]
[2020.10.18-17.18.51:804][  0]LogConfig: Setting CVar [[r.LensFlareQuality:2]]
[2020.10.18-17.18.51:805][  0]LogConfig: Setting CVar [[r.SceneColorFringeQuality:1]]
[2020.10.18-17.18.51:805][  0]LogConfig: Setting CVar [[r.EyeAdaptationQuality:2]]
[2020.10.18-17.18.51:805][  0]LogConfig: Setting CVar [[r.BloomQuality:5]]
[2020.10.18-17.18.51:805][  0]LogConfig: Setting CVar [[r.FastBlurThreshold:100]]
[2020.10.18-17.18.51:805][  0]LogConfig: Setting CVar [[r.Upscale.Quality:3]]
[2020.10.18-17.18.51:805][  0]LogConfig: Setting CVar [[r.Tonemapper.GrainQuantization:1]]
[2020.10.18-17.18.51:805][  0]LogConfig: Setting CVar [[r.LightShaftQuality:1]]
[2020.10.18-17.18.51:805][  0]LogConfig: Setting CVar [[r.Filter.SizeScale:1]]
[2020.10.18-17.18.51:805][  0]LogConfig: Setting CVar [[r.Tonemapper.Quality:5]]
[2020.10.18-17.18.51:805][  0]LogConfig: Setting CVar [[r.DOF.Gather.AccumulatorQuality:1        ; higher gathering accumulator quality]]
[2020.10.18-17.18.51:805][  0]LogConfig: Setting CVar [[r.DOF.Gather.PostfilterMethod:1          ; Median3x3 postfilering method]]
[2020.10.18-17.18.51:805][  0]LogConfig: Setting CVar [[r.DOF.Gather.EnableBokehSettings:0       ; no bokeh simulation when gathering]]
[2020.10.18-17.18.51:805][  0]LogConfig: Setting CVar [[r.DOF.Gather.RingCount:4                 ; medium number of samples when gathering]]
[2020.10.18-17.18.51:805][  0]LogConfig: Setting CVar [[r.DOF.Scatter.ForegroundCompositing:1    ; additive foreground scattering]]
[2020.10.18-17.18.51:805][  0]LogConfig: Setting CVar [[r.DOF.Scatter.BackgroundCompositing:2    ; additive background scattering]]
[2020.10.18-17.18.51:805][  0]LogConfig: Setting CVar [[r.DOF.Scatter.EnableBokehSettings:1      ; bokeh simulation when scattering]]
[2020.10.18-17.18.51:805][  0]LogConfig: Setting CVar [[r.DOF.Scatter.MaxSpriteRatio:0.1         ; only a maximum of 10% of scattered bokeh]]
[2020.10.18-17.18.51:805][  0]LogConfig: Setting CVar [[r.DOF.Recombine.Quality:1                ; cheap slight out of focus]]
[2020.10.18-17.18.51:805][  0]LogConfig: Setting CVar [[r.DOF.Recombine.EnableBokehSettings:0    ; no bokeh simulation on slight out of focus]]
[2020.10.18-17.18.51:805][  0]LogConfig: Setting CVar [[r.DOF.TemporalAAQuality:1                ; more stable temporal accumulation]]
[2020.10.18-17.18.51:805][  0]LogConfig: Setting CVar [[r.DOF.Kernel.MaxForegroundRadius:0.025]]
[2020.10.18-17.18.51:805][  0]LogConfig: Setting CVar [[r.DOF.Kernel.MaxBackgroundRadius:0.025]]
[2020.10.18-17.18.51:805][  0]LogConfig: Applying CVar settings from Section [TextureQuality@3] File [C:/Users/jake9/Documents/Unreal Projects/FPSMultiplayerTemplate3/GameTestZone/Saved/Config/Windows/Scalability.ini]
[2020.10.18-17.18.51:805][  0]LogConfig: Setting CVar [[r.Streaming.MipBias:0]]
[2020.10.18-17.18.51:805][  0]LogConfig: Setting CVar [[r.Streaming.AmortizeCPUToGPUCopy:0]]
[2020.10.18-17.18.51:805][  0]LogConfig: Setting CVar [[r.Streaming.MaxNumTexturesToStreamPerFrame:0]]
[2020.10.18-17.18.51:805][  0]LogConfig: Setting CVar [[r.Streaming.Boost:1]]
[2020.10.18-17.18.51:805][  0]LogConfig: Setting CVar [[r.MaxAnisotropy:8]]
[2020.10.18-17.18.51:805][  0]LogConfig: Setting CVar [[r.VT.MaxAnisotropy:8]]
[2020.10.18-17.18.51:805][  0]LogConfig: Setting CVar [[r.Streaming.LimitPoolSizeToVRAM:0]]
[2020.10.18-17.18.51:805][  0]LogConfig: Setting CVar [[r.Streaming.PoolSize:1000]]
[2020.10.18-17.18.51:805][  0]LogConfig: Setting CVar [[r.Streaming.MaxEffectiveScreenSize:0]]
[2020.10.18-17.18.51:805][  0]LogConfig: Applying CVar settings from Section [EffectsQuality@3] File [C:/Users/jake9/Documents/Unreal Projects/FPSMultiplayerTemplate3/GameTestZone/Saved/Config/Windows/Scalability.ini]
[2020.10.18-17.18.51:805][  0]LogConfig: Setting CVar [[r.TranslucencyLightingVolumeDim:64]]
[2020.10.18-17.18.51:805][  0]LogConfig: Setting CVar [[r.RefractionQuality:2]]
[2020.10.18-17.18.51:805][  0]LogConfig: Setting CVar [[r.SSR.Quality:3]]
[2020.10.18-17.18.51:805][  0]LogConfig: Setting CVar [[r.SSR.HalfResSceneColor:0]]
[2020.10.18-17.18.51:805][  0]LogConfig: Setting CVar [[r.SceneColorFormat:4]]
[2020.10.18-17.18.51:805][  0]LogConfig: Setting CVar [[r.DetailMode:2]]
[2020.10.18-17.18.51:805][  0]LogConfig: Setting CVar [[r.TranslucencyVolumeBlur:1]]
[2020.10.18-17.18.51:805][  0]LogConfig: Setting CVar [[r.MaterialQualityLevel:1 ; High quality]]
[2020.10.18-17.18.51:805][  0]LogConfig: Setting CVar [[r.SSS.Scale:1]]
[2020.10.18-17.18.51:805][  0]LogConfig: Setting CVar [[r.SSS.SampleSet:2]]
[2020.10.18-17.18.51:805][  0]LogConfig: Setting CVar [[r.SSS.Quality:1]]
[2020.10.18-17.18.51:805][  0]LogConfig: Setting CVar [[r.SSS.HalfRes:0]]
[2020.10.18-17.18.51:805][  0]LogConfig: Setting CVar [[r.SSGI.Quality:3]]
[2020.10.18-17.18.51:805][  0]LogConfig: Setting CVar [[r.EmitterSpawnRateScale:1.0]]
[2020.10.18-17.18.51:805][  0]LogConfig: Setting CVar [[r.ParticleLightQuality:2]]
[2020.10.18-17.18.51:805][  0]LogConfig: Setting CVar [[r.SkyAtmosphere.AerialPerspectiveLUT.FastApplyOnOpaque:1 ; Always have FastSkyLUT 1 in this case to avoid wrong sky]]
[2020.10.18-17.18.51:805][  0]LogConfig: Setting CVar [[r.SkyAtmosphere.AerialPerspectiveLUT.SampleCountPerSlice:1]]
[2020.10.18-17.18.51:805][  0]LogConfig: Setting CVar [[r.SkyAtmosphere.AerialPerspectiveLUT.DepthResolution:16.0]]
[2020.10.18-17.18.51:805][  0]LogConfig: Setting CVar [[r.SkyAtmosphere.FastSkyLUT:1]]
[2020.10.18-17.18.51:805][  0]LogConfig: Setting CVar [[r.SkyAtmosphere.FastSkyLUT.SampleCountMin:4.0]]
[2020.10.18-17.18.51:805][  0]LogConfig: Setting CVar [[r.SkyAtmosphere.FastSkyLUT.SampleCountMax:32.0]]
[2020.10.18-17.18.51:805][  0]LogConfig: Setting CVar [[r.SkyAtmosphere.SampleCountMin:4.0]]
[2020.10.18-17.18.51:805][  0]LogConfig: Setting CVar [[r.SkyAtmosphere.SampleCountMax:32.0]]
[2020.10.18-17.18.51:805][  0]LogConfig: Setting CVar [[r.SkyAtmosphere.TransmittanceLUT.UseSmallFormat:0]]
[2020.10.18-17.18.51:805][  0]LogConfig: Setting CVar [[r.SkyAtmosphere.TransmittanceLUT.SampleCount:10.0]]
[2020.10.18-17.18.51:805][  0]LogConfig: Setting CVar [[r.SkyAtmosphere.MultiScatteringLUT.SampleCount:15.0]]
[2020.10.18-17.18.51:805][  0]LogConfig: Applying CVar settings from Section [FoliageQuality@3] File [C:/Users/jake9/Documents/Unreal Projects/FPSMultiplayerTemplate3/GameTestZone/Saved/Config/Windows/Scalability.ini]
[2020.10.18-17.18.51:805][  0]LogConfig: Setting CVar [[foliage.DensityScale:1.0]]
[2020.10.18-17.18.51:805][  0]LogConfig: Setting CVar [[grass.DensityScale:1.0]]
[2020.10.18-17.18.51:805][  0]LogConfig: Applying CVar settings from Section [ShadingQuality@3] File [C:/Users/jake9/Documents/Unreal Projects/FPSMultiplayerTemplate3/GameTestZone/Saved/Config/Windows/Scalability.ini]
[2020.10.18-17.18.51:805][  0]LogConfig: Setting CVar [[r.HairStrands.SkyLighting.SampleCount:16]]
[2020.10.18-17.18.51:805][  0]LogConfig: Setting CVar [[r.HairStrands.SkyLighting.JitterIntegration:0]]
[2020.10.18-17.18.51:805][  0]LogConfig: Setting CVar [[r.HairStrands.SkyAO.SampleCount:16]]
[2020.10.18-17.18.51:805][  0]LogConfig: Setting CVar [[r.HairStrands.DeepShadow.SuperSampling:0]]
[2020.10.18-17.18.51:805][  0]LogConfig: Setting CVar [[r.HairStrands.VisibilityPPLL:0]]
[2020.10.18-17.18.51:805][  0]LogConfig: Setting CVar [[r.HairStrands.RasterizationScale:0.5]]
[2020.10.18-17.18.51:805][  0]LogConfig: Setting CVar [[r.HairStrands.VelocityRasterizationScale:1]]
[2020.10.18-17.18.51:806][  0]LogInit: Selected Device Profile: [Windows]
[2020.10.18-17.18.51:806][  0]LogInit: Applying CVar settings loaded from the selected device profile: [Windows]
[2020.10.18-17.18.51:807][  0]LogHAL: Display: Platform has ~ 16 GB [17126739968 / 17179869184 / 16], which maps to Larger [LargestMinGB=32, LargerMinGB=12, DefaultMinGB=8, SmallerMinGB=6, SmallestMinGB=0)
[2020.10.18-17.18.51:807][  0]LogInit: Going up to parent DeviceProfile []
[2020.10.18-17.18.51:807][  0]LogConfig: Applying CVar settings from Section [ViewDistanceQuality@3] File [C:/Users/jake9/Documents/Unreal Projects/FPSMultiplayerTemplate3/GameTestZone/Saved/Config/Windows/Scalability.ini]
[2020.10.18-17.18.51:807][  0]LogConfig: Setting CVar [[r.SkeletalMeshLODBias:0]]
[2020.10.18-17.18.51:807][  0]LogConfig: Setting CVar [[r.ViewDistanceScale:1.0]]
[2020.10.18-17.18.51:808][  0]LogConfig: Applying CVar settings from Section [AntiAliasingQuality@3] File [C:/Users/jake9/Documents/Unreal Projects/FPSMultiplayerTemplate3/GameTestZone/Saved/Config/Windows/Scalability.ini]
[2020.10.18-17.18.51:808][  0]LogConfig: Setting CVar [[r.PostProcessAAQuality:4]]
[2020.10.18-17.18.51:808][  0]LogConfig: Applying CVar settings from Section [ShadowQuality@3] File [C:/Users/jake9/Documents/Unreal Projects/FPSMultiplayerTemplate3/GameTestZone/Saved/Config/Windows/Scalability.ini]
[2020.10.18-17.18.51:808][  0]LogConfig: Setting CVar [[r.LightFunctionQuality:1]]
[2020.10.18-17.18.51:808][  0]LogConfig: Setting CVar [[r.ShadowQuality:5]]
[2020.10.18-17.18.51:808][  0]LogConfig: Setting CVar [[r.Shadow.CSM.MaxCascades:10]]
[2020.10.18-17.18.51:808][  0]LogConfig: Setting CVar [[r.Shadow.MaxResolution:2048]]
[2020.10.18-17.18.51:808][  0]LogConfig: Setting CVar [[r.Shadow.MaxCSMResolution:2048]]
[2020.10.18-17.18.51:808][  0]LogConfig: Setting CVar [[r.Shadow.RadiusThreshold:0.01]]
[2020.10.18-17.18.51:808][  0]LogConfig: Setting CVar [[r.Shadow.DistanceScale:1.0]]
[2020.10.18-17.18.51:808][  0]LogConfig: Setting CVar [[r.Shadow.CSM.TransitionScale:1.0]]
[2020.10.18-17.18.51:808][  0]LogConfig: Setting CVar [[r.Shadow.PreShadowResolutionFactor:1.0]]
[2020.10.18-17.18.51:808][  0]LogConfig: Setting CVar [[r.DistanceFieldShadowing:1]]
[2020.10.18-17.18.51:808][  0]LogConfig: Setting CVar [[r.DistanceFieldAO:1]]
[2020.10.18-17.18.51:808][  0]LogConfig: Setting CVar [[r.AOQuality:2]]
[2020.10.18-17.18.51:808][  0]LogConfig: Setting CVar [[r.VolumetricFog:1]]
[2020.10.18-17.18.51:808][  0]LogConfig: Setting CVar [[r.VolumetricFog.GridPixelSize:8]]
[2020.10.18-17.18.51:808][  0]LogConfig: Setting CVar [[r.VolumetricFog.GridSizeZ:128]]
[2020.10.18-17.18.51:808][  0]LogConfig: Setting CVar [[r.VolumetricFog.HistoryMissSupersampleCount:4]]
[2020.10.18-17.18.51:808][  0]LogConfig: Setting CVar [[r.LightMaxDrawDistanceScale:1]]
[2020.10.18-17.18.51:808][  0]LogConfig: Setting CVar [[r.CapsuleShadows:1]]
[2020.10.18-17.18.51:808][  0]LogConfig: Applying CVar settings from Section [PostProcessQuality@3] File [C:/Users/jake9/Documents/Unreal Projects/FPSMultiplayerTemplate3/GameTestZone/Saved/Config/Windows/Scalability.ini]
[2020.10.18-17.18.51:808][  0]LogConfig: Setting CVar [[r.MotionBlurQuality:4]]
[2020.10.18-17.18.51:808][  0]LogConfig: Setting CVar [[r.AmbientOcclusionMipLevelFactor:0.4]]
[2020.10.18-17.18.51:808][  0]LogConfig: Setting CVar [[r.AmbientOcclusionMaxQuality:100]]
[2020.10.18-17.18.51:808][  0]LogConfig: Setting CVar [[r.AmbientOcclusionLevels:-1]]
[2020.10.18-17.18.51:808][  0]LogConfig: Setting CVar [[r.AmbientOcclusionRadiusScale:1.0]]
[2020.10.18-17.18.51:808][  0]LogConfig: Setting CVar [[r.DepthOfFieldQuality:2]]
[2020.10.18-17.18.51:808][  0]LogConfig: Setting CVar [[r.RenderTargetPoolMin:400]]
[2020.10.18-17.18.51:808][  0]LogConfig: Setting CVar [[r.LensFlareQuality:2]]
[2020.10.18-17.18.51:808][  0]LogConfig: Setting CVar [[r.SceneColorFringeQuality:1]]
[2020.10.18-17.18.51:808][  0]LogConfig: Setting CVar [[r.EyeAdaptationQuality:2]]
[2020.10.18-17.18.51:808][  0]LogConfig: Setting CVar [[r.BloomQuality:5]]
[2020.10.18-17.18.51:808][  0]LogConfig: Setting CVar [[r.FastBlurThreshold:100]]
[2020.10.18-17.18.51:808][  0]LogConfig: Setting CVar [[r.Upscale.Quality:3]]
[2020.10.18-17.18.51:808][  0]LogConfig: Setting CVar [[r.Tonemapper.GrainQuantization:1]]
[2020.10.18-17.18.51:808][  0]LogConfig: Setting CVar [[r.LightShaftQuality:1]]
[2020.10.18-17.18.51:808][  0]LogConfig: Setting CVar [[r.Filter.SizeScale:1]]
[2020.10.18-17.18.51:808][  0]LogConfig: Setting CVar [[r.Tonemapper.Quality:5]]
[2020.10.18-17.18.51:808][  0]LogConfig: Setting CVar [[r.DOF.Gather.AccumulatorQuality:1        ; higher gathering accumulator quality]]
[2020.10.18-17.18.51:808][  0]LogConfig: Setting CVar [[r.DOF.Gather.PostfilterMethod:1          ; Median3x3 postfilering method]]
[2020.10.18-17.18.51:808][  0]LogConfig: Setting CVar [[r.DOF.Gather.EnableBokehSettings:0       ; no bokeh simulation when gathering]]
[2020.10.18-17.18.51:808][  0]LogConfig: Setting CVar [[r.DOF.Gather.RingCount:4                 ; medium number of samples when gathering]]
[2020.10.18-17.18.51:808][  0]LogConfig: Setting CVar [[r.DOF.Scatter.ForegroundCompositing:1    ; additive foreground scattering]]
[2020.10.18-17.18.51:808][  0]LogConfig: Setting CVar [[r.DOF.Scatter.BackgroundCompositing:2    ; additive background scattering]]
[2020.10.18-17.18.51:808][  0]LogConfig: Setting CVar [[r.DOF.Scatter.EnableBokehSettings:1      ; bokeh simulation when scattering]]
[2020.10.18-17.18.51:808][  0]LogConfig: Setting CVar [[r.DOF.Scatter.MaxSpriteRatio:0.1         ; only a maximum of 10% of scattered bokeh]]
[2020.10.18-17.18.51:808][  0]LogConfig: Setting CVar [[r.DOF.Recombine.Quality:1                ; cheap slight out of focus]]
[2020.10.18-17.18.51:808][  0]LogConfig: Setting CVar [[r.DOF.Recombine.EnableBokehSettings:0    ; no bokeh simulation on slight out of focus]]
[2020.10.18-17.18.51:808][  0]LogConfig: Setting CVar [[r.DOF.TemporalAAQuality:1                ; more stable temporal accumulation]]
[2020.10.18-17.18.51:808][  0]LogConfig: Setting CVar [[r.DOF.Kernel.MaxForegroundRadius:0.025]]
[2020.10.18-17.18.51:808][  0]LogConfig: Setting CVar [[r.DOF.Kernel.MaxBackgroundRadius:0.025]]
[2020.10.18-17.18.51:808][  0]LogConfig: Applying CVar settings from Section [TextureQuality@3] File [C:/Users/jake9/Documents/Unreal Projects/FPSMultiplayerTemplate3/GameTestZone/Saved/Config/Windows/Scalability.ini]
[2020.10.18-17.18.51:808][  0]LogConfig: Setting CVar [[r.Streaming.MipBias:0]]
[2020.10.18-17.18.51:808][  0]LogConfig: Setting CVar [[r.Streaming.AmortizeCPUToGPUCopy:0]]
[2020.10.18-17.18.51:808][  0]LogConfig: Setting CVar [[r.Streaming.MaxNumTexturesToStreamPerFrame:0]]
[2020.10.18-17.18.51:808][  0]LogConfig: Setting CVar [[r.Streaming.Boost:1]]
[2020.10.18-17.18.51:808][  0]LogConfig: Setting CVar [[r.MaxAnisotropy:8]]
[2020.10.18-17.18.51:808][  0]LogConfig: Setting CVar [[r.VT.MaxAnisotropy:8]]
[2020.10.18-17.18.51:808][  0]LogConfig: Setting CVar [[r.Streaming.LimitPoolSizeToVRAM:0]]
[2020.10.18-17.18.51:808][  0]LogConfig: Setting CVar [[r.Streaming.PoolSize:1000]]
[2020.10.18-17.18.51:808][  0]LogConfig: Setting CVar [[r.Streaming.MaxEffectiveScreenSize:0]]
[2020.10.18-17.18.51:808][  0]LogConfig: Applying CVar settings from Section [EffectsQuality@3] File [C:/Users/jake9/Documents/Unreal Projects/FPSMultiplayerTemplate3/GameTestZone/Saved/Config/Windows/Scalability.ini]
[2020.10.18-17.18.51:808][  0]LogConfig: Setting CVar [[r.TranslucencyLightingVolumeDim:64]]
[2020.10.18-17.18.51:808][  0]LogConfig: Setting CVar [[r.RefractionQuality:2]]
[2020.10.18-17.18.51:808][  0]LogConfig: Setting CVar [[r.SSR.Quality:3]]
[2020.10.18-17.18.51:808][  0]LogConfig: Setting CVar [[r.SSR.HalfResSceneColor:0]]
[2020.10.18-17.18.51:808][  0]LogConfig: Setting CVar [[r.SceneColorFormat:4]]
[2020.10.18-17.18.51:808][  0]LogConfig: Setting CVar [[r.DetailMode:2]]
[2020.10.18-17.18.51:808][  0]LogConfig: Setting CVar [[r.TranslucencyVolumeBlur:1]]
[2020.10.18-17.18.51:808][  0]LogConfig: Setting CVar [[r.MaterialQualityLevel:1 ; High quality]]
[2020.10.18-17.18.51:808][  0]LogConfig: Setting CVar [[r.SSS.Scale:1]]
[2020.10.18-17.18.51:808][  0]LogConfig: Setting CVar [[r.SSS.SampleSet:2]]
[2020.10.18-17.18.51:808][  0]LogConfig: Setting CVar [[r.SSS.Quality:1]]
[2020.10.18-17.18.51:808][  0]LogConfig: Setting CVar [[r.SSS.HalfRes:0]]
[2020.10.18-17.18.51:808][  0]LogConfig: Setting CVar [[r.SSGI.Quality:3]]
[2020.10.18-17.18.51:808][  0]LogConfig: Setting CVar [[r.EmitterSpawnRateScale:1.0]]
[2020.10.18-17.18.51:808][  0]LogConfig: Setting CVar [[r.ParticleLightQuality:2]]
[2020.10.18-17.18.51:808][  0]LogConfig: Setting CVar [[r.SkyAtmosphere.AerialPerspectiveLUT.FastApplyOnOpaque:1 ; Always have FastSkyLUT 1 in this case to avoid wrong sky]]
[2020.10.18-17.18.51:808][  0]LogConfig: Setting CVar [[r.SkyAtmosphere.AerialPerspectiveLUT.SampleCountPerSlice:1]]
[2020.10.18-17.18.51:808][  0]LogConfig: Setting CVar [[r.SkyAtmosphere.AerialPerspectiveLUT.DepthResolution:16.0]]
[2020.10.18-17.18.51:808][  0]LogConfig: Setting CVar [[r.SkyAtmosphere.FastSkyLUT:1]]
[2020.10.18-17.18.51:808][  0]LogConfig: Setting CVar [[r.SkyAtmosphere.FastSkyLUT.SampleCountMin:4.0]]
[2020.10.18-17.18.51:808][  0]LogConfig: Setting CVar [[r.SkyAtmosphere.FastSkyLUT.SampleCountMax:32.0]]
[2020.10.18-17.18.51:808][  0]LogConfig: Setting CVar [[r.SkyAtmosphere.SampleCountMin:4.0]]
[2020.10.18-17.18.51:808][  0]LogConfig: Setting CVar [[r.SkyAtmosphere.SampleCountMax:32.0]]
[2020.10.18-17.18.51:808][  0]LogConfig: Setting CVar [[r.SkyAtmosphere.TransmittanceLUT.UseSmallFormat:0]]
[2020.10.18-17.18.51:808][  0]LogConfig: Setting CVar [[r.SkyAtmosphere.TransmittanceLUT.SampleCount:10.0]]
[2020.10.18-17.18.51:808][  0]LogConfig: Setting CVar [[r.SkyAtmosphere.MultiScatteringLUT.SampleCount:15.0]]
[2020.10.18-17.18.51:808][  0]LogConfig: Applying CVar settings from Section [FoliageQuality@3] File [C:/Users/jake9/Documents/Unreal Projects/FPSMultiplayerTemplate3/GameTestZone/Saved/Config/Windows/Scalability.ini]
[2020.10.18-17.18.51:808][  0]LogConfig: Setting CVar [[foliage.DensityScale:1.0]]
[2020.10.18-17.18.51:808][  0]LogConfig: Setting CVar [[grass.DensityScale:1.0]]
[2020.10.18-17.18.51:808][  0]LogConfig: Applying CVar settings from Section [ShadingQuality@3] File [C:/Users/jake9/Documents/Unreal Projects/FPSMultiplayerTemplate3/GameTestZone/Saved/Config/Windows/Scalability.ini]
[2020.10.18-17.18.51:808][  0]LogConfig: Setting CVar [[r.HairStrands.SkyLighting.SampleCount:16]]
[2020.10.18-17.18.51:809][  0]LogConfig: Setting CVar [[r.HairStrands.SkyLighting.JitterIntegration:0]]
[2020.10.18-17.18.51:809][  0]LogConfig: Setting CVar [[r.HairStrands.SkyAO.SampleCount:16]]
[2020.10.18-17.18.51:809][  0]LogConfig: Setting CVar [[r.HairStrands.DeepShadow.SuperSampling:0]]
[2020.10.18-17.18.51:809][  0]LogConfig: Setting CVar [[r.HairStrands.VisibilityPPLL:0]]
[2020.10.18-17.18.51:809][  0]LogConfig: Setting CVar [[r.HairStrands.RasterizationScale:0.5]]
[2020.10.18-17.18.51:809][  0]LogConfig: Setting CVar [[r.HairStrands.VelocityRasterizationScale:1]]
[2020.10.18-17.18.51:809][  0]LogConfig: Applying CVar settings from Section [Startup] File [../../../Engine/Config/ConsoleVariables.ini]
[2020.10.18-17.18.51:814][  0]LogConfig: Setting CVar [[net.UseAdaptiveNetUpdateFrequency:0]]
[2020.10.18-17.18.51:814][  0]LogConfig: Setting CVar [[p.chaos.AllowCreatePhysxBodies:1]]
[2020.10.18-17.18.51:814][  0]LogConfig: Setting CVar [[fx.SkipVectorVMBackendOptimizations:1]]
[2020.10.18-17.18.51:814][  0]LogConfig: Applying CVar settings from Section [ConsoleVariables] File [C:/Users/jake9/Documents/Unreal Projects/FPSMultiplayerTemplate3/GameTestZone/Saved/Config/Windows/Engine.ini]
[2020.10.18-17.18.51:814][  0]LogInit: Computer: DESKTOP-78DOOSV
[2020.10.18-17.18.51:814][  0]LogInit: User: jake9
[2020.10.18-17.18.51:814][  0]LogInit: CPU Page size=4096, Cores=6
[2020.10.18-17.18.51:814][  0]LogInit: High frequency timer resolution =10.000000 MHz
[2020.10.18-17.18.51:814][  0]LogMemory: Memory total: Physical=16.0GB (16GB approx)
[2020.10.18-17.18.51:814][  0]LogMemory: Platform Memory Stats for Windows
[2020.10.18-17.18.51:814][  0]LogMemory: Process Physical Memory: 118.68 MB used, 118.68 MB peak
[2020.10.18-17.18.51:814][  0]LogMemory: Process Virtual Memory: 97.04 MB used, 97.04 MB peak
[2020.10.18-17.18.51:814][  0]LogMemory: Physical Memory: 9509.06 MB used,  6824.27 MB free, 16333.33 MB total
[2020.10.18-17.18.51:814][  0]LogMemory: Virtual Memory: 5166.84 MB used,  134212560.00 MB free, 134217728.00 MB total
[2020.10.18-17.18.51:822][  0]LogWindows: WindowsPlatformFeatures enabled
[2020.10.18-17.18.52:079][  0]LogInit: Physics initialised using underlying interface: PhysX
[2020.10.18-17.18.52:082][  0]LogInit: Using OS detected language (en-US).
[2020.10.18-17.18.52:082][  0]LogInit: Using OS detected locale (en-US).
[2020.10.18-17.18.52:103][  0]LogTextLocalizationManager: No specific localization for 'en-US' exists, so the 'en' localization will be used.
[2020.10.18-17.18.52:388][  0]LogInit: Setting process to per monitor DPI aware
[2020.10.18-17.18.52:472][  0]LogSlate: New Slate User Created.  User Index 0, Is Virtual User: 0
[2020.10.18-17.18.52:472][  0]LogSlate: Slate User Registered.  User Index 0, Is Virtual User: 0
[2020.10.18-17.18.55:047][  0]LogHMD: Failed to initialize OpenVR with code 110
[2020.10.18-17.18.55:047][  0]LogD3D11RHI: D3D11 min allowed feature level: 11_0
[2020.10.18-17.18.55:047][  0]LogD3D11RHI: D3D11 max allowed feature level: 11_0
[2020.10.18-17.18.55:047][  0]LogD3D11RHI: D3D11 adapters:
[2020.10.18-17.18.55:116][  0]LogD3D11RHI:    0. 'NVIDIA GeForce GTX 1660 SUPER' (Feature Level 11_0)
[2020.10.18-17.18.55:116][  0]LogD3D11RHI:       5991/0/8166 MB DedicatedVideo/DedicatedSystem/SharedSystem, Outputs:2, VendorId:0x10de
[2020.10.18-17.18.55:119][  0]LogD3D11RHI:    1. 'Microsoft Basic Render Driver' (Feature Level 11_0)
[2020.10.18-17.18.55:119][  0]LogD3D11RHI:       0/0/8166 MB DedicatedVideo/DedicatedSystem/SharedSystem, Outputs:0, VendorId:0x1414
[2020.10.18-17.18.55:119][  0]LogD3D11RHI: Chosen D3D11 Adapter: 0
[2020.10.18-17.18.55:128][  0]LogD3D11RHI: Creating new Direct3DDevice
[2020.10.18-17.18.55:128][  0]LogD3D11RHI:     GPU DeviceId: 0x21c4 (for the marketing name, search the web for "GPU Device Id")
[2020.10.18-17.18.55:128][  0]LogWindows: EnumDisplayDevices:
[2020.10.18-17.18.55:129][  0]LogWindows:    0. 'NVIDIA GeForce GTX 1660 SUPER' (P:1 D:1)
[2020.10.18-17.18.55:129][  0]LogWindows:    1. 'NVIDIA GeForce GTX 1660 SUPER' (P:0 D:1)
[2020.10.18-17.18.55:129][  0]LogWindows:    2. 'NVIDIA GeForce GTX 1660 SUPER' (P:0 D:0)
[2020.10.18-17.18.55:129][  0]LogWindows:    3. 'NVIDIA GeForce GTX 1660 SUPER' (P:0 D:0)
[2020.10.18-17.18.55:129][  0]LogWindows: DebugString: FoundDriverCount:4 
[2020.10.18-17.18.55:129][  0]LogD3D11RHI:     Adapter Name: NVIDIA GeForce GTX 1660 SUPER
[2020.10.18-17.18.55:130][  0]LogD3D11RHI:   Driver Version: 456.38 (internal:27.21.14.5638, unified:456.38)
[2020.10.18-17.18.55:130][  0]LogD3D11RHI:      Driver Date: 9-14-2020
[2020.10.18-17.18.55:130][  0]LogRHI: Texture pool is 4193 MB (70% of 5991 MB)
[2020.10.18-17.18.55:177][  0]LogD3D11RHI: RHI has support for 64 bit atomics
[2020.10.18-17.18.55:179][  0]LogD3D11RHI: [Aftermath] Enabled and primed
[2020.10.18-17.18.55:179][  0]LogD3D11RHI: Async texture creation enabled
[2020.10.18-17.18.55:179][  0]LogD3D11RHI: Array index from any shader is supported
[2020.10.18-17.18.55:248][  0]LogD3D11RHI: GPU Timing Frequency: 1000.000000 (Debug: 2 1)
[2020.10.18-17.18.55:927][  0]LogTargetPlatformManager: Display: Loaded TargetPlatform 'AllDesktop'
[2020.10.18-17.18.55:952][  0]LogTargetPlatformManager: Display: Loaded TargetPlatform 'Android'
[2020.10.18-17.18.55:952][  0]LogTargetPlatformManager: Display: Loaded TargetPlatform 'Android_ASTC'
[2020.10.18-17.18.55:952][  0]LogTargetPlatformManager: Display: Loaded TargetPlatform 'Android_DXT'
[2020.10.18-17.18.55:952][  0]LogTargetPlatformManager: Display: Loaded TargetPlatform 'Android_ETC2'
[2020.10.18-17.18.55:952][  0]LogTargetPlatformManager: Display: Loaded TargetPlatform 'AndroidClient'
[2020.10.18-17.18.55:952][  0]LogTargetPlatformManager: Display: Loaded TargetPlatform 'Android_ASTCClient'
[2020.10.18-17.18.55:952][  0]LogTargetPlatformManager: Display: Loaded TargetPlatform 'Android_DXTClient'
[2020.10.18-17.18.55:952][  0]LogTargetPlatformManager: Display: Loaded TargetPlatform 'Android_ETC2Client'
[2020.10.18-17.18.55:952][  0]LogTargetPlatformManager: Display: Loaded TargetPlatform 'Android_Multi'
[2020.10.18-17.18.55:952][  0]LogTargetPlatformManager: Display: Loaded TargetPlatform 'Android_MultiClient'
[2020.10.18-17.18.55:992][  0]LogTargetPlatformManager: Display: Loaded TargetPlatform 'IOSClient'
[2020.10.18-17.18.55:992][  0]LogTargetPlatformManager: Display: Loaded TargetPlatform 'IOS'
[2020.10.18-17.18.56:014][  0]LogTargetPlatformManager: Display: Loaded TargetPlatform 'Linux'
[2020.10.18-17.18.56:025][  0]LogTargetPlatformManager: Display: Loaded TargetPlatform 'LinuxNoEditor'
[2020.10.18-17.18.56:037][  0]LogTargetPlatformManager: Display: Loaded TargetPlatform 'LinuxClient'
[2020.10.18-17.18.56:049][  0]LogTargetPlatformManager: Display: Loaded TargetPlatform 'LinuxServer'
[2020.10.18-17.18.56:061][  0]LogTargetPlatformManager: Display: Loaded TargetPlatform 'LinuxAArch64NoEditor'
[2020.10.18-17.18.56:072][  0]LogTargetPlatformManager: Display: Loaded TargetPlatform 'LinuxAArch64Client'
[2020.10.18-17.18.56:084][  0]LogTargetPlatformManager: Display: Loaded TargetPlatform 'LinuxAArch64Server'
[2020.10.18-17.18.56:117][  0]LogTargetPlatformManager: Display: Loaded TargetPlatform 'Lumin'
[2020.10.18-17.18.56:117][  0]LogTargetPlatformManager: Display: Loaded TargetPlatform 'LuminClient'
[2020.10.18-17.18.56:136][  0]LogTargetPlatformManager: Display: Loaded TargetPlatform 'TVOSClient'
[2020.10.18-17.18.56:136][  0]LogTargetPlatformManager: Display: Loaded TargetPlatform 'TVOS'
[2020.10.18-17.18.56:148][  0]LogTargetPlatformManager: Display: Loaded TargetPlatform 'WindowsNoEditor'
[2020.10.18-17.18.56:161][  0]LogTargetPlatformManager: Display: Loaded TargetPlatform 'Windows'
[2020.10.18-17.18.56:174][  0]LogTargetPlatformManager: Display: Loaded TargetPlatform 'WindowsClient'
[2020.10.18-17.18.56:185][  0]LogTargetPlatformManager: Display: Loaded TargetPlatform 'WindowsServer'
[2020.10.18-17.18.56:185][  0]LogTargetPlatformManager: Display: Building Assets For Windows
[2020.10.18-17.18.56:234][  0]LogAudioDebug: Display: Lib vorbis DLL was dynamically loaded.
[2020.10.18-17.18.56:378][  0]LogShaderCompilers: Guid format shader working directory is -41 characters bigger than the processId version (../../../../Users/jake9/Documents/Unreal Projects/FPSMultiplayerTemplate3/GameTestZone/Intermediate/Shaders/WorkingDirectory/18416/).
[2020.10.18-17.18.56:378][  0]LogShaderCompilers: Cleaned the shader compiler working directory 'C:/Users/jake9/AppData/Local/Temp/UnrealShaderWorkingDir/6FCB85464725362CAEF72993BBB46F34/'.
[2020.10.18-17.18.56:382][  0]LogXGEController: Cleaning working directory: C:/Users/jake9/AppData/Local/Temp/UnrealXGEWorkingDir/
[2020.10.18-17.18.56:382][  0]LogXGEController: Cannot use XGE Controller as Incredibuild is not installed on this machine.
[2020.10.18-17.18.56:382][  0]LogShaderCompilers: Cannot use XGE Shader Compiler as Incredibuild is not installed on this machine.
[2020.10.18-17.18.56:382][  0]LogShaderCompilers: Display: Using Local Shader Compiler.
[2020.10.18-17.18.59:195][  0]LogDerivedDataCache: Display: Max Cache Size: 512 MB
[2020.10.18-17.18.59:429][  0]LogDerivedDataCache: Loaded boot cache 0.23s 75MB C:/Users/jake9/AppData/Local/UnrealEngine/4.25/DerivedDataCache/Boot.ddc.
[2020.10.18-17.18.59:429][  0]LogDerivedDataCache: Display: Loaded Boot cache: C:/Users/jake9/AppData/Local/UnrealEngine/4.25/DerivedDataCache/Boot.ddc
[2020.10.18-17.18.59:429][  0]LogDerivedDataCache: FDerivedDataBackendGraph:  Pak pak cache file ../../../../Users/jake9/Documents/Unreal Projects/FPSMultiplayerTemplate3/GameTestZone/DerivedDataCache/DDC.ddp not found, will not use a pak cache.
[2020.10.18-17.18.59:429][  0]LogDerivedDataCache: Unable to find inner node Pak for hierarchical cache Hierarchy.
[2020.10.18-17.18.59:429][  0]LogDerivedDataCache: FDerivedDataBackendGraph:  CompressedPak pak cache file ../../../../Users/jake9/Documents/Unreal Projects/FPSMultiplayerTemplate3/GameTestZone/DerivedDataCache/Compressed.ddp not found, will not use a pak cache.
[2020.10.18-17.18.59:429][  0]LogDerivedDataCache: Unable to find inner node CompressedPak for hierarchical cache Hierarchy.
[2020.10.18-17.18.59:479][  0]LogDerivedDataCache: Display: Pak cache opened for reading ../../../Engine/DerivedDataCache/Compressed.ddp.
[2020.10.18-17.18.59:479][  0]LogDerivedDataCache: FDerivedDataBackendGraph:  EnterprisePak pak cache file ../../../Enterprise/DerivedDataCache/Compressed.ddp not found, will not use a pak cache.
[2020.10.18-17.18.59:479][  0]LogDerivedDataCache: Unable to find inner node EnterprisePak for hierarchical cache Hierarchy.
[2020.10.18-17.18.59:481][  0]LogDerivedDataCache: Using Local data cache path C:/Users/jake9/AppData/Local/UnrealEngine/Common/DerivedDataCache: Writable
[2020.10.18-17.18.59:481][  0]LogDerivedDataCache: Shared data cache path not found in *engine.ini, will not use an Shared cache.
[2020.10.18-17.18.59:481][  0]LogDerivedDataCache: Unable to find inner node Shared for hierarchical cache Hierarchy.
[2020.10.18-17.18.59:535][  0]LogSlate: Using FreeType 2.10.0
[2020.10.18-17.18.59:552][  0]LogSlate: SlateFontServices - WITH_FREETYPE: 1, WITH_HARFBUZZ: 1
[2020.10.18-17.18.59:595][  0]LogAssetRegistry: FAssetRegistry took 0.0057 seconds to start up
[2020.10.18-17.19.00:206][  0]LogInit: Selected Device Profile: [Windows]
[2020.10.18-17.19.00:515][  0]LogMeshReduction: Using QuadricMeshReduction for automatic static mesh reduction
[2020.10.18-17.19.00:515][  0]LogMeshReduction: Using SimplygonMeshReduction for automatic skeletal mesh reduction
[2020.10.18-17.19.00:515][  0]LogMeshReduction: Using ProxyLODMeshReduction for automatic mesh merging
[2020.10.18-17.19.00:515][  0]LogMeshReduction: No distributed automatic mesh merging module available
[2020.10.18-17.19.00:516][  0]LogMeshMerging: No distributed automatic mesh merging module available
[2020.10.18-17.19.00:605][  0]LogNetVersion: FPSMultiplayerTemplate3 1.0.0, NetCL: 13144385, EngineNetVer: 14, GameNetVer: 0 (Checksum: 1939266206)
[2020.10.18-17.19.01:763][  0]LogAISub: UAISubsystem::UAISubsystem AISubsystem (00000179BDF2E980), frame # 0
[2020.10.18-17.19.01:763][  0]LogAISub: UAISubsystem::UAISubsystem AIPerceptionSystem (00000179BDD8FC40), frame # 0
[2020.10.18-17.19.01:770][  0]LogAISub: UAISubsystem::UAISubsystem EnvQueryManager (00000179BDDF9E00), frame # 0
[2020.10.18-17.19.01:847][  0]LogPackageLocalizationCache: Processed 19 localized package path(s) for 1 prioritized culture(s) in 0.039299 seconds
[2020.10.18-17.19.01:854][  0]LogUObjectArray: 15925 objects as part of root set at end of initial load.
[2020.10.18-17.19.01:854][  0]LogUObjectAllocator: 3977056 out of 0 bytes used by permanent object pool.
[2020.10.18-17.19.01:854][  0]LogUObjectArray: CloseDisregardForGC: 0/0 objects in disregard for GC pool
[2020.10.18-17.19.02:770][  0]LogTcpMessaging: Initializing TcpMessaging bridge
[2020.10.18-17.19.02:816][  0]LogUdpMessaging: Initializing bridge on interface 0.0.0.0:0 to multicast group 230.0.0.1:6666.
[2020.10.18-17.19.02:927][  0]LogLinker: Warning: Failed to load '/Game/ThirdPersonBP/ThirdPersonOverview': Can't find file.
[2020.10.18-17.19.02:927][  0]LogLinker: Warning: Failed to load '/Game/ThirdPersonBP/ThirdPersonOverview': Can't find file.
[2020.10.18-17.19.02:928][  0]LogUObjectGlobals: Warning: Failed to find object 'Class /Game/ThirdPersonBP/ThirdPersonOverview.ThirdPersonOverview_C'
[2020.10.18-17.19.02:997][  0]SourceControl: Source control is disabled
[2020.10.18-17.19.02:998][  0]SourceControl: Source control is disabled
[2020.10.18-17.19.03:012][  0]SourceControl: Source control is disabled
[2020.10.18-17.19.03:019][  0]SourceControl: Source control is disabled
[2020.10.18-17.19.03:031][  0]SourceControl: Source control is disabled
[2020.10.18-17.19.03:554][  0]LogAndroidPermission: UAndroidPermissionCallbackProxy::GetInstance
[2020.10.18-17.19.03:584][  0]LogAudioCaptureCore: Display: No Audio Capture implementations found. Audio input will be silent.
[2020.10.18-17.19.03:584][  0]LogAudioCaptureCore: Display: No Audio Capture implementations found. Audio input will be silent.
[2020.10.18-17.19.03:680][  0]LogOcInput: OculusInput pre-init called
[2020.10.18-17.19.03:697][  0]LogWindows: Failed to load 'OVRPlugin.dll' (GetLastError=126)
[2020.10.18-17.19.03:697][  0]LogWindows: File 'OVRPlugin.dll' does not exist
[2020.10.18-17.19.03:882][  0]LogEngine: Initializing Engine...
[2020.10.18-17.19.03:886][  0]LogHMD: Failed to initialize OpenVR with code 110
[2020.10.18-17.19.03:886][  0]LogMagicLeap: Warning: VR disabled because ZI is not enabled.  To enable, in the editor, Edit -> Project Settings -> Plugins -> Magic Leap Plugin -> Enable Zero Iteration
[2020.10.18-17.19.03:890][  0]LogStats: UGameplayTagsManager::InitializeManager -  0.001 s
[2020.10.18-17.19.04:009][  0]LogInit: Initializing FReadOnlyCVARCache
[2020.10.18-17.19.04:076][  0]LogAIModule: Creating AISystem for world Untitled
[2020.10.18-17.19.04:076][  0]LogAISub: UAISubsystem::UAISubsystem EnvQueryManager (00000179C4B7BC00), frame # 0
[2020.10.18-17.19.04:077][  0]LogAISub: UAISubsystem::UAISubsystem AIPerceptionSystem (00000179C4BCE980), frame # 0
[2020.10.18-17.19.04:104][  0]LogAudioMixer: Display: Audio Mixer Platform Settings:
[2020.10.18-17.19.04:104][  0]LogAudioMixer: Display: 	Sample Rate:						  48000
[2020.10.18-17.19.04:104][  0]LogAudioMixer: Display: 	Callback Buffer Frame Size Requested: 1024
[2020.10.18-17.19.04:104][  0]LogAudioMixer: Display: 	Callback Buffer Frame Size To Use:	  1024
[2020.10.18-17.19.04:104][  0]LogAudioMixer: Display: 	Number of buffers to queue:			  2
[2020.10.18-17.19.04:104][  0]LogAudioMixer: Display: 	Max Channels (voices):				  32
[2020.10.18-17.19.04:104][  0]LogAudioMixer: Display: 	Number of Async Source Workers:		  0
[2020.10.18-17.19.04:104][  0]LogAudio: Display: AudioDevice MaxSources: 32
[2020.10.18-17.19.04:107][  0]LogAudio: Display: Using built-in audio occlusion.
[2020.10.18-17.19.04:107][  0]LogAudioMixer: Display: Initializing audio mixer.
[2020.10.18-17.19.04:134][  0]LogAudioMixer: Display: 0: FrontLeft
[2020.10.18-17.19.04:134][  0]LogAudioMixer: Display: 1: FrontRight
[2020.10.18-17.19.04:179][  0]LogAudioMixer: Display: Using Audio Device Headset Earphone (Arctis 7 Chat)
[2020.10.18-17.19.04:184][  0]LogAudioMixer: Display: Initializing Sound Submixes...
[2020.10.18-17.19.04:185][  0]LogAudioMixer: Display: Creating Master Submix 'MasterSubmixDefault'
[2020.10.18-17.19.04:185][  0]LogAudioMixer: Display: Creating Master Submix 'MasterReverbSubmixDefault'
[2020.10.18-17.19.04:187][  0]LogAudioMixer: Display: Creating Master Submix 'MasterEQSubmixDefault'
[2020.10.18-17.19.04:188][  0]LogInit: FAudioDevice initialized.
[2020.10.18-17.19.04:190][  0]LogNetVersion: Set ProjectVersion to 3.3.1.0. Version Checksum will be recalculated on next use.
[2020.10.18-17.19.04:268][  0]LogDerivedDataCache: Saved boot cache 0.08s 75MB C:/Users/jake9/AppData/Local/UnrealEngine/4.25/DerivedDataCache/Boot.ddc.
[2020.10.18-17.19.04:272][  0]LogInit: Texture streaming: Enabled
[2020.10.18-17.19.04:454][  0]LogEngineSessionManager: EngineSessionManager initialized
[2020.10.18-17.19.04:454][  0]LogEditorSessionSummary: Verbose: Initializing EditorSessionSummaryWriter for editor session tracking
[2020.10.18-17.19.04:472][  0]LogEditorSessionSummary: EditorSessionSummaryWriter initialized
[2020.10.18-17.19.04:682][  0]LogInit: Transaction tracking system initialized
[2020.10.18-17.19.04:998][  0]BlueprintLog: New page: Editor Load
[2020.10.18-17.19.05:186][  0]LocalizationService: Localization service is disabled
[2020.10.18-17.19.05:550][  0]LogCook: Display: Max memory allowance for cook 16384mb min free memory 0mb
[2020.10.18-17.19.05:550][  0]LogCook: Display: Mobile HDR setting 1
[2020.10.18-17.19.05:630][  0]LogFileCache: Scanning file cache for directory 'C:/Users/jake9/Documents/Unreal Projects/FPSMultiplayerTemplate3/GameTestZone/Content/' took 0.01s
[2020.10.18-17.19.05:630][  0]LogLinker: Warning: While loading '../../../Engine/Content/BasicShapes/Cube.uasset' failed to load '/Game/StarterContent/Materials/M_Metal_Gold': Can't find file.
[2020.10.18-17.19.05:630][  0]LogLinker: Warning: While loading '../../../Engine/Content/BasicShapes/Cube.uasset' failed to load '/Game/StarterContent/Materials/M_Metal_Gold': Can't find file.
[2020.10.18-17.19.05:630][  0]LogLinker: Warning: While loading '../../../Engine/Content/BasicShapes/Cube.uasset' failed to load '/Game/StarterContent/Materials/M_Metal_Gold': Can't find file.
[2020.10.18-17.19.05:630][  0]LogLinker: Warning: While loading '../../../Engine/Content/BasicShapes/Cube.uasset' failed to load '/Game/StarterContent/Materials/M_Metal_Gold': Can't find file.
[2020.10.18-17.19.05:631][  0]LogLinker: Warning: While loading '../../../Engine/Content/BasicShapes/Cube.uasset' failed to load '/Game/StarterContent/Materials/M_Metal_Gold': Can't find file.
[2020.10.18-17.19.05:631][  0]LoadErrors: Failed to load /Game/StarterContent/Materials/M_Metal_Gold.M_Metal_Gold Referenced by Cube
[2020.10.18-17.19.05:631][  0]LogLinker: Warning: While loading '../../../Engine/Content/BasicShapes/Cube.uasset' failed to load '/Game/StarterContent/Materials/M_Metal_Gold': Can't find file.
[2020.10.18-17.19.05:631][  0]LoadErrors: Failed to load /Game/StarterContent/Materials/M_Metal_Gold.M_Metal_Gold Referenced by Cube
[2020.10.18-17.19.05:632][  0]LogLinker: Warning: While loading '../../../Engine/Content/BasicShapes/Cube.uasset' failed to load '/Game/StarterContent/Materials/M_Metal_Gold': Can't find file.
[2020.10.18-17.19.05:632][  0]LoadErrors: Failed to load /Game/StarterContent/Materials/M_Metal_Gold.M_Metal_Gold Referenced by Cube
[2020.10.18-17.19.05:633][  0]LogLinker: Warning: While loading '../../../Engine/Content/BasicShapes/Cube.uasset' failed to load '/Game/StarterContent/Materials/M_Metal_Gold': Can't find file.
[2020.10.18-17.19.05:633][  0]LoadErrors: Failed to load /Game/StarterContent/Materials/M_Metal_Gold.M_Metal_Gold Referenced by Cube
[2020.10.18-17.19.06:041][  0]SourceControl: Source control is disabled
[2020.10.18-17.19.06:041][  0]LogUnrealEdMisc: Loading editor; pre map load, took 19.957
[2020.10.18-17.19.06:044][  0]Cmd: MAP LOAD FILE="../../../../Users/jake9/Documents/Unreal Projects/FPSMultiplayerTemplate3/GameTestZone/Content/FPS/Levels/Rush.umap" TEMPLATE=0 SHOWPROGRESS=1 FEATURELEVEL=3
[2020.10.18-17.19.06:047][  0]LightingResults: New page: Lighting Build
[2020.10.18-17.19.06:060][  0]LogWorld: UWorld::CleanupWorld for Untitled, bSessionEnded=true, bCleanupResources=true
[2020.10.18-17.19.06:062][  0]LogSlate: InvalidateAllWidgets triggered.  All widgets were invalidated
[2020.10.18-17.19.06:064][  0]MapCheck: New page: Map Check
[2020.10.18-17.19.06:064][  0]LightingResults: New page: Lighting Build
[2020.10.18-17.19.06:105][  0]LogAISub: UAISubsystem::~UAISubsystem EnvQueryManager (00000179C4B7BC00), frame # 0
[2020.10.18-17.19.06:106][  0]LogAISub: UAISubsystem::~UAISubsystem AIPerceptionSystem (00000179C4BCE980), frame # 0
[2020.10.18-17.19.06:107][  0]LogUObjectHash: Compacting FUObjectHashTables data took   0.71ms
[2020.10.18-17.19.10:885][  0]LogTexture: Display: Building textures: UE4_Mannequin_occlusion_Mobile (DXT1, 512X512)
[2020.10.18-17.19.10:885][  0]LogTexture: Display: Building textures: UE4_Mannequin_MAT_MASKA (AutoDXT, 1024X1024)
[2020.10.18-17.19.10:885][  0]LogTexture: Display: Building textures: F_Key (AutoDXT, 128X128)
[2020.10.18-17.19.10:885][  0]LogTexture: Display: Building textures: Dot (BGRA8, 5X5)
[2020.10.18-17.19.10:885][  0]LogTexture: Display: Building textures: Compass_Marker (BGRA8, 32X33)
[2020.10.18-17.19.10:885][  0]LogTexture: Display: Building textures: C_Icon (AutoDXT, 128X128)
[2020.10.18-17.19.10:885][  0]LogTexture: Display: Building textures: Compass_01 (BGRA8, 3600X62)
[2020.10.18-17.19.10:885][  0]LogTexture: Display: Building textures: DT_Skull_Icon (BGRA8, 240X150)
[2020.10.18-17.19.10:885][  0]LogTexture: Display: Building textures: DT_FragGrenade (BGRA8, 240X150)
[2020.10.18-17.19.10:885][  0]LogTexture: Display: Building textures: Weapon_Icon (BGRA8, 141X60)
[2020.10.18-17.19.10:885][  0]LogTexture: Display: Building textures: UE4_Mannequin__normals (BC5, 2048X2048)
[2020.10.18-17.19.10:885][  0]LogTexture: Display: Building textures: Circle (AutoDXT, 256X256)
[2020.10.18-17.19.10:885][  0]LogTexture: Display: Building textures: SniperImage (BGRA8, 480X270)
[2020.10.18-17.19.10:885][  0]LogTexture: Display: Building textures: AmmoClip_DefaultMaterial_OcclusionRoughnessMetallic (AutoDXT, 1024X1024)
[2020.10.18-17.19.10:885][  0]LogTexture: Display: Building textures: SM_M67_M_M67_BaseColor (AutoDXT, 2048X2048)
[2020.10.18-17.19.10:885][  0]LogTexture: Display: Building textures: SM_M67_M_M67_OcclusionRoughnessMetallic (AutoDXT, 2048X2048)
[2020.10.18-17.19.10:885][  0]LogTexture: Display: Building textures: SM_M67_M_M67_Normal (BC5, 2048X2048)
[2020.10.18-17.19.10:885][  0]LogTexture: Display: Building textures: AmmoClip_DefaultMaterial_Normal (BC5, 1024X1024)
[2020.10.18-17.19.10:885][  0]LogTexture: Display: Building textures: AmmoClip_DefaultMaterial_BaseColor (AutoDXT, 1024X1024)
[2020.10.18-17.19.10:885][  0]LogTexture: Display: Building textures: M9_M_M9_OcclusionRoughnessMetallic (AutoDXT, 2048X2048)
[2020.10.18-17.19.10:885][  0]LogTexture: Display: Building textures: M9_M_M9_BaseColor (AutoDXT, 2048X2048)
[2020.10.18-17.19.10:885][  0]LogTexture: Display: Building textures: M9_M_M9_Normal (BC5, 2048X2048)
[2020.10.18-17.19.10:885][  0]LogTexture: Display: Building textures: MachineGunIcon (BGRA8, 480X270)
[2020.10.18-17.19.10:885][  0]LogTexture: Display: Building textures: CapturePointAIcon (BGRA8, 363X363)
[2020.10.18-17.19.10:905][  0]LogTexture: Display: Building textures: Objective_Icon_01 (AutoDXT, 56X56)
[2020.10.18-17.19.11:168][  0]LogTexture: Display: Building textures: M_DesBarrel_PK (AutoDXT, 1024X1024)
[2020.10.18-17.19.11:168][  0]LogStaticMesh: Building static mesh SM_AmmoBox...
[2020.10.18-17.19.12:495][  0]LogTexture: Display: Building textures: M_DesBarrel_N (BC5, 1024X1024)
[2020.10.18-17.19.12:495][  0]LogTexture: Display: Building textures: M_DesBarrel_BC (AutoDXT, 1024X1024)
[2020.10.18-17.19.12:495][  0]LogTexture: Display: Building textures: SightLens_maskB (AutoDXT, 2048X2048)
[2020.10.18-17.19.12:495][  0]LogTexture: Display: Building textures: SightLens_maskA (AutoDXT, 2048X2048)
[2020.10.18-17.19.12:495][  0]LogTexture: Display: Building textures: MagGun_Display_EM (AutoDXT, 2048X2048)
[2020.10.18-17.19.12:495][  0]LogTexture: Display: Building textures: MagGunT2_section (AutoDXT, 4096X4096)
[2020.10.18-17.19.12:495][  0]LogTexture: Display: Building textures: MagGunT2_shade (AutoDXT, 4096X4096)
[2020.10.18-17.19.12:495][  0]LogTexture: Display: Building textures: MagGun_Decals (AutoDXT, 512X512)
[2020.10.18-17.19.12:495][  0]LogTexture: Display: Building textures: MagGun_02_N (BC5, 4096X4096)
[2020.10.18-17.19.12:495][  0]LogStaticMesh: Built static mesh [1.33s] /Game/FPS/Assets/SM_AmmoBox.SM_AmmoBox
[2020.10.18-17.19.12:616][  0]LogStaticMesh: Building static mesh SM_RushObjective...
[2020.10.18-17.19.12:683][  0]LogStaticMesh: Built static mesh [0.07s] /Game/FPS/Assets/SM_RushObjective.SM_RushObjective
[2020.10.18-17.19.12:774][  0]LogStaticMesh: Building static mesh DestroyedBarrel...
[2020.10.18-17.19.12:870][  0]LogTexture: Display: Building textures: MagGunT1_section (AutoDXT, 4096X4096)
[2020.10.18-17.19.12:870][  0]LogStaticMesh: Built static mesh [0.10s] /Game/FPS/Assets/Barrel/Berrel_Destroyed/DestroyedBarrel.DestroyedBarrel
[2020.10.18-17.19.12:904][  0]LogStaticMesh: Building static mesh PalletsPile_01...
[2020.10.18-17.19.12:937][  0]LogStaticMesh: Built static mesh [0.03s] /Game/FPS/Assets/PalletsPile_01.PalletsPile_01
[2020.10.18-17.19.12:971][  0]LogStaticMesh: Building static mesh SM_Barrel...
[2020.10.18-17.19.13:010][  0]LogStaticMesh: Built static mesh [0.04s] /Game/FPS/Assets/SM_Barrel.SM_Barrel
[2020.10.18-17.19.13:040][  0]LogTexture: Display: Building textures: MagGun_01_N (BC5, 4096X4096)
[2020.10.18-17.19.13:040][  0]LogStaticMesh: Building static mesh SM_Building_01...
[2020.10.18-17.19.13:158][  0]LogTexture: Display: Building textures: MagGunT1_shade (AutoDXT, 4096X4096)
[2020.10.18-17.19.13:158][  0]LogStaticMesh: Built static mesh [0.12s] /Game/FPS/Assets/SM_Building_01.SM_Building_01
[2020.10.18-17.19.13:176][  0]LogStaticMesh: Building static mesh SM_Building_02_...
[2020.10.18-17.19.13:189][  0]LogStaticMesh: Built static mesh [0.01s] /Game/FPS/Assets/SM_Building_02_.SM_Building_02_
[2020.10.18-17.19.13:205][  0]LogStaticMesh: Building static mesh SM_CableRoll...
[2020.10.18-17.19.13:228][  0]LogStaticMesh: Built static mesh [0.02s] /Game/FPS/Assets/SM_CableRoll.SM_CableRoll
[2020.10.18-17.19.13:260][  0]LogStaticMesh: Building static mesh SM_Computer_...
[2020.10.18-17.19.13:307][  0]LogStaticMesh: Built static mesh [0.05s] /Game/FPS/Assets/SM_Computer_.SM_Computer_
[2020.10.18-17.19.13:833][  0]LogStaticMesh: Building static mesh SM_Container...
[2020.10.18-17.19.19:052][  0]LogTexture: Display: Building textures: T_Rubber (AutoDXT, 2048X2048)
[2020.10.18-17.19.19:052][  0]LogTexture: Display: Building textures: T_PaintedMetal02 (AutoDXT, 2048X2048)
[2020.10.18-17.19.19:052][  0]LogTexture: Display: Building textures: T_PaintedMetal01_N (BC5, 2048X2048)
[2020.10.18-17.19.19:052][  0]LogTexture: Display: Building textures: T_Metal_Metal02_D (AutoDXT, 2048X2048)
[2020.10.18-17.19.19:052][  0]LogTexture: Display: Building textures: T_ExampleLayers_Metal02_N (BC5, 2048X2048)
[2020.10.18-17.19.19:052][  0]LogTexture: Display: Building textures: Chr_FPS_Metal_02 (AutoDXT, 2048X2048)
[2020.10.18-17.19.19:052][  0]LogTexture: Display: Building textures: DT_M9 (BGRA8, 240X150)
[2020.10.18-17.19.19:052][  0]LogTexture: Display: Building textures: T_MET_SamaritanBot_Arms_N (BC5, 2048X2048)
[2020.10.18-17.19.19:052][  0]LogTexture: Display: Building textures: T_MET_SamaritanBot_Arms_D (AutoDXT, 2048X2048)
[2020.10.18-17.19.19:052][  0]LogTexture: Display: Building textures: T_MET_SamaritanBot_Body_N (BC5, 2048X2048)
[2020.10.18-17.19.19:052][  0]LogTexture: Display: Building textures: T_MET_SamaritanBot_Body_D (AutoDXT, 2048X2048)
[2020.10.18-17.19.19:052][  0]LogTexture: Display: Building textures: Emissivemask (AutoDXT, 64X64)
[2020.10.18-17.19.19:052][  0]LogTexture: Display: Building textures: SniperScope_01 (AutoDXT, 1920X1080)
[2020.10.18-17.19.19:052][  0]LogTexture: Display: Building textures: HealthIcon_01 (AutoDXT, 128X128)
[2020.10.18-17.19.19:052][  0]LogTexture: Display: Building textures: LowHealthOverlay (AutoDXT, 1024X1024)
[2020.10.18-17.19.19:052][  0]LogTexture: Display: Building textures: HUD_Box_01 (AutoDXT, 256X256)
[2020.10.18-17.19.19:052][  0]LogTexture: Display: Building textures: HitMarker_02 (AutoDXT, 56X56)
[2020.10.18-17.19.19:053][  0]LogTexture: Display: Building textures: B_Icon (AutoDXT, 128X128)
[2020.10.18-17.19.19:053][  0]LogTexture: Display: Building textures: A_Icon (AutoDXT, 128X128)
[2020.10.18-17.19.19:053][  0]LogTexture: Display: Building textures: SpeedAbility (AutoDXT, 128X128)
[2020.10.18-17.19.19:053][  0]LogTexture: Display: Building textures: AbilitiesMine (AutoDXT, 128X128)
[2020.10.18-17.19.19:053][  0]LogTexture: Display: Building textures: AbilitieMedic (AutoDXT, 128X128)
[2020.10.18-17.19.19:053][  0]LogTexture: Display: Building textures: AbilitieJetPack (AutoDXT, 128X128)
[2020.10.18-17.19.19:053][  0]LogTexture: Display: Building textures: M9Image (BGRA8, 225X224)
[2020.10.18-17.19.19:053][  0]LogTexture: Display: Building textures: GlockImage_jpg (BGRA8, 225X224)
[2020.10.18-17.19.19:053][  0]LogTexture: Display: Building textures: TeamBeta (BGRA8, 900X714)
[2020.10.18-17.19.19:053][  0]LogTexture: Display: Building textures: TeamAlphaIcon (BGRA8, 900X714)
[2020.10.18-17.19.19:053][  0]LogTexture: Display: Building textures: SpeedPerk (AutoDXT, 256X256)
[2020.10.18-17.19.19:053][  0]LogTexture: Display: Building textures: HealthPerkIcon (AutoDXT, 256X256)
[2020.10.18-17.19.19:053][  0]LogTexture: Display: Building textures: GrenadePerk (AutoDXT, 256X256)
[2020.10.18-17.19.19:053][  0]LogTexture: Display: Building textures: AmmoPerk (AutoDXT, 256X256)
[2020.10.18-17.19.19:053][  0]LogTexture: Display: Building textures: StickyGrenade (AutoDXT, 256X256)
[2020.10.18-17.19.19:053][  0]LogTexture: Display: Building textures: SmokeGrenade (AutoDXT, 256X256)
[2020.10.18-17.19.19:053][  0]LogTexture: Display: Building textures: FragGrenade (AutoDXT, 256X256)
[2020.10.18-17.19.19:053][  0]LogTexture: Display: Building textures: SupportIcon (AutoDXT, 256X256)
[2020.10.18-17.19.19:053][  0]LogTexture: Display: Building textures: ScoutIcon (AutoDXT, 256X256)
[2020.10.18-17.19.19:053][  0]LogTexture: Display: Building textures: MedicIcon (AutoDXT, 256X256)
[2020.10.18-17.19.19:053][  0]LogTexture: Display: Building textures: AssaultIcon (AutoDXT, 256X256)
[2020.10.18-17.19.19:053][  0]LogTexture: Display: Building textures: ShotgunImage (BGRA8, 480X270)
[2020.10.18-17.19.19:053][  0]LogTexture: Display: Building textures: DamageIndicator_01 (AutoDXT, 512X512)
[2020.10.18-17.19.19:053][  0]LogTexture: Display: Building textures: T_SparkCore_2X2 (BGRA8, 2048X2048)
[2020.10.18-17.19.19:053][  0]LogTexture: Display: Building textures: Flare_02 (BGRA8, 1024X1024)
[2020.10.18-17.19.19:053][  0]LogTexture: Display: Building textures: T_Steam_02_Packed (AutoDXT, 2048X2048)
[2020.10.18-17.19.19:053][  0]LogTexture: Display: Building textures: T_SmokeBall_01_8_8 (AutoDXT, 1024X1024)
[2020.10.18-17.19.19:053][  0]LogStaticMesh: Built static mesh [5.22s] /Game/FPS/Assets/Container/SM_Container.SM_Container
[2020.10.18-17.19.19:127][  0]LogStaticMesh: Building static mesh SM_ElectircBox...
[2020.10.18-17.19.19:143][  0]LogStaticMesh: Built static mesh [0.02s] /Game/FPS/Assets/SM_ElectircBox.SM_ElectircBox
[2020.10.18-17.19.19:196][  0]LogStaticMesh: Building static mesh SM_EscapeGas_Cube_001...
[2020.10.18-17.19.19:212][  0]LogStaticMesh: Built static mesh [0.02s] /Game/FPS/Assets/SM_EscapeGas_Cube_001.SM_EscapeGas_Cube_001
[2020.10.18-17.19.19:220][  0]LogStaticMesh: Building static mesh SM_Furniture_01...
[2020.10.18-17.19.19:241][  0]LogStaticMesh: Built static mesh [0.02s] /Game/FPS/Assets/SM_Furniture_01.SM_Furniture_01
[2020.10.18-17.19.19:258][  0]LogStaticMesh: Building static mesh SM_Lamp...
[2020.10.18-17.19.19:288][  0]LogStaticMesh: Built static mesh [0.03s] /Game/FPS/Assets/SM_Lamp.SM_Lamp
[2020.10.18-17.19.19:300][  0]LogStaticMesh: Building static mesh SM_Pallet_Cube...
[2020.10.18-17.19.19:311][  0]LogStaticMesh: Built static mesh [0.01s] /Game/FPS/Assets/SM_Pallet_Cube.SM_Pallet_Cube
[2020.10.18-17.19.19:317][  0]LogStaticMesh: Building static mesh SM_Small_ElectricBox...
[2020.10.18-17.19.19:331][  0]LogStaticMesh: Built static mesh [0.01s] /Game/FPS/Assets/SM_Small_ElectricBox.SM_Small_ElectricBox
[2020.10.18-17.19.19:343][  0]LogStaticMesh: Building static mesh SM_Tower...
[2020.10.18-17.19.19:388][  0]LogStaticMesh: Built static mesh [0.04s] /Game/FPS/Assets/SM_Tower.SM_Tower
[2020.10.18-17.19.19:397][  0]LogStaticMesh: Building static mesh SM_TrashCan_01...
[2020.10.18-17.19.19:409][  0]LogStaticMesh: Built static mesh [0.01s] /Game/FPS/Assets/SM_TrashCan_01.SM_TrashCan_01
[2020.10.18-17.19.19:435][  0]LogStaticMesh: Building static mesh SM_Warehouse...
[2020.10.18-17.19.19:506][  0]LogStaticMesh: Built static mesh [0.07s] /Game/FPS/Assets/SM_Warehouse.SM_Warehouse
[2020.10.18-17.19.19:749][  0]LogTexture: Display: Building textures: T_Clouds_01 (AutoDXT, 1024X1024)
[2020.10.18-17.19.19:749][  0]LogStaticMesh: Building static mesh SM_WatterTank...
[2020.10.18-17.19.19:807][  0]LogStaticMesh: Built static mesh [0.27s] /Game/FPS/Assets/SM_WatterTank.SM_WatterTank
[2020.10.18-17.19.26:669][  0]LogTexture: Display: Building textures: ThumbnailTexture (DXT1, 512X512)
[2020.10.18-17.19.26:669][  0]LogTexture: Display: Building textures: MuzzleTwo_2048_6x6 (AutoDXT, 2048X2048)
[2020.10.18-17.19.26:669][  0]LogTexture: Display: Building textures: MuzzleSmokeOne_1024_11x11 (AutoDXT, 1024X1024)
[2020.10.18-17.19.26:669][  0]LogTexture: Display: Building textures: ThumbnailTexture (DXT1, 512X512)
[2020.10.18-17.19.26:669][  0]LogTexture: Display: Building textures: T_BloodSplat_03_SubUV (AutoDXT, 1024X1024)
[2020.10.18-17.19.26:669][  0]LogTexture: Display: Building textures: T_BloodSplatter_Frames01 (AutoDXT, 1024X512)
[2020.10.18-17.19.26:669][  0]LogTexture: Display: Building textures: clouds_dust_detail_01 (AutoDXT, 512X512)
[2020.10.18-17.19.26:669][  0]LogTexture: Display: Building textures: ThumbnailTexture (DXT1, 512X512)
[2020.10.18-17.19.26:669][  0]LogTexture: Display: Building textures: T_bullet_hole_2 (AutoDXT, 512X512)
[2020.10.18-17.19.26:669][  0]LogTexture: Display: Building textures: RifleImage (BGRA8, 480X270)
[2020.10.18-17.19.26:669][  0]LogTexture: Display: Building textures: T_SmokeSubUV_8X8_02 (AutoDXT, 2048X2048)
[2020.10.18-17.19.26:669][  0]LogTexture: Display: Building textures: T_TilingNoise03 (AutoDXT, 2048X2048)
[2020.10.18-17.19.26:669][  0]LogTexture: Display: Building textures: Grenade_DefaultMaterial_OcclusionRoughnessMetallic (AutoDXT, 1024X1024)
[2020.10.18-17.19.26:669][  0]LogTexture: Display: Building textures: Grenade_DefaultMaterial_BaseColor (AutoDXT, 1024X1024)
[2020.10.18-17.19.26:669][  0]LogTexture: Display: Building textures: Grenade_DefaultMaterial_Normal (BC5, 1024X1024)
[2020.10.18-17.19.26:669][  0]LogTexture: Display: Building textures: CrossHairGrenade (AutoDXT, 256X256)
[2020.10.18-17.19.26:669][  0]LogTexture: Display: Building textures: CrossHair_Top (AutoDXT, 32X32)
[2020.10.18-17.19.26:669][  0]LogTexture: Display: Building textures: AssaultRifleImage (BGRA8, 480X270)
[2020.10.18-17.19.26:669][  0]LogTexture: Display: Building textures: Skull_Icon_2 (AutoDXT, 200X200)
[2020.10.18-17.19.26:669][  0]LogTexture: Display: Building textures: AllyIcon (AutoDXT, 128X128)
[2020.10.18-17.19.26:669][  0]LogTexture: Display: Building textures: MyArrow (AutoDXT, 64X64)
[2020.10.18-17.19.26:669][  0]LogTexture: Display: Building textures: CapturePointCIcon (BGRA8, 363X363)
[2020.10.18-17.19.26:669][  0]LogTexture: Display: Building textures: CapturePointBIcon (BGRA8, 363X363)
[2020.10.18-17.19.26:669][  0]LogTexture: Display: Building textures: HQ_Lightmap0_1 (AutoDXT, 256X256)
[2020.10.18-17.19.26:669][  0]LogTexture: Display: Building textures: HQ_Lightmap0_2 (AutoDXT, 512X512)
[2020.10.18-17.19.26:669][  0]LogTexture: Display: Building textures: LQ_Lightmap_0_1 (DXT1, 256X256)
[2020.10.18-17.19.26:669][  0]LogTexture: Display: Building textures: LQ_Lightmap_0_2 (DXT1, 512X512)
[2020.10.18-17.19.26:669][  0]LogTexture: Display: Building textures: T_ML_Aluminum01_N (BC5, 512X512)
[2020.10.18-17.19.26:669][  0]LogTexture: Display: Building textures: T_ML_Aluminum01 (DXT1, 512X512)
[2020.10.18-17.19.26:669][  0]LogTexture: Display: Building textures: T_ML_Rubber_Blue_01_N (BC5, 512X512)
[2020.10.18-17.19.26:669][  0]LogTexture: Display: Building textures: T_ML_Rubber_Blue_01_D (DXT1, 512X512)
[2020.10.18-17.19.26:669][  0]LogTexture: Display: Building textures: UE4Man_Logo_N (BC5, 512X512)
[2020.10.18-17.19.26:669][  0]LogSkeletalMesh: Building Skeletal Mesh Rifle...
[2020.10.18-17.19.26:720][  0]LogSkeletalMesh: Built Skeletal Mesh [0.07s] /Game/FPS/Assets/Weapons/Rifle.Rifle
[2020.10.18-17.19.26:726][  0]LogMaterial: Display: Missing cached shader map for material M_UE4Man_Body, compiling. 
